==16552== Memcheck, a memory error detector
==16552== Copyright (C) 2002-2012, and GNU GPL'd, by Julian Seward et al.
==16552== Using Valgrind-3.8.1 and LibVEX; rerun with -h for copyright info
==16552== Command: ./pa01
==16552== Parent PID: 15949
==16552== 
--16552-- 
--16552-- Valgrind options:
--16552--    --tool=memcheck
--16552--    --leak-check=full
--16552--    --verbose
--16552--    --log-file=memcheck.log
--16552-- Contents of /proc/version:
--16552--   Linux version 2.6.32-431.3.1.el6.x86_64 (mockbuild@x86-003.build.bos.redhat.com) (gcc version 4.4.7 20120313 (Red Hat 4.4.7-4) (GCC) ) #1 SMP Fri Dec 13 06:58:20 EST 2013
--16552-- Arch and hwcaps: AMD64, amd64-sse3-cx16
--16552-- Page sizes: currently 4096, max supported 4096
--16552-- Valgrind library directory: /usr/lib64/valgrind
--16552-- Reading syms from /home/shay/b/zhang951/ECE264Assignments/Spring2014/PA01/pa01
--16552-- Reading syms from /usr/lib64/valgrind/memcheck-amd64-linux
--16552--    object doesn't have a dynamic symbol table
--16552-- Reading syms from /lib64/ld-2.12.so
--16552-- Scheduler: using generic scheduler lock implementation.
--16552-- Reading suppressions file: /usr/lib64/valgrind/default.supp
==16552== embedded gdbserver: reading from /tmp/vgdb-pipe-from-vgdb-to-16552-by-zhang951-on-ecelinux33.ecn.purdue.edu
==16552== embedded gdbserver: writing to   /tmp/vgdb-pipe-to-vgdb-from-16552-by-zhang951-on-ecelinux33.ecn.purdue.edu
==16552== embedded gdbserver: shared mem   /tmp/vgdb-pipe-shared-mem-vgdb-16552-by-zhang951-on-ecelinux33.ecn.purdue.edu
==16552== 
==16552== TO CONTROL THIS PROCESS USING vgdb (which you probably
==16552== don't want to do, unless you know exactly what you're doing,
==16552== or are doing some strange experiment):
==16552==   /usr/lib64/valgrind/../../bin/vgdb --pid=16552 ...command...
==16552== 
==16552== TO DEBUG THIS PROCESS USING GDB: start GDB like this
==16552==   /path/to/gdb ./pa01
==16552== and then give GDB the following command
==16552==   target remote | /usr/lib64/valgrind/../../bin/vgdb --pid=16552
==16552== --pid is optional if only one valgrind process is running
==16552== 
--16552-- REDIR: 0x35cfe17530 (strlen) redirected to 0x38049551 (vgPlain_amd64_linux_REDIR_FOR_strlen)
--16552-- Reading syms from /usr/lib64/valgrind/vgpreload_core-amd64-linux.so
--16552-- Reading syms from /usr/lib64/valgrind/vgpreload_memcheck-amd64-linux.so
--16552-- REDIR: 0x35cfe173a0 (index) redirected to 0x4a07bf0 (index)
--16552-- REDIR: 0x35cfe17420 (strcmp) redirected to 0x4a08530 (strcmp)
--16552-- Reading syms from /lib64/libc-2.12.so
--16552-- REDIR: 0x35d0284fb0 (strcasecmp) redirected to 0x480155c (_vgnU_ifunc_wrapper)
--16552-- REDIR: 0x35d0287270 (strncasecmp) redirected to 0x480155c (_vgnU_ifunc_wrapper)
--16552-- REDIR: 0x35d0282f20 (__GI_strrchr) redirected to 0x4a07a70 (__GI_strrchr)
--16552-- REDIR: 0x35d0281440 (__GI_strlen) redirected to 0x4a07f70 (__GI_strlen)
--16552-- REDIR: 0x35d02847e0 (mempcpy) redirected to 0x4a09f80 (mempcpy)
--16552-- REDIR: 0x35d028add0 (strchrnul) redirected to 0x4a09f10 (strchrnul)
--16552-- REDIR: 0x35d027b800 (free) redirected to 0x4a06369 (free)
==16552== 
==16552== HEAP SUMMARY:
==16552==     in use at exit: 0 bytes in 0 blocks
==16552==   total heap usage: 0 allocs, 0 frees, 0 bytes allocated
==16552== 
==16552== All heap blocks were freed -- no leaks are possible
==16552== 
==16552== ERROR SUMMARY: 0 errors from 0 contexts (suppressed: 6 from 6)
--16552-- 
--16552-- used_suppression:      4 U1004-ARM-_dl_relocate_object
--16552-- used_suppression:      2 glibc-2.5.x-on-SUSE-10.2-(PPC)-2a
==16552== 
==16552== ERROR SUMMARY: 0 errors from 0 contexts (suppressed: 6 from 6)
