 line   address	contents
    1                      ; Linked by DLX-LD.
    2                      ; MemSize 24576
    3                      ; Data size: 551
    4                      ; Text size: 5316
    5                      ; Stack size: 8192
    6  00000000          	.text 0x1000
    7  00001000          	.data 0x3000
    8                      ; Compiled by GCC
    9  00003000          	.text
   10  00001000          	.align 2
   11  00001000          	.proc _isspace
   12  00001000          	.global _isspace
   13  00001000          	_isspace:
   14                      ;  Function 'isspace'; 0 bytes of locals, 1 regs to save.
   15  00001000  afbefffc	sw	-4(r29),r30; push fp
   16  00001004  001df020	add	r30,r0,r29; fp = sp
   17  00001008  afbffff8	sw	-8(r29),r31; push ret addr
   18  0000100c  2fbd0010	subui	r29,r29,#16; alloc local storage
   19  00001010  afa20000	sw	0(r29),r2
   20  00001014  83c20003	lb	r2,3(r30)
   21  00001018  201f0000	addi	r31,r0,#0
   22  0000101c  304100ff	andi	r1,r2,#0x00ff
   23  00001020  60210020	seqi	r1,r1,#32
   24  00001024  14200018	bnez	r1,L6_LF0
   25  00001028  54000000	nop; not filled.
   26  0000102c  2041fff7	addi	r1,r2,#-9
   27  00001030  302100ff	andi	r1,r1,#0x00ff
   28  00001034  70210001	sleui	r1,r1,#1
   29  00001038  10200008	beqz	r1,L5_LF0
   30  0000103c  54000000	nop; not filled.
   31  00001040          	L6_LF0:
   32  00001040  201f0001	addi	r31,r0,#1
   33  00001044          	L5_LF0:
   34  00001044  001f0820	add	r1,r0,r31
   35  00001048  8fa20000	lw	r2,0(r29)
   36  0000104c  8fdffff8	lw	r31,-8(r30)
   37  00001050  001ee820	add	r29,r0,r30
   38  00001054  8fdefffc	lw	r30,-4(r30)
   39  00001058  4be00000	jr	r31
   40  0000105c  54000000	nop
   41  00001060          	.endproc _isspace
   42  00001060          	.align 2
   43  00001060          	.proc _isxdigit
   44  00001060          	.global _isxdigit
   45  00001060          	_isxdigit:
   46                      ;  Function 'isxdigit'; 0 bytes of locals, 1 regs to save.
   47  00001060  afbefffc	sw	-4(r29),r30; push fp
   48  00001064  001df020	add	r30,r0,r29; fp = sp
   49  00001068  afbffff8	sw	-8(r29),r31; push ret addr
   50  0000106c  2fbd0010	subui	r29,r29,#16; alloc local storage
   51  00001070  afa20000	sw	0(r29),r2
   52  00001074  83df0003	lb	r31,3(r30)
   53  00001078  20020000	addi	r2,r0,#0
   54  0000107c  23e1ffd0	addi	r1,r31,#-48
   55  00001080  302100ff	andi	r1,r1,#0x00ff
   56  00001084  70210009	sleui	r1,r1,#9
   57  00001088  14200028	bnez	r1,L12_LF0
   58  0000108c  54000000	nop; not filled.
   59  00001090  23e1ff9f	addi	r1,r31,#-97
   60  00001094  302100ff	andi	r1,r1,#0x00ff
   61  00001098  70210005	sleui	r1,r1,#5
   62  0000109c  14200014	bnez	r1,L12_LF0
   63  000010a0  54000000	nop; not filled.
   64  000010a4  33e100ff	andi	r1,r31,#0x00ff
   65  000010a8  64210041	snei	r1,r1,#65
   66  000010ac  14200008	bnez	r1,L11_LF0
   67  000010b0  54000000	nop; not filled.
   68  000010b4          	L12_LF0:
   69  000010b4  20020001	addi	r2,r0,#1
   70  000010b8          	L11_LF0:
   71  000010b8  00020820	add	r1,r0,r2
   72  000010bc  8fa20000	lw	r2,0(r29)
   73  000010c0  8fdffff8	lw	r31,-8(r30)
   74  000010c4  001ee820	add	r29,r0,r30
   75  000010c8  8fdefffc	lw	r30,-4(r30)
   76  000010cc  4be00000	jr	r31
   77  000010d0  54000000	nop
   78  000010d4          	.endproc _isxdigit
   79  000010d4          	.data
   80  00003000          	.align 2
   81  00003000          	LC0_LF0:
   82  00003000  55736167	.ascii "Usage: %s <number of hello world processes to create>\n\000"
   82  00003004  653a2025	
   82  00003008  73203c6e	
   82  0000300c  756d6265	
   82  00003010  72206f66	
   82  00003014  2068656c	
   82  00003018  6c6f2077	
   82  0000301c  6f726c64	
   82  00003020  2070726f	
   82  00003024  63657373	
   82  00003028  65732074	
   82  0000302c  6f206372	
   82  00003030  65617465	
   82  00003034  3e0a00  	
   83  00003037          	.align 2
   84  00003038          	LC1_LF0:
   85  00003038  6d616b65	.ascii "makeprocs (%d): Bad sem_create\n\000"
   85  0000303c  70726f63	
   85  00003040  73202825	
   85  00003044  64293a20	
   85  00003048  42616420	
   85  0000304c  73656d5f	
   85  00003050  63726561	
   85  00003054  74650a00	
   86  00003058          	.align 2
   87  00003058          	LC2_LF0:
   88  00003058  2d2d2d2d	.ascii "----------------------------------------------------------------------"
   88  0000305c  2d2d2d2d	
   88  00003060  2d2d2d2d	
   88  00003064  2d2d2d2d	
   88  00003068  2d2d2d2d	
   88  0000306c  2d2d2d2d	
   88  00003070  2d2d2d2d	
   88  00003074  2d2d2d2d	
   88  00003078  2d2d2d2d	
   88  0000307c  2d2d2d2d	
   88  00003080  2d2d2d2d	
   88  00003084  2d2d2d2d	
   88  00003088  2d2d2d2d	
   88  0000308c  2d2d2d2d	
   88  00003090  2d2d2d2d	
   88  00003094  2d2d2d2d	
   88  00003098  2d2d2d2d	
   88  0000309c  2d2d    	
   89  0000309e  2d2d2d2d	.ascii "---------------\n\000"
   89  000030a2  2d2d2d2d	
   89  000030a6  2d2d2d2d	
   89  000030aa  2d2d2d0a	
   89  000030ae  00      	
   90  000030af          	.align 2
   91  000030b0          	LC3_LF0:
   92  000030b0  6d616b65	.ascii "makeprocs (%d): Creating test program to test 1\n\000"
   92  000030b4  70726f63	
   92  000030b8  73202825	
   92  000030bc  64293a20	
   92  000030c0  43726561	
   92  000030c4  74696e67	
   92  000030c8  20746573	
   92  000030cc  74207072	
   92  000030d0  6f677261	
   92  000030d4  6d20746f	
   92  000030d8  20746573	
   92  000030dc  7420310a	
   92  000030e0  00      	
   93  000030e1          	.align 2
   94  000030e4          	LC4_LF0:
   95  000030e4  6d616b65	.ascii "makeprocs (%d): Creating hello world #%d\n\000"
   95  000030e8  70726f63	
   95  000030ec  73202825	
   95  000030f0  64293a20	
   95  000030f4  43726561	
   95  000030f8  74696e67	
   95  000030fc  2068656c	
   95  00003100  6c6f2077	
   95  00003104  6f726c64	
   95  00003108  20232564	
   95  0000310c  0a00    	
   96  0000310e          	.align 2
   97  00003110          	LC5_LF0:
   98  00003110  68656c6c	.ascii "hello_world.dlx.obj\000"
   98  00003114  6f5f776f	
   98  00003118  726c642e	
   98  0000311c  646c782e	
   98  00003120  6f626a00	
   99  00003124          	.align 2
  100  00003124          	LC6_LF0:
  101  00003124  42616420	.ascii "Bad semaphore s_procs_completed (%d) in %s\n\000"
  101  00003128  73656d61	
  101  0000312c  70686f72	
  101  00003130  6520735f	
  101  00003134  70726f63	
  101  00003138  735f636f	
  101  0000313c  6d706c65	
  101  00003140  74656420	
  101  00003144  28256429	
  101  00003148  20696e20	
  101  0000314c  25730a00	
  102  00003150          	.align 2
  103  00003150          	LC7_LF0:
  104  00003150  6d616b65	.ascii "makeprocs (%d): Creating test program to test 3\n\000"
  104  00003154  70726f63	
  104  00003158  73202825	
  104  0000315c  64293a20	
  104  00003160  43726561	
  104  00003164  74696e67	
  104  00003168  20746573	
  104  0000316c  74207072	
  104  00003170  6f677261	
  104  00003174  6d20746f	
  104  00003178  20746573	
  104  0000317c  7420330a	
  104  00003180  00      	
  105  00003181          	.align 2
  106  00003184          	LC8_LF0:
  107  00003184  6f75745f	.ascii "out_page.dlx.obj\000"
  107  00003188  70616765	
  107  0000318c  2e646c78	
  107  00003190  2e6f626a	
  107  00003194  00      	
  108  00003195          	.align 2
  109  00003198          	LC9_LF0:
  110  00003198  6d616b65	.ascii "makeprocs (%d): Creating test program to test 4\n\000"
  110  0000319c  70726f63	
  110  000031a0  73202825	
  110  000031a4  64293a20	
  110  000031a8  43726561	
  110  000031ac  74696e67	
  110  000031b0  20746573	
  110  000031b4  74207072	
  110  000031b8  6f677261	
  110  000031bc  6d20746f	
  110  000031c0  20746573	
  110  000031c4  7420340a	
  110  000031c8  00      	
  111  000031c9          	.align 2
  112  000031cc          	LC10_LF0:
  113  000031cc  73746163	.ascii "stack_grow.dlx.obj\000"
  113  000031d0  6b5f6772	
  113  000031d4  6f772e64	
  113  000031d8  6c782e6f	
  113  000031dc  626a00  	
  114  000031df          	.align 2
  115  000031e0          	LC11_LF0:
  116  000031e0  6d616b65	.ascii "makeprocs (%d): Creating test program to test 2\n\000"
  116  000031e4  70726f63	
  116  000031e8  73202825	
  116  000031ec  64293a20	
  116  000031f0  43726561	
  116  000031f4  74696e67	
  116  000031f8  20746573	
  116  000031fc  74207072	
  116  00003200  6f677261	
  116  00003204  6d20746f	
  116  00003208  20746573	
  116  0000320c  7420320a	
  116  00003210  00      	
  117  00003211          	.align 2
  118  00003214          	LC12_LF0:
  119  00003214  6265796f	.ascii "beyond_max.dlx.obj\000"
  119  00003218  6e645f6d	
  119  0000321c  61782e64	
  119  00003220  6c782e6f	
  119  00003224  626a00  	
  120  00003227          	.text
  121  000010d4          	.align 2
  122  000010d4          	.proc _main
  123  000010d4          	.global _main
  124  000010d4          	_main:
  125                      ;  Function 'main'; 64 bytes of locals, 0 regs to save.
  126  000010d4  afbefffc	sw	-4(r29),r30; push fp
  127  000010d8  001df020	add	r30,r0,r29; fp = sp
  128  000010dc  afbffff8	sw	-8(r29),r31; push ret addr
  129  000010e0  2fbd0048	subui	r29,r29,#72; alloc local storage
  130  000010e4  8fc20000	lw	r2,(r30)
  131  000010e8  8fc60004	lw	r6,4(r30)
  132  000010ec  0c0013cc	jal	___main
  133  000010f0  54000000	nop; not filled.
  134  000010f4  64410002	snei	r1,r2,#2
  135  000010f8  10200030	beqz	r1,L14_LF0
  136  000010fc  54000000	nop; not filled.
  137  00001100  23bdfff8	addi	r29,r29,#-8
  138  00001104  3c070000	lhi	r7,((LC0_LF0)>>16)&0xffff
  139  00001108  24e73000	addui	r7,r7,(LC0_LF0)&0xffff
  140  0000110c  afa70000	sw	(r29),r7
  141  00001110  8cc10000	lw	r1,(r6)
  142  00001114  afa10004	sw	4(r29),r1
  143  00001118  0c0004e0	jal	_Printf
  144  0000111c  54000000	nop; not filled.
  145  00001120  0c0005e0	jal	_Exit
  146  00001124  54000000	nop; not filled.
  147  00001128  23bd0008	addi	r29,r29,#8
  148  0000112c          	L14_LF0:
  149  0000112c  23bdfff0	addi	r29,r29,#-16
  150  00001130  8cc70004	lw	r7,4(r6)
  151  00001134  afa70000	sw	(r29),r7
  152  00001138  20070000	addi	r7,r0,#0
  153  0000113c  afa70004	sw	4(r29),r7
  154  00001140  2007000a	addi	r7,r0,#10
  155  00001144  afa70008	sw	8(r29),r7
  156  00001148  0c000e74	jal	_dstrtol
  157  0000114c  54000000	nop; not filled.
  158  00001150  00012820	add	r5,r0,r1
  159  00001154  20070000	addi	r7,r0,#0
  160  00001158  afa70000	sw	(r29),r7
  161  0000115c  0c0004d8	jal	_sem_create
  162  00001160  54000000	nop; not filled.
  163  00001164  00011820	add	r3,r0,r1
  164  00001168  23bd0010	addi	r29,r29,#16
  165  0000116c  6061ffff	seqi	r1,r3,#-1
  166  00001170  10200034	beqz	r1,L15_LF0
  167  00001174  54000000	nop; not filled.
  168  00001178  0c00048c	jal	_getpid
  169  0000117c  54000000	nop; not filled.
  170  00001180  23bdfff8	addi	r29,r29,#-8
  171  00001184  3c070000	lhi	r7,((LC1_LF0)>>16)&0xffff
  172  00001188  24e73038	addui	r7,r7,(LC1_LF0)&0xffff
  173  0000118c  afa70000	sw	(r29),r7
  174  00001190  afa10004	sw	4(r29),r1
  175  00001194  0c000464	jal	_Printf
  176  00001198  54000000	nop; not filled.
  177  0000119c  0c000564	jal	_Exit
  178  000011a0  54000000	nop; not filled.
  179  000011a4  23bd0008	addi	r29,r29,#8
  180  000011a8          	L15_LF0:
  181  000011a8  23bdfff8	addi	r29,r29,#-8
  182  000011ac  afa30000	sw	(r29),r3
  183  000011b0  23c4ffe8	addi	r4,r30,#-24
  184  000011b4  afa40004	sw	4(r29),r4
  185  000011b8  0c000c78	jal	_ditoa
  186  000011bc  54000000	nop; not filled.
  187  000011c0  3c070000	lhi	r7,((LC2_LF0)>>16)&0xffff
  188  000011c4  24e73058	addui	r7,r7,(LC2_LF0)&0xffff
  189  000011c8  afa70000	sw	(r29),r7
  190  000011cc  0c00042c	jal	_Printf
  191  000011d0  54000000	nop; not filled.
  192  000011d4  0c000430	jal	_getpid
  193  000011d8  54000000	nop; not filled.
  194  000011dc  3c070000	lhi	r7,((LC3_LF0)>>16)&0xffff
  195  000011e0  24e730b0	addui	r7,r7,(LC3_LF0)&0xffff
  196  000011e4  afa70000	sw	(r29),r7
  197  000011e8  afa10004	sw	4(r29),r1
  198  000011ec  0c00040c	jal	_Printf
  199  000011f0  54000000	nop; not filled.
  200  000011f4  20020000	addi	r2,r0,#0
  201  000011f8  23bd0008	addi	r29,r29,#8
  202  000011fc  0045082a	slt	r1,r2,r5
  203  00001200  102000a8	beqz	r1,L17_LF0
  204  00001204  54000000	nop; not filled.
  205  00001208          	L19_LF0:
  206  00001208  0c0003fc	jal	_getpid
  207  0000120c  54000000	nop; not filled.
  208  00001210  23bdfff0	addi	r29,r29,#-16
  209  00001214  3c070000	lhi	r7,((LC4_LF0)>>16)&0xffff
  210  00001218  24e730e4	addui	r7,r7,(LC4_LF0)&0xffff
  211  0000121c  afa70000	sw	(r29),r7
  212  00001220  afa10004	sw	4(r29),r1
  213  00001224  afa20008	sw	8(r29),r2
  214  00001228  0c0003d0	jal	_Printf
  215  0000122c  54000000	nop; not filled.
  216  00001230  3c070000	lhi	r7,((LC5_LF0)>>16)&0xffff
  217  00001234  24e73110	addui	r7,r7,(LC5_LF0)&0xffff
  218  00001238  afa70000	sw	(r29),r7
  219  0000123c  afa40004	sw	4(r29),r4
  220  00001240  20070000	addi	r7,r0,#0
  221  00001244  afa70008	sw	8(r29),r7
  222  00001248  0c0003c8	jal	_process_create
  223  0000124c  54000000	nop; not filled.
  224  00001250  afa30000	sw	(r29),r3
  225  00001254  0c0003ec	jal	_sem_wait
  226  00001258  54000000	nop; not filled.
  227  0000125c  23bd0010	addi	r29,r29,#16
  228  00001260  64210001	snei	r1,r1,#1
  229  00001264  10200034	beqz	r1,L18_LF0
  230  00001268  54000000	nop; not filled.
  231  0000126c  23bdfff0	addi	r29,r29,#-16
  232  00001270  3c070000	lhi	r7,((LC6_LF0)>>16)&0xffff
  233  00001274  24e73124	addui	r7,r7,(LC6_LF0)&0xffff
  234  00001278  afa70000	sw	(r29),r7
  235  0000127c  afa30004	sw	4(r29),r3
  236  00001280  8cc70000	lw	r7,(r6)
  237  00001284  afa70008	sw	8(r29),r7
  238  00001288  0c000370	jal	_Printf
  239  0000128c  54000000	nop; not filled.
  240  00001290  0c000470	jal	_Exit
  241  00001294  54000000	nop; not filled.
  242  00001298  23bd0010	addi	r29,r29,#16
  243  0000129c          	L18_LF0:
  244  0000129c  20420001	addi	r2,r2,#1
  245  000012a0  0045082a	slt	r1,r2,r5
  246  000012a4  1420ff60	bnez	r1,L19_LF0
  247  000012a8  54000000	nop; not filled.
  248  000012ac          	L17_LF0:
  249  000012ac  0c000358	jal	_getpid
  250  000012b0  54000000	nop; not filled.
  251  000012b4  23bdfff8	addi	r29,r29,#-8
  252  000012b8  3c070000	lhi	r7,((LC7_LF0)>>16)&0xffff
  253  000012bc  24e73150	addui	r7,r7,(LC7_LF0)&0xffff
  254  000012c0  afa70000	sw	(r29),r7
  255  000012c4  afa10004	sw	4(r29),r1
  256  000012c8  0c000330	jal	_Printf
  257  000012cc  54000000	nop; not filled.
  258  000012d0  20070000	addi	r7,r0,#0
  259  000012d4  afa70000	sw	(r29),r7
  260  000012d8  0c00035c	jal	_sem_create
  261  000012dc  54000000	nop; not filled.
  262  000012e0  00011820	add	r3,r0,r1
  263  000012e4  23bd0008	addi	r29,r29,#8
  264  000012e8  6061ffff	seqi	r1,r3,#-1
  265  000012ec  10200034	beqz	r1,L22_LF0
  266  000012f0  54000000	nop; not filled.
  267  000012f4  0c000310	jal	_getpid
  268  000012f8  54000000	nop; not filled.
  269  000012fc  23bdfff8	addi	r29,r29,#-8
  270  00001300  3c070000	lhi	r7,((LC1_LF0)>>16)&0xffff
  271  00001304  24e73038	addui	r7,r7,(LC1_LF0)&0xffff
  272  00001308  afa70000	sw	(r29),r7
  273  0000130c  afa10004	sw	4(r29),r1
  274  00001310  0c0002e8	jal	_Printf
  275  00001314  54000000	nop; not filled.
  276  00001318  0c0003e8	jal	_Exit
  277  0000131c  54000000	nop; not filled.
  278  00001320  23bd0008	addi	r29,r29,#8
  279  00001324          	L22_LF0:
  280  00001324  23bdfff8	addi	r29,r29,#-8
  281  00001328  afa30000	sw	(r29),r3
  282  0000132c  23c2ffc8	addi	r2,r30,#-56
  283  00001330  afa20004	sw	4(r29),r2
  284  00001334  0c000afc	jal	_ditoa
  285  00001338  54000000	nop; not filled.
  286  0000133c  23bdfff8	addi	r29,r29,#-8
  287  00001340  3c070000	lhi	r7,((LC8_LF0)>>16)&0xffff
  288  00001344  24e73184	addui	r7,r7,(LC8_LF0)&0xffff
  289  00001348  afa70000	sw	(r29),r7
  290  0000134c  afa20004	sw	4(r29),r2
  291  00001350  20070000	addi	r7,r0,#0
  292  00001354  afa70008	sw	8(r29),r7
  293  00001358  0c0002b8	jal	_process_create
  294  0000135c  54000000	nop; not filled.
  295  00001360  afa30000	sw	(r29),r3
  296  00001364  0c0002dc	jal	_sem_wait
  297  00001368  54000000	nop; not filled.
  298  0000136c  23bd0010	addi	r29,r29,#16
  299  00001370  64210001	snei	r1,r1,#1
  300  00001374  10200034	beqz	r1,L23_LF0
  301  00001378  54000000	nop; not filled.
  302  0000137c  23bdfff0	addi	r29,r29,#-16
  303  00001380  3c070000	lhi	r7,((LC6_LF0)>>16)&0xffff
  304  00001384  24e73124	addui	r7,r7,(LC6_LF0)&0xffff
  305  00001388  afa70000	sw	(r29),r7
  306  0000138c  afa30004	sw	4(r29),r3
  307  00001390  8cc70000	lw	r7,(r6)
  308  00001394  afa70008	sw	8(r29),r7
  309  00001398  0c000260	jal	_Printf
  310  0000139c  54000000	nop; not filled.
  311  000013a0  0c000360	jal	_Exit
  312  000013a4  54000000	nop; not filled.
  313  000013a8  23bd0010	addi	r29,r29,#16
  314  000013ac          	L23_LF0:
  315  000013ac  0c000258	jal	_getpid
  316  000013b0  54000000	nop; not filled.
  317  000013b4  23bdfff8	addi	r29,r29,#-8
  318  000013b8  3c070000	lhi	r7,((LC9_LF0)>>16)&0xffff
  319  000013bc  24e73198	addui	r7,r7,(LC9_LF0)&0xffff
  320  000013c0  afa70000	sw	(r29),r7
  321  000013c4  afa10004	sw	4(r29),r1
  322  000013c8  0c000230	jal	_Printf
  323  000013cc  54000000	nop; not filled.
  324  000013d0  20070000	addi	r7,r0,#0
  325  000013d4  afa70000	sw	(r29),r7
  326  000013d8  0c00025c	jal	_sem_create
  327  000013dc  54000000	nop; not filled.
  328  000013e0  00011820	add	r3,r0,r1
  329  000013e4  23bd0008	addi	r29,r29,#8
  330  000013e8  6061ffff	seqi	r1,r3,#-1
  331  000013ec  10200034	beqz	r1,L24_LF0
  332  000013f0  54000000	nop; not filled.
  333  000013f4  0c000210	jal	_getpid
  334  000013f8  54000000	nop; not filled.
  335  000013fc  23bdfff8	addi	r29,r29,#-8
  336  00001400  3c070000	lhi	r7,((LC1_LF0)>>16)&0xffff
  337  00001404  24e73038	addui	r7,r7,(LC1_LF0)&0xffff
  338  00001408  afa70000	sw	(r29),r7
  339  0000140c  afa10004	sw	4(r29),r1
  340  00001410  0c0001e8	jal	_Printf
  341  00001414  54000000	nop; not filled.
  342  00001418  0c0002e8	jal	_Exit
  343  0000141c  54000000	nop; not filled.
  344  00001420  23bd0008	addi	r29,r29,#8
  345  00001424          	L24_LF0:
  346  00001424  23bdfff8	addi	r29,r29,#-8
  347  00001428  afa30000	sw	(r29),r3
  348  0000142c  23c2ffb8	addi	r2,r30,#-72
  349  00001430  afa20004	sw	4(r29),r2
  350  00001434  0c0009fc	jal	_ditoa
  351  00001438  54000000	nop; not filled.
  352  0000143c  23bdfff8	addi	r29,r29,#-8
  353  00001440  3c070000	lhi	r7,((LC10_LF0)>>16)&0xffff
  354  00001444  24e731cc	addui	r7,r7,(LC10_LF0)&0xffff
  355  00001448  afa70000	sw	(r29),r7
  356  0000144c  afa20004	sw	4(r29),r2
  357  00001450  20070000	addi	r7,r0,#0
  358  00001454  afa70008	sw	8(r29),r7
  359  00001458  0c0001b8	jal	_process_create
  360  0000145c  54000000	nop; not filled.
  361  00001460  afa30000	sw	(r29),r3
  362  00001464  0c0001dc	jal	_sem_wait
  363  00001468  54000000	nop; not filled.
  364  0000146c  23bd0010	addi	r29,r29,#16
  365  00001470  64210001	snei	r1,r1,#1
  366  00001474  10200034	beqz	r1,L25_LF0
  367  00001478  54000000	nop; not filled.
  368  0000147c  23bdfff0	addi	r29,r29,#-16
  369  00001480  3c070000	lhi	r7,((LC6_LF0)>>16)&0xffff
  370  00001484  24e73124	addui	r7,r7,(LC6_LF0)&0xffff
  371  00001488  afa70000	sw	(r29),r7
  372  0000148c  afa30004	sw	4(r29),r3
  373  00001490  8cc70000	lw	r7,(r6)
  374  00001494  afa70008	sw	8(r29),r7
  375  00001498  0c000160	jal	_Printf
  376  0000149c  54000000	nop; not filled.
  377  000014a0  0c000260	jal	_Exit
  378  000014a4  54000000	nop; not filled.
  379  000014a8  23bd0010	addi	r29,r29,#16
  380  000014ac          	L25_LF0:
  381  000014ac  0c000158	jal	_getpid
  382  000014b0  54000000	nop; not filled.
  383  000014b4  23bdfff8	addi	r29,r29,#-8
  384  000014b8  3c070000	lhi	r7,((LC11_LF0)>>16)&0xffff
  385  000014bc  24e731e0	addui	r7,r7,(LC11_LF0)&0xffff
  386  000014c0  afa70000	sw	(r29),r7
  387  000014c4  afa10004	sw	4(r29),r1
  388  000014c8  0c000130	jal	_Printf
  389  000014cc  54000000	nop; not filled.
  390  000014d0  20070000	addi	r7,r0,#0
  391  000014d4  afa70000	sw	(r29),r7
  392  000014d8  0c00015c	jal	_sem_create
  393  000014dc  54000000	nop; not filled.
  394  000014e0  00011820	add	r3,r0,r1
  395  000014e4  23bd0008	addi	r29,r29,#8
  396  000014e8  6061ffff	seqi	r1,r3,#-1
  397  000014ec  10200034	beqz	r1,L26_LF0
  398  000014f0  54000000	nop; not filled.
  399  000014f4  0c000110	jal	_getpid
  400  000014f8  54000000	nop; not filled.
  401  000014fc  23bdfff8	addi	r29,r29,#-8
  402  00001500  3c070000	lhi	r7,((LC1_LF0)>>16)&0xffff
  403  00001504  24e73038	addui	r7,r7,(LC1_LF0)&0xffff
  404  00001508  afa70000	sw	(r29),r7
  405  0000150c  afa10004	sw	4(r29),r1
  406  00001510  0c0000e8	jal	_Printf
  407  00001514  54000000	nop; not filled.
  408  00001518  0c0001e8	jal	_Exit
  409  0000151c  54000000	nop; not filled.
  410  00001520  23bd0008	addi	r29,r29,#8
  411  00001524          	L26_LF0:
  412  00001524  23bdfff8	addi	r29,r29,#-8
  413  00001528  afa30000	sw	(r29),r3
  414  0000152c  23c2ffd8	addi	r2,r30,#-40
  415  00001530  afa20004	sw	4(r29),r2
  416  00001534  0c0008fc	jal	_ditoa
  417  00001538  54000000	nop; not filled.
  418  0000153c  23bdfff8	addi	r29,r29,#-8
  419  00001540  3c070000	lhi	r7,((LC12_LF0)>>16)&0xffff
  420  00001544  24e73214	addui	r7,r7,(LC12_LF0)&0xffff
  421  00001548  afa70000	sw	(r29),r7
  422  0000154c  afa20004	sw	4(r29),r2
  423  00001550  20070000	addi	r7,r0,#0
  424  00001554  afa70008	sw	8(r29),r7
  425  00001558  0c0000b8	jal	_process_create
  426  0000155c  54000000	nop; not filled.
  427  00001560  afa30000	sw	(r29),r3
  428  00001564  0c0000dc	jal	_sem_wait
  429  00001568  54000000	nop; not filled.
  430  0000156c  23bd0010	addi	r29,r29,#16
  431  00001570  64210001	snei	r1,r1,#1
  432  00001574  10200034	beqz	r1,L27_LF0
  433  00001578  54000000	nop; not filled.
  434  0000157c  23bdfff0	addi	r29,r29,#-16
  435  00001580  3c070000	lhi	r7,((LC6_LF0)>>16)&0xffff
  436  00001584  24e73124	addui	r7,r7,(LC6_LF0)&0xffff
  437  00001588  afa70000	sw	(r29),r7
  438  0000158c  afa30004	sw	4(r29),r3
  439  00001590  8cc60000	lw	r6,(r6)
  440  00001594  afa60008	sw	8(r29),r6
  441  00001598  0c000060	jal	_Printf
  442  0000159c  54000000	nop; not filled.
  443  000015a0  0c000160	jal	_Exit
  444  000015a4  54000000	nop; not filled.
  445  000015a8  23bd0010	addi	r29,r29,#16
  446  000015ac          	L27_LF0:
  447  000015ac  0c000f00	jal	_exit
  448  000015b0  54000000	nop
  449  000015b4          	.endproc _main
  450                      ;;;
  451                      ;;; Stub functions for DLX traps.
  452                      ;;;
  453                      ;;; Ethan L. Miller, 1999.  Released to the public domain.
  454                      ;;;
  455                      ;;; The traps such as Open and Close
  456                      ;;; (note the capital letters) are for use by user programs.  The traps
  457                      ;;; with names such as open and close (lower case) are for use by the OS.
  458                      ;;;
  461  000015b4          	.align 2
  463                      ;;; The following are the traps to be used by user-level programs
  464                      ;;;
  466  000015b4          	.align 2
  467  000015b4          	.proc _Open
  468  000015b4          	.global _Open
  469  000015b4          	_Open:
  470                      ;;; Note that trap #0x213 actually causes a trap vector in the OS of
  471                      ;;; 0x1213.  The same is true for other user traps.  Thus, a user trap
  472                      ;;; with trap #0x240 will result in a trap vector of 0x1240 in the OS.
  473  000015b4  44000213	trap	#0x213
  474  000015b8  4be00000	jr	r31
  475  000015bc  54000000	nop
  476  000015c0          	.endproc _Open
  478  000015c0          	.proc _Close
  479  000015c0          	.global _Close
  480  000015c0          	_Close:
  481  000015c0  44000214	trap	#0x214
  482  000015c4  4be00000	jr	r31
  483  000015c8  54000000	nop
  484  000015cc          	.endproc _Close
  486  000015cc          	.proc _Read
  487  000015cc          	.global _Read
  488  000015cc          	_Read:
  489  000015cc  44000210	trap	#0x210
  490  000015d0  4be00000	jr	r31
  491  000015d4  54000000	nop
  492  000015d8          	.endproc _Read
  494  000015d8          	.proc _Write
  495  000015d8          	.global _Write
  496  000015d8          	_Write:
  497  000015d8  44000211	trap	#0x211
  498  000015dc  4be00000	jr	r31
  499  000015e0  54000000	nop
  500  000015e4          	.endproc _Write
  502  000015e4          	.proc _Lseek
  503  000015e4          	.global _Lseek
  504  000015e4          	_Lseek:
  505  000015e4  44000212	trap	#0x212
  506  000015e8  4be00000	jr	r31
  507  000015ec  54000000	nop
  508  000015f0          	.endproc _Lseek
  510  000015f0          	.proc _Putchar
  511  000015f0          	.global _Putchar
  512  000015f0          	_Putchar:
  513  000015f0  44000280	trap	#0x280
  514  000015f4  4be00000	jr	r31
  515  000015f8  54000000	nop
  516  000015fc          	.endproc _Putchar
  518  000015fc          	.proc _Printf
  519  000015fc          	.global _Printf
  520  000015fc          	_Printf:
  521  000015fc  44000201	trap	#0x201
  522  00001600  4be00000	jr	r31
  523  00001604  54000000	nop
  524  00001608          	.endproc _Printf
  526  00001608          	.proc _getpid
  527  00001608          	.global _getpid
  528  00001608          	_getpid:
  529  00001608  44000431	trap	#0x431
  530  0000160c  4be00000	jr	r31
  531  00001610  54000000	nop
  532  00001614          	.endproc _getpid
  534  00001614          	.proc _process_create
  535  00001614          	.global _process_create
  536  00001614          	_process_create:
  537  00001614  44000432	trap	#0x432
  538  00001618  4be00000	jr	r31
  539  0000161c  54000000	nop
  540  00001620          	.endproc _process_create
  542  00001620          	.proc _shmget
  543  00001620          	.global _shmget
  544  00001620          	_shmget:
  545  00001620  44000440	trap	#0x440
  546  00001624  4be00000	jr	r31
  547  00001628  54000000	nop
  548  0000162c          	.endproc _shmget
  550  0000162c          	.proc _shmat
  551  0000162c          	.global _shmat
  552  0000162c          	_shmat:
  553  0000162c  44000441	trap	#0x441
  554  00001630  4be00000	jr	r31
  555  00001634  54000000	nop
  556  00001638          	.endproc _shmat
  558  00001638          	.proc _sem_create
  559  00001638          	.global _sem_create
  560  00001638          	_sem_create:
  561  00001638  44000450	trap	#0x450
  562  0000163c  4be00000	jr	r31
  563  00001640  54000000	nop
  564  00001644          	.endproc _sem_create
  566  00001644          	.proc _sem_wait
  567  00001644          	.global _sem_wait
  568  00001644          	_sem_wait:
  569  00001644  44000451	trap	#0x451
  570  00001648  4be00000	jr	r31
  571  0000164c  54000000	nop
  572  00001650          	.endproc _sem_wait
  574  00001650          	.proc _sem_signal
  575  00001650          	.global _sem_signal
  576  00001650          	_sem_signal:
  577  00001650  44000452	trap	#0x452
  578  00001654  4be00000	jr	r31
  579  00001658  54000000	nop
  580  0000165c          	.endproc _sem_signal
  582  0000165c          	.proc _lock_create
  583  0000165c          	.global _lock_create
  584  0000165c          	_lock_create:
  585  0000165c  44000453	trap	#0x453
  586  00001660  4be00000	jr	r31
  587  00001664  54000000	nop
  588  00001668          	.endproc _lock_create
  590  00001668          	.proc _lock_acquire
  591  00001668          	.global _lock_acquire
  592  00001668          	_lock_acquire:
  593  00001668  44000454	trap	#0x454
  594  0000166c  4be00000	jr	r31
  595  00001670  54000000	nop
  596  00001674          	.endproc _lock_acquire
  598  00001674          	.proc _lock_release
  599  00001674          	.global _lock_release
  600  00001674          	_lock_release:
  601  00001674  44000455	trap	#0x455
  602  00001678  4be00000	jr	r31
  603  0000167c  54000000	nop
  604  00001680          	.endproc _lock_release
  606  00001680          	.proc _cond_create
  607  00001680          	.global _cond_create
  608  00001680          	_cond_create:
  609  00001680  44000456	trap	#0x456
  610  00001684  4be00000	jr	r31
  611  00001688  54000000	nop
  612  0000168c          	.endproc _cond_create
  614  0000168c          	.proc _cond_wait
  615  0000168c          	.global _cond_wait
  616  0000168c          	_cond_wait:
  617  0000168c  44000457	trap	#0x457
  618  00001690  4be00000	jr	r31
  619  00001694  54000000	nop
  620  00001698          	.endproc _cond_wait
  622  00001698          	.proc _cond_signal
  623  00001698          	.global _cond_signal
  624  00001698          	_cond_signal:
  625  00001698  44000458	trap	#0x458
  626  0000169c  4be00000	jr	r31
  627  000016a0  54000000	nop
  628  000016a4          	.endproc _cond_signal
  630  000016a4          	.proc _cond_broadcast
  631  000016a4          	.global _cond_broadcast
  632  000016a4          	_cond_broadcast:
  633  000016a4  44000459	trap	#0x459
  634  000016a8  4be00000	jr	r31
  635  000016ac  54000000	nop
  636  000016b0          	.endproc _cond_broadcast
  638  000016b0          	.proc _mbox_create
  639  000016b0          	.global _mbox_create
  640  000016b0          	_mbox_create:
  641  000016b0  44000460	trap	#0x460
  642  000016b4  4be00000	jr	r31
  643  000016b8  54000000	nop
  644  000016bc          	.endproc _mbox_create
  646  000016bc          	.proc _mbox_open
  647  000016bc          	.global _mbox_open
  648  000016bc          	_mbox_open:
  649  000016bc  44000461	trap	#0x461
  650  000016c0  4be00000	jr	r31
  651  000016c4  54000000	nop
  652  000016c8          	.endproc _mbox_open
  654  000016c8          	.proc _mbox_close
  655  000016c8          	.global _mbox_close
  656  000016c8          	_mbox_close:
  657  000016c8  44000462	trap	#0x462
  658  000016cc  4be00000	jr	r31
  659  000016d0  54000000	nop
  660  000016d4          	.endproc _mbox_close
  662  000016d4          	.proc _mbox_send
  663  000016d4          	.global _mbox_send
  664  000016d4          	_mbox_send:
  665  000016d4  44000463	trap	#0x463
  666  000016d8  4be00000	jr	r31
  667  000016dc  54000000	nop
  668  000016e0          	.endproc _mbox_send
  670  000016e0          	.proc _mbox_recv
  671  000016e0          	.global _mbox_recv
  672  000016e0          	_mbox_recv:
  673  000016e0  44000464	trap	#0x464
  674  000016e4  4be00000	jr	r31
  675  000016e8  54000000	nop
  676  000016ec          	.endproc _mbox_recv
  678  000016ec          	.proc _sleep
  679  000016ec          	.global _sleep
  680  000016ec          	_sleep:
  681  000016ec  44000465	trap	#0x465
  682  000016f0  4be00000	jr	r31
  683  000016f4  54000000	nop
  684  000016f8          	.endproc _sleep
  686  000016f8          	.proc _yield
  687  000016f8          	.global _yield
  688  000016f8          	_yield:
  689  000016f8  44000466	trap	#0x466
  690  000016fc  4be00000	jr	r31
  691  00001700  54000000	nop
  692  00001704          	.endproc _yield
  695  00001704          	.proc _Exit
  696  00001704          	.global _Exit
  697  00001704          	_Exit:
  698  00001704  44000500	trap	#0x500
  699  00001708  4be00000	jr	r31
  700  0000170c  54000000	nop
  701  00001710          	.endproc _Exit
  704  00001710          	.proc _malloc
  705  00001710          	.global _malloc
  706  00001710          	_malloc:
  707  00001710  44000467	trap	#0x467
  708  00001714  4be00000	jr	r31
  709  00001718          	.endproc _malloc
  712  00001718          	.proc _mfree
  713  00001718          	.global _mfree
  714  00001718          	_mfree:
  715  00001718  44000468	trap	#0x468
  716  0000171c  4be00000	jr	r31
  717  00001720          	.endproc _mfree
  718                      ; Compiled by GCC
  720  00001720          	.align 2
  721  00001720          	.proc _isspace
  722  00001720          	.global _isspace
  723  00001720          	_isspace:
  724                      ;  Function 'isspace'; 0 bytes of locals, 3 regs to save.
  725  00001720  afbefffc	sw	-4(r29),r30; push fp
  726  00001724  001df020	add	r30,r0,r29; fp = sp
  727  00001728  afbffff8	sw	-8(r29),r31; push ret addr
  728  0000172c  2fbd0018	subui	r29,r29,#24; alloc local storage
  729  00001730  afa20000	sw	0(r29),r2
  730  00001734  afa30004	sw	4(r29),r3
  731  00001738  afa40008	sw	8(r29),r4
  732  0000173c  83c20003	lb	r2,3(r30)
  733  00001740  20010000	addi	r1,r0,#0
  734  00001744  304300ff	andi	r3,r2,#0x00ff
  735  00001748  60640020	seqi	r4,r3,#32
  736  0000174c  1480002c	bnez	r4,L3_LF2
  737  00001750  54000000	nop; delay slot nop
  738  00001754  304300ff	andi	r3,r2,#0x00ff
  739  00001758  60640009	seqi	r4,r3,#9
  740  0000175c  1480001c	bnez	r4,L3_LF2
  741  00001760  54000000	nop; delay slot nop
  742  00001764  304300ff	andi	r3,r2,#0x00ff
  743  00001768  6064000a	seqi	r4,r3,#10
  744  0000176c  1480000c	bnez	r4,L3_LF2
  745  00001770  54000000	nop; delay slot nop
  746  00001774  08000008	j	L2_LF2
  747  00001778  54000000	nop; delay slot nop
  748  0000177c          	L3_LF2:
  749  0000177c  20010001	addi	r1,r0,#1
  750  00001780          	L2_LF2:
  751  00001780  08000004	j	L1_LF2
  752  00001784  54000000	nop; delay slot nop
  753  00001788          	L1_LF2:
  754  00001788  8fa20000	lw	r2,0(r29)
  755  0000178c  8fa30004	lw	r3,4(r29)
  756  00001790  8fa40008	lw	r4,8(r29)
  757  00001794  8fdffff8	lw	r31,-8(r30)
  758  00001798  001ee820	add	r29,r0,r30
  759  0000179c  8fdefffc	lw	r30,-4(r30)
  760  000017a0  4be00000	jr	r31
  761  000017a4  54000000	nop
  762  000017a8          	.endproc _isspace
  763  000017a8          	.align 2
  764  000017a8          	.proc _isxdigit
  765  000017a8          	.global _isxdigit
  766  000017a8          	_isxdigit:
  767                      ;  Function 'isxdigit'; 0 bytes of locals, 3 regs to save.
  768  000017a8  afbefffc	sw	-4(r29),r30; push fp
  769  000017ac  001df020	add	r30,r0,r29; fp = sp
  770  000017b0  afbffff8	sw	-8(r29),r31; push ret addr
  771  000017b4  2fbd0018	subui	r29,r29,#24; alloc local storage
  772  000017b8  afa20000	sw	0(r29),r2
  773  000017bc  afa30004	sw	4(r29),r3
  774  000017c0  afa40008	sw	8(r29),r4
  775  000017c4  83c20003	lb	r2,3(r30)
  776  000017c8  20010000	addi	r1,r0,#0
  777  000017cc  304300ff	andi	r3,r2,#0x00ff
  778  000017d0  6c64002f	sgtui	r4,r3,#47
  779  000017d4  1080001c	beqz	r4,L7_LF2
  780  000017d8  54000000	nop; delay slot nop
  781  000017dc  304300ff	andi	r3,r2,#0x00ff
  782  000017e0  70640039	sleui	r4,r3,#57
  783  000017e4  1480005c	bnez	r4,L6_LF2
  784  000017e8  54000000	nop; delay slot nop
  785  000017ec  08000004	j	L7_LF2
  786  000017f0  54000000	nop; delay slot nop
  787  000017f4          	L7_LF2:
  788  000017f4  304300ff	andi	r3,r2,#0x00ff
  789  000017f8  6c640060	sgtui	r4,r3,#96
  790  000017fc  1080001c	beqz	r4,L8_LF2
  791  00001800  54000000	nop; delay slot nop
  792  00001804  304300ff	andi	r3,r2,#0x00ff
  793  00001808  70640066	sleui	r4,r3,#102
  794  0000180c  14800034	bnez	r4,L6_LF2
  795  00001810  54000000	nop; delay slot nop
  796  00001814  08000004	j	L8_LF2
  797  00001818  54000000	nop; delay slot nop
  798  0000181c          	L8_LF2:
  799  0000181c  304300ff	andi	r3,r2,#0x00ff
  800  00001820  6c640040	sgtui	r4,r3,#64
  801  00001824  10800020	beqz	r4,L5_LF2
  802  00001828  54000000	nop; delay slot nop
  803  0000182c  304300ff	andi	r3,r2,#0x00ff
  804  00001830  70640041	sleui	r4,r3,#65
  805  00001834  1480000c	bnez	r4,L6_LF2
  806  00001838  54000000	nop; delay slot nop
  807  0000183c  08000008	j	L5_LF2
  808  00001840  54000000	nop; delay slot nop
  809  00001844          	L6_LF2:
  810  00001844  20010001	addi	r1,r0,#1
  811  00001848          	L5_LF2:
  812  00001848  08000004	j	L4_LF2
  813  0000184c  54000000	nop; delay slot nop
  814  00001850          	L4_LF2:
  815  00001850  8fa20000	lw	r2,0(r29)
  816  00001854  8fa30004	lw	r3,4(r29)
  817  00001858  8fa40008	lw	r4,8(r29)
  818  0000185c  8fdffff8	lw	r31,-8(r30)
  819  00001860  001ee820	add	r29,r0,r30
  820  00001864  8fdefffc	lw	r30,-4(r30)
  821  00001868  4be00000	jr	r31
  822  0000186c  54000000	nop
  823  00001870          	.endproc _isxdigit
  824  00001870          	.align 2
  825  00001870          	.proc _dstrcpy
  826  00001870          	.global _dstrcpy
  827  00001870          	_dstrcpy:
  828                      ;  Function 'dstrcpy'; 8 bytes of locals, 2 regs to save.
  829  00001870  afbefffc	sw	-4(r29),r30; push fp
  830  00001874  001df020	add	r30,r0,r29; fp = sp
  831  00001878  afbffff8	sw	-8(r29),r31; push ret addr
  832  0000187c  2fbd0018	subui	r29,r29,#24; alloc local storage
  833  00001880  afa20000	sw	0(r29),r2
  834  00001884  afa30004	sw	4(r29),r3
  835  00001888  8fc10000	lw	r1,(r30)
  836  0000188c  afc1fff4	sw	-12(r30),r1
  837  00001890          	L10_LF2:
  838  00001890  8fc10000	lw	r1,(r30)
  839  00001894  20220001	addi	r2,r1,#1
  840  00001898  afc20000	sw	(r30),r2
  841  0000189c  8fc20004	lw	r2,4(r30)
  842  000018a0  20430001	addi	r3,r2,#1
  843  000018a4  afc30004	sw	4(r30),r3
  844  000018a8  80420000	lb	r2,(r2)
  845  000018ac  a0220000	sb	(r1),r2
  846  000018b0  a3c2fff3	sb	-13(r30),r2
  847  000018b4          	L12_LF2:
  848  000018b4  93c1fff3	lbu	r1,-13(r30)
  849  000018b8  64220000	snei	r2,r1,#0
  850  000018bc  1440000c	bnez	r2,L13_LF2
  851  000018c0  54000000	nop; delay slot nop
  852  000018c4  0800000c	j	L11_LF2
  853  000018c8  54000000	nop; delay slot nop
  854  000018cc          	L13_LF2:
  855  000018cc  0bffffc0	j	L10_LF2
  856  000018d0  54000000	nop; delay slot nop
  857  000018d4          	L11_LF2:
  858  000018d4  8fc1fff4	lw	r1,-12(r30)
  859  000018d8  08000004	j	L9_LF2
  860  000018dc  54000000	nop; delay slot nop
  861  000018e0          	L9_LF2:
  862  000018e0  8fa20000	lw	r2,0(r29)
  863  000018e4  8fa30004	lw	r3,4(r29)
  864  000018e8  8fdffff8	lw	r31,-8(r30)
  865  000018ec  001ee820	add	r29,r0,r30
  866  000018f0  8fdefffc	lw	r30,-4(r30)
  867  000018f4  4be00000	jr	r31
  868  000018f8  54000000	nop
  869  000018fc          	.endproc _dstrcpy
  870  000018fc          	.align 2
  871  000018fc          	.proc _dstrncpy
  872  000018fc          	.global _dstrncpy
  873  000018fc          	_dstrncpy:
  874                      ;  Function 'dstrncpy'; 8 bytes of locals, 2 regs to save.
  875  000018fc  afbefffc	sw	-4(r29),r30; push fp
  876  00001900  001df020	add	r30,r0,r29; fp = sp
  877  00001904  afbffff8	sw	-8(r29),r31; push ret addr
  878  00001908  2fbd0018	subui	r29,r29,#24; alloc local storage
  879  0000190c  afa20000	sw	0(r29),r2
  880  00001910  afa30004	sw	4(r29),r3
  881  00001914  8fc10000	lw	r1,(r30)
  882  00001918  afc1fff4	sw	-12(r30),r1
  883  0000191c          	L15_LF2:
  884  0000191c  8fc10008	lw	r1,8(r30)
  885  00001920  2022ffff	addi	r2,r1,#-1
  886  00001924  afc20008	sw	8(r30),r2
  887  00001928  70210000	slei	r1,r1,#0
  888  0000192c  1020000c	beqz	r1,L18_LF2
  889  00001930  54000000	nop; delay slot nop
  890  00001934  08000048	j	L16_LF2
  891  00001938  54000000	nop; delay slot nop
  892  0000193c          	L18_LF2:
  893  0000193c  8fc10000	lw	r1,(r30)
  894  00001940  20220001	addi	r2,r1,#1
  895  00001944  afc20000	sw	(r30),r2
  896  00001948  8fc20004	lw	r2,4(r30)
  897  0000194c  20430001	addi	r3,r2,#1
  898  00001950  afc30004	sw	4(r30),r3
  899  00001954  80420000	lb	r2,(r2)
  900  00001958  a0220000	sb	(r1),r2
  901  0000195c  a3c2fff3	sb	-13(r30),r2
  902  00001960          	L17_LF2:
  903  00001960  93c1fff3	lbu	r1,-13(r30)
  904  00001964  64220000	snei	r2,r1,#0
  905  00001968  1440000c	bnez	r2,L19_LF2
  906  0000196c  54000000	nop; delay slot nop
  907  00001970  0800000c	j	L16_LF2
  908  00001974  54000000	nop; delay slot nop
  909  00001978          	L19_LF2:
  910  00001978  0bffffa0	j	L15_LF2
  911  0000197c  54000000	nop; delay slot nop
  912  00001980          	L16_LF2:
  913  00001980  8fc1fff4	lw	r1,-12(r30)
  914  00001984  08000004	j	L14_LF2
  915  00001988  54000000	nop; delay slot nop
  916  0000198c          	L14_LF2:
  917  0000198c  8fa20000	lw	r2,0(r29)
  918  00001990  8fa30004	lw	r3,4(r29)
  919  00001994  8fdffff8	lw	r31,-8(r30)
  920  00001998  001ee820	add	r29,r0,r30
  921  0000199c  8fdefffc	lw	r30,-4(r30)
  922  000019a0  4be00000	jr	r31
  923  000019a4  54000000	nop
  924  000019a8          	.endproc _dstrncpy
  925  000019a8          	.align 2
  926  000019a8          	.proc _dstrcat
  927  000019a8          	.global _dstrcat
  928  000019a8          	_dstrcat:
  929                      ;  Function 'dstrcat'; 8 bytes of locals, 1 regs to save.
  930  000019a8  afbefffc	sw	-4(r29),r30; push fp
  931  000019ac  001df020	add	r30,r0,r29; fp = sp
  932  000019b0  afbffff8	sw	-8(r29),r31; push ret addr
  933  000019b4  2fbd0018	subui	r29,r29,#24; alloc local storage
  934  000019b8  afa20000	sw	0(r29),r2
  935  000019bc  8fc10000	lw	r1,(r30)
  936  000019c0  afc1fff4	sw	-12(r30),r1
  937  000019c4          	L21_LF2:
  938  000019c4  8fc10000	lw	r1,(r30)
  939  000019c8  90220000	lbu	r2,(r1)
  940  000019cc  64410000	snei	r1,r2,#0
  941  000019d0  1420000c	bnez	r1,L23_LF2
  942  000019d4  54000000	nop; delay slot nop
  943  000019d8  0800001c	j	L22_LF2
  944  000019dc  54000000	nop; delay slot nop
  945  000019e0          	L23_LF2:
  946  000019e0  8fc20000	lw	r2,(r30)
  947  000019e4  20410001	addi	r1,r2,#1
  948  000019e8  00011020	add	r2,r0,r1
  949  000019ec  afc20000	sw	(r30),r2
  950  000019f0  0bffffd0	j	L21_LF2
  951  000019f4  54000000	nop; delay slot nop
  952  000019f8          	L22_LF2:
  953  000019f8  23bdfff8	addi	r29,r29,#-8
  954  000019fc  001d0820	add	r1,r0,r29
  955  00001a00  8fc20000	lw	r2,(r30)
  956  00001a04  ac220000	sw	(r1),r2
  957  00001a08  8fc20004	lw	r2,4(r30)
  958  00001a0c  ac220004	sw	4(r1),r2
  959  00001a10  0ffffe5c	jal	_dstrcpy
  960  00001a14  54000000	nop; delay slot nop
  961  00001a18  23bd0008	addi	r29,r29,#8
  962  00001a1c  8fc1fff4	lw	r1,-12(r30)
  963  00001a20  08000004	j	L20_LF2
  964  00001a24  54000000	nop; delay slot nop
  965  00001a28          	L20_LF2:
  966  00001a28  8fa20000	lw	r2,0(r29)
  967  00001a2c  8fdffff8	lw	r31,-8(r30)
  968  00001a30  001ee820	add	r29,r0,r30
  969  00001a34  8fdefffc	lw	r30,-4(r30)
  970  00001a38  4be00000	jr	r31
  971  00001a3c  54000000	nop
  972  00001a40          	.endproc _dstrcat
  973  00001a40          	.align 2
  974  00001a40          	.proc _dstrncmp
  975  00001a40          	.global _dstrncmp
  976  00001a40          	_dstrncmp:
  977                      ;  Function 'dstrncmp'; 8 bytes of locals, 2 regs to save.
  978  00001a40  afbefffc	sw	-4(r29),r30; push fp
  979  00001a44  001df020	add	r30,r0,r29; fp = sp
  980  00001a48  afbffff8	sw	-8(r29),r31; push ret addr
  981  00001a4c  2fbd0018	subui	r29,r29,#24; alloc local storage
  982  00001a50  afa20000	sw	0(r29),r2
  983  00001a54  afa30004	sw	4(r29),r3
  984  00001a58  54000000	nop
  985  00001a5c  20010000	addi	r1,r0,#0
  986  00001a60  afc1fff4	sw	-12(r30),r1
  987  00001a64          	L25_LF2:
  988  00001a64  8fc1fff4	lw	r1,-12(r30)
  989  00001a68  8fc20008	lw	r2,8(r30)
  990  00001a6c  0022082a	slt	r1,r1,r2
  991  00001a70  1420000c	bnez	r1,L28_LF2
  992  00001a74  54000000	nop; delay slot nop
  993  00001a78  08000088	j	L26_LF2
  994  00001a7c  54000000	nop; delay slot nop
  995  00001a80          	L28_LF2:
  996  00001a80  8fc10004	lw	r1,4(r30)
  997  00001a84  90220000	lbu	r2,(r1)
  998  00001a88  64410000	snei	r1,r2,#0
  999  00001a8c  14200018	bnez	r1,L29_LF2
 1000  00001a90  54000000	nop; delay slot nop
 1001  00001a94  20010000	addi	r1,r0,#0
 1002  00001a98  080000d8	j	L24_LF2
 1003  00001a9c  54000000	nop; delay slot nop
 1004  00001aa0  08000028	j	L30_LF2
 1005  00001aa4  54000000	nop; delay slot nop
 1006  00001aa8          	L29_LF2:
 1007  00001aa8  8fc10000	lw	r1,(r30)
 1008  00001aac  8fc20004	lw	r2,4(r30)
 1009  00001ab0  90210000	lbu	r1,(r1)
 1010  00001ab4  90420000	lbu	r2,(r2)
 1011  00001ab8  00220829	sne	r1,r1,r2
 1012  00001abc  1020000c	beqz	r1,L30_LF2
 1013  00001ac0  54000000	nop; delay slot nop
 1014  00001ac4  0800003c	j	L26_LF2
 1015  00001ac8  54000000	nop; delay slot nop
 1016  00001acc          	L31_LF2:
 1017  00001acc          	L30_LF2:
 1018  00001acc  8fc20000	lw	r2,(r30)
 1019  00001ad0  20410001	addi	r1,r2,#1
 1020  00001ad4  00011020	add	r2,r0,r1
 1021  00001ad8  afc20000	sw	(r30),r2
 1022  00001adc  8fc20004	lw	r2,4(r30)
 1023  00001ae0  20410001	addi	r1,r2,#1
 1024  00001ae4  00011020	add	r2,r0,r1
 1025  00001ae8  afc20004	sw	4(r30),r2
 1026  00001aec          	L27_LF2:
 1027  00001aec  8fc2fff4	lw	r2,-12(r30)
 1028  00001af0  20410001	addi	r1,r2,#1
 1029  00001af4  00011020	add	r2,r0,r1
 1030  00001af8  afc2fff4	sw	-12(r30),r2
 1031  00001afc  0bffff64	j	L25_LF2
 1032  00001b00  54000000	nop; delay slot nop
 1033  00001b04          	L26_LF2:
 1034  00001b04  8fc1fff4	lw	r1,-12(r30)
 1035  00001b08  8fc20008	lw	r2,8(r30)
 1036  00001b0c  00220828	seq	r1,r1,r2
 1037  00001b10  10200018	beqz	r1,L32_LF2
 1038  00001b14  54000000	nop; delay slot nop
 1039  00001b18  20010000	addi	r1,r0,#0
 1040  00001b1c  08000054	j	L24_LF2
 1041  00001b20  54000000	nop; delay slot nop
 1042  00001b24  0800004c	j	L33_LF2
 1043  00001b28  54000000	nop; delay slot nop
 1044  00001b2c          	L32_LF2:
 1045  00001b2c  8fc20000	lw	r2,(r30)
 1046  00001b30  90410000	lbu	r1,(r2)
 1047  00001b34  8fc20004	lw	r2,4(r30)
 1048  00001b38  90430000	lbu	r3,(r2)
 1049  00001b3c  00230822	sub	r1,r1,r3
 1050  00001b40  74220000	sgei	r2,r1,#0
 1051  00001b44  10400020	beqz	r2,L34_LF2
 1052  00001b48  54000000	nop; delay slot nop
 1053  00001b4c  8fc10000	lw	r1,(r30)
 1054  00001b50  8fc20004	lw	r2,4(r30)
 1055  00001b54  90210000	lbu	r1,(r1)
 1056  00001b58  90420000	lbu	r2,(r2)
 1057  00001b5c  00220829	sne	r1,r1,r2
 1058  00001b60  08000008	j	L35_LF2
 1059  00001b64  54000000	nop; delay slot nop
 1060  00001b68          	L34_LF2:
 1061  00001b68  2001ffff	addi	r1,r0,#-1
 1062  00001b6c          	L35_LF2:
 1063  00001b6c  08000004	j	L24_LF2
 1064  00001b70  54000000	nop; delay slot nop
 1065  00001b74          	L33_LF2:
 1066  00001b74          	L24_LF2:
 1067  00001b74  8fa20000	lw	r2,0(r29)
 1068  00001b78  8fa30004	lw	r3,4(r29)
 1069  00001b7c  8fdffff8	lw	r31,-8(r30)
 1070  00001b80  001ee820	add	r29,r0,r30
 1071  00001b84  8fdefffc	lw	r30,-4(r30)
 1072  00001b88  4be00000	jr	r31
 1073  00001b8c  54000000	nop
 1074  00001b90          	.endproc _dstrncmp
 1075  00001b90          	.align 2
 1076  00001b90          	.proc _dstrlen
 1077  00001b90          	.global _dstrlen
 1078  00001b90          	_dstrlen:
 1079                      ;  Function 'dstrlen'; 8 bytes of locals, 1 regs to save.
 1080  00001b90  afbefffc	sw	-4(r29),r30; push fp
 1081  00001b94  001df020	add	r30,r0,r29; fp = sp
 1082  00001b98  afbffff8	sw	-8(r29),r31; push ret addr
 1083  00001b9c  2fbd0018	subui	r29,r29,#24; alloc local storage
 1084  00001ba0  afa20000	sw	0(r29),r2
 1085  00001ba4  20010000	addi	r1,r0,#0
 1086  00001ba8  afc1fff4	sw	-12(r30),r1
 1087  00001bac          	L37_LF2:
 1088  00001bac  8fc10000	lw	r1,(r30)
 1089  00001bb0  20220001	addi	r2,r1,#1
 1090  00001bb4  afc20000	sw	(r30),r2
 1091  00001bb8  90210000	lbu	r1,(r1)
 1092  00001bbc  64220000	snei	r2,r1,#0
 1093  00001bc0  1440000c	bnez	r2,L39_LF2
 1094  00001bc4  54000000	nop; delay slot nop
 1095  00001bc8  0800001c	j	L38_LF2
 1096  00001bcc  54000000	nop; delay slot nop
 1097  00001bd0          	L39_LF2:
 1098  00001bd0  8fc2fff4	lw	r2,-12(r30)
 1099  00001bd4  20410001	addi	r1,r2,#1
 1100  00001bd8  00011020	add	r2,r0,r1
 1101  00001bdc  afc2fff4	sw	-12(r30),r2
 1102  00001be0  0bffffc8	j	L37_LF2
 1103  00001be4  54000000	nop; delay slot nop
 1104  00001be8          	L38_LF2:
 1105  00001be8  8fc1fff4	lw	r1,-12(r30)
 1106  00001bec  08000004	j	L36_LF2
 1107  00001bf0  54000000	nop; delay slot nop
 1108  00001bf4          	L36_LF2:
 1109  00001bf4  8fa20000	lw	r2,0(r29)
 1110  00001bf8  8fdffff8	lw	r31,-8(r30)
 1111  00001bfc  001ee820	add	r29,r0,r30
 1112  00001c00  8fdefffc	lw	r30,-4(r30)
 1113  00001c04  4be00000	jr	r31
 1114  00001c08  54000000	nop
 1115  00001c0c          	.endproc _dstrlen
 1116  00001c0c          	.align 2
 1117  00001c0c          	.proc _dstrstr
 1118  00001c0c          	.global _dstrstr
 1119  00001c0c          	_dstrstr:
 1120                      ;  Function 'dstrstr'; 8 bytes of locals, 1 regs to save.
 1121  00001c0c  afbefffc	sw	-4(r29),r30; push fp
 1122  00001c10  001df020	add	r30,r0,r29; fp = sp
 1123  00001c14  afbffff8	sw	-8(r29),r31; push ret addr
 1124  00001c18  2fbd0018	subui	r29,r29,#24; alloc local storage
 1125  00001c1c  afa20000	sw	0(r29),r2
 1126  00001c20  23bdfff8	addi	r29,r29,#-8
 1127  00001c24  001d0820	add	r1,r0,r29
 1128  00001c28  8fc20004	lw	r2,4(r30)
 1129  00001c2c  ac220000	sw	(r1),r2
 1130  00001c30  0fffff5c	jal	_dstrlen
 1131  00001c34  54000000	nop; delay slot nop
 1132  00001c38  23bd0008	addi	r29,r29,#8
 1133  00001c3c  afc1fff4	sw	-12(r30),r1
 1134  00001c40          	L41_LF2:
 1135  00001c40  8fc10000	lw	r1,(r30)
 1136  00001c44  90220000	lbu	r2,(r1)
 1137  00001c48  64410000	snei	r1,r2,#0
 1138  00001c4c  1420000c	bnez	r1,L43_LF2
 1139  00001c50  54000000	nop; delay slot nop
 1140  00001c54  08000060	j	L42_LF2
 1141  00001c58  54000000	nop; delay slot nop
 1142  00001c5c          	L43_LF2:
 1143  00001c5c  23bdfff0	addi	r29,r29,#-16
 1144  00001c60  001d0820	add	r1,r0,r29
 1145  00001c64  8fc20000	lw	r2,(r30)
 1146  00001c68  ac220000	sw	(r1),r2
 1147  00001c6c  8fc20004	lw	r2,4(r30)
 1148  00001c70  ac220004	sw	4(r1),r2
 1149  00001c74  8fc2fff4	lw	r2,-12(r30)
 1150  00001c78  ac220008	sw	8(r1),r2
 1151  00001c7c  0ffffdc0	jal	_dstrncmp
 1152  00001c80  54000000	nop; delay slot nop
 1153  00001c84  23bd0010	addi	r29,r29,#16
 1154  00001c88  64220000	snei	r2,r1,#0
 1155  00001c8c  14400010	bnez	r2,L44_LF2
 1156  00001c90  54000000	nop; delay slot nop
 1157  00001c94  8fc10000	lw	r1,(r30)
 1158  00001c98  08000028	j	L40_LF2
 1159  00001c9c  54000000	nop; delay slot nop
 1160  00001ca0          	L44_LF2:
 1161  00001ca0  8fc20000	lw	r2,(r30)
 1162  00001ca4  20410001	addi	r1,r2,#1
 1163  00001ca8  00011020	add	r2,r0,r1
 1164  00001cac  afc20000	sw	(r30),r2
 1165  00001cb0  0bffff8c	j	L41_LF2
 1166  00001cb4  54000000	nop; delay slot nop
 1167  00001cb8          	L42_LF2:
 1168  00001cb8  20010000	addi	r1,r0,#0
 1169  00001cbc  08000004	j	L40_LF2
 1170  00001cc0  54000000	nop; delay slot nop
 1171  00001cc4          	L40_LF2:
 1172  00001cc4  8fa20000	lw	r2,0(r29)
 1173  00001cc8  8fdffff8	lw	r31,-8(r30)
 1174  00001ccc  001ee820	add	r29,r0,r30
 1175  00001cd0  8fdefffc	lw	r30,-4(r30)
 1176  00001cd4  4be00000	jr	r31
 1177  00001cd8  54000000	nop
 1178  00001cdc          	.endproc _dstrstr
 1179  00001cdc          	.align 2
 1180  00001cdc          	.proc _dmindex
 1181  00001cdc          	.global _dmindex
 1182  00001cdc          	_dmindex:
 1183                      ;  Function 'dmindex'; 8 bytes of locals, 1 regs to save.
 1184  00001cdc  afbefffc	sw	-4(r29),r30; push fp
 1185  00001ce0  001df020	add	r30,r0,r29; fp = sp
 1186  00001ce4  afbffff8	sw	-8(r29),r31; push ret addr
 1187  00001ce8  2fbd0018	subui	r29,r29,#24; alloc local storage
 1188  00001cec  afa20000	sw	0(r29),r2
 1189  00001cf0  54000000	nop
 1190  00001cf4          	L46_LF2:
 1191  00001cf4  8fc10000	lw	r1,(r30)
 1192  00001cf8  90220000	lbu	r2,(r1)
 1193  00001cfc  64410000	snei	r1,r2,#0
 1194  00001d00  1420000c	bnez	r1,L48_LF2
 1195  00001d04  54000000	nop; delay slot nop
 1196  00001d08  08000070	j	L47_LF2
 1197  00001d0c  54000000	nop; delay slot nop
 1198  00001d10          	L48_LF2:
 1199  00001d10  8fc10004	lw	r1,4(r30)
 1200  00001d14  afc1fff4	sw	-12(r30),r1
 1201  00001d18          	L49_LF2:
 1202  00001d18  8fc1fff4	lw	r1,-12(r30)
 1203  00001d1c  90220000	lbu	r2,(r1)
 1204  00001d20  64410000	snei	r1,r2,#0
 1205  00001d24  1420000c	bnez	r1,L52_LF2
 1206  00001d28  54000000	nop; delay slot nop
 1207  00001d2c  08000044	j	L50_LF2
 1208  00001d30  54000000	nop; delay slot nop
 1209  00001d34          	L52_LF2:
 1210  00001d34  8fc10000	lw	r1,(r30)
 1211  00001d38  8fc2fff4	lw	r2,-12(r30)
 1212  00001d3c  90210000	lbu	r1,(r1)
 1213  00001d40  90420000	lbu	r2,(r2)
 1214  00001d44  00220828	seq	r1,r1,r2
 1215  00001d48  10200010	beqz	r1,L51_LF2
 1216  00001d4c  54000000	nop; delay slot nop
 1217  00001d50  8fc10000	lw	r1,(r30)
 1218  00001d54  08000030	j	L45_LF2
 1219  00001d58  54000000	nop; delay slot nop
 1220  00001d5c          	L53_LF2:
 1221  00001d5c          	L51_LF2:
 1222  00001d5c  8fc2fff4	lw	r2,-12(r30)
 1223  00001d60  20410001	addi	r1,r2,#1
 1224  00001d64  00011020	add	r2,r0,r1
 1225  00001d68  afc2fff4	sw	-12(r30),r2
 1226  00001d6c  0bffffa8	j	L49_LF2
 1227  00001d70  54000000	nop; delay slot nop
 1228  00001d74          	L50_LF2:
 1229  00001d74  0bffff7c	j	L46_LF2
 1230  00001d78  54000000	nop; delay slot nop
 1231  00001d7c          	L47_LF2:
 1232  00001d7c  20010000	addi	r1,r0,#0
 1233  00001d80  08000004	j	L45_LF2
 1234  00001d84  54000000	nop; delay slot nop
 1235  00001d88          	L45_LF2:
 1236  00001d88  8fa20000	lw	r2,0(r29)
 1237  00001d8c  8fdffff8	lw	r31,-8(r30)
 1238  00001d90  001ee820	add	r29,r0,r30
 1239  00001d94  8fdefffc	lw	r30,-4(r30)
 1240  00001d98  4be00000	jr	r31
 1241  00001d9c  54000000	nop
 1242  00001da0          	.endproc _dmindex
 1243  00001da0          	.align 2
 1244  00001da0          	.proc _dindex
 1245  00001da0          	.global _dindex
 1246  00001da0          	_dindex:
 1247                      ;  Function 'dindex'; 0 bytes of locals, 1 regs to save.
 1248  00001da0  afbefffc	sw	-4(r29),r30; push fp
 1249  00001da4  001df020	add	r30,r0,r29; fp = sp
 1250  00001da8  afbffff8	sw	-8(r29),r31; push ret addr
 1251  00001dac  2fbd0010	subui	r29,r29,#16; alloc local storage
 1252  00001db0  afa20000	sw	0(r29),r2
 1253  00001db4  54000000	nop
 1254  00001db8          	L55_LF2:
 1255  00001db8  8fc10000	lw	r1,(r30)
 1256  00001dbc  90220000	lbu	r2,(r1)
 1257  00001dc0  64410000	snei	r1,r2,#0
 1258  00001dc4  1420000c	bnez	r1,L57_LF2
 1259  00001dc8  54000000	nop; delay slot nop
 1260  00001dcc  08000040	j	L56_LF2
 1261  00001dd0  54000000	nop; delay slot nop
 1262  00001dd4          	L57_LF2:
 1263  00001dd4  8fc10000	lw	r1,(r30)
 1264  00001dd8  90220000	lbu	r2,(r1)
 1265  00001ddc  8fc10004	lw	r1,4(r30)
 1266  00001de0  00411028	seq	r2,r2,r1
 1267  00001de4  10400010	beqz	r2,L58_LF2
 1268  00001de8  54000000	nop; delay slot nop
 1269  00001dec  8fc10000	lw	r1,(r30)
 1270  00001df0  08000028	j	L54_LF2
 1271  00001df4  54000000	nop; delay slot nop
 1272  00001df8          	L58_LF2:
 1273  00001df8  8fc20000	lw	r2,(r30)
 1274  00001dfc  20410001	addi	r1,r2,#1
 1275  00001e00  00011020	add	r2,r0,r1
 1276  00001e04  afc20000	sw	(r30),r2
 1277  00001e08  0bffffac	j	L55_LF2
 1278  00001e0c  54000000	nop; delay slot nop
 1279  00001e10          	L56_LF2:
 1280  00001e10  20010000	addi	r1,r0,#0
 1281  00001e14  08000004	j	L54_LF2
 1282  00001e18  54000000	nop; delay slot nop
 1283  00001e1c          	L54_LF2:
 1284  00001e1c  8fa20000	lw	r2,0(r29)
 1285  00001e20  8fdffff8	lw	r31,-8(r30)
 1286  00001e24  001ee820	add	r29,r0,r30
 1287  00001e28  8fdefffc	lw	r30,-4(r30)
 1288  00001e2c  4be00000	jr	r31
 1289  00001e30  54000000	nop
 1290  00001e34          	.endproc _dindex
 1291  00001e34          	.align 2
 1292  00001e34          	.proc _ditoa
 1293  00001e34          	.global _ditoa
 1294  00001e34          	_ditoa:
 1295                      ;  Function 'ditoa'; 8 bytes of locals, 2 regs to save.
 1296  00001e34  afbefffc	sw	-4(r29),r30; push fp
 1297  00001e38  001df020	add	r30,r0,r29; fp = sp
 1298  00001e3c  afbffff8	sw	-8(r29),r31; push ret addr
 1299  00001e40  2fbd0018	subui	r29,r29,#24; alloc local storage
 1300  00001e44  afa20000	sw	0(r29),r2
 1301  00001e48  afa30004	sw	4(r29),r3
 1302  00001e4c  8fc10000	lw	r1,(r30)
 1303  00001e50  68220000	slti	r2,r1,#0
 1304  00001e54  1040002c	beqz	r2,L60_LF2
 1305  00001e58  54000000	nop; delay slot nop
 1306  00001e5c  8fc10004	lw	r1,4(r30)
 1307  00001e60  20220001	addi	r2,r1,#1
 1308  00001e64  afc20004	sw	4(r30),r2
 1309  00001e68  2002002d	addi	r2,r0,(#0x2d)&0xff
 1310  00001e6c  a0220000	sb	(r1),r2
 1311  00001e70  8fc10000	lw	r1,(r30)
 1312  00001e74  00011022	sub	r2,r0,r1
 1313  00001e78  afc20000	sw	(r30),r2
 1314  00001e7c  08000118	j	L61_LF2
 1315  00001e80  54000000	nop; delay slot nop
 1316  00001e84          	L60_LF2:
 1317  00001e84  8fc10000	lw	r1,(r30)
 1318  00001e88  64220000	snei	r2,r1,#0
 1319  00001e8c  14400020	bnez	r2,L62_LF2
 1320  00001e90  54000000	nop; delay slot nop
 1321  00001e94  8fc10004	lw	r1,4(r30)
 1322  00001e98  20220001	addi	r2,r1,#1
 1323  00001e9c  afc20004	sw	4(r30),r2
 1324  00001ea0  20020030	addi	r2,r0,(#0x30)&0xff
 1325  00001ea4  a0220000	sb	(r1),r2
 1326  00001ea8  080000ec	j	L61_LF2
 1327  00001eac  54000000	nop; delay slot nop
 1328  00001eb0          	L62_LF2:
 1329  00001eb0  20010001	addi	r1,r0,#1
 1330  00001eb4  afc1fff4	sw	-12(r30),r1
 1331  00001eb8          	L64_LF2:
 1332  00001eb8  8fc1fff4	lw	r1,-12(r30)
 1333  00001ebc  8fc20000	lw	r2,(r30)
 1334  00001ec0  0022082c	sle	r1,r1,r2
 1335  00001ec4  1420000c	bnez	r1,L66_LF2
 1336  00001ec8  54000000	nop; delay slot nop
 1337  00001ecc  08000024	j	L65_LF2
 1338  00001ed0  54000000	nop; delay slot nop
 1339  00001ed4          	L67_LF2:
 1340  00001ed4          	L66_LF2:
 1341  00001ed4  8fc1fff4	lw	r1,-12(r30)
 1342  00001ed8  00011820	add	r3,r0,r1
 1343  00001edc  50620002	slli	r2,r3,#0x2
 1344  00001ee0  00411020	add	r2,r2,r1
 1345  00001ee4  50410001	slli	r1,r2,#0x1
 1346  00001ee8  afc1fff4	sw	-12(r30),r1
 1347  00001eec  0bffffc8	j	L64_LF2
 1348  00001ef0  54000000	nop; delay slot nop
 1349  00001ef4          	L65_LF2:
 1350  00001ef4  54000000	nop
 1351  00001ef8          	L68_LF2:
 1352  00001ef8  8fc1fff4	lw	r1,-12(r30)
 1353  00001efc  2002000a	addi	r2,r0,#10
 1354  00001f00  00200035	movi2fp	f0,r1
 1355  00001f04  00400835	movi2fp	f1,r2
 1356  00001f08  0401000f	div	f0,f0,f1
 1357  00001f0c  00000834	movfp2i	r1,f0
 1358  00001f10  afc1fff4	sw	-12(r30),r1
 1359  00001f14  8fc10004	lw	r1,4(r30)
 1360  00001f18  20220001	addi	r2,r1,#1
 1361  00001f1c  afc20004	sw	4(r30),r2
 1362  00001f20  8fc20000	lw	r2,(r30)
 1363  00001f24  8fc3fff4	lw	r3,-12(r30)
 1364  00001f28  00400035	movi2fp	f0,r2
 1365  00001f2c  00600835	movi2fp	f1,r3
 1366  00001f30  0401000f	div	f0,f0,f1
 1367  00001f34  00001034	movfp2i	r2,f0
 1368  00001f38  00021820	add	r3,r0,r2
 1369  00001f3c  20620030	addi	r2,r3,#48
 1370  00001f40  a0220000	sb	(r1),r2
 1371  00001f44  8fc10000	lw	r1,(r30)
 1372  00001f48  8fc3fff4	lw	r3,-12(r30)
 1373  00001f4c  00200035	movi2fp	f0,r1
 1374  00001f50  00600835	movi2fp	f1,r3
 1375  00001f54  0401000f	div	f0,f0,f1
 1376  00001f58  00001034	movfp2i	r2,f0
 1377  00001f5c  8fc3fff4	lw	r3,-12(r30)
 1378  00001f60  00400035	movi2fp	f0,r2
 1379  00001f64  00600835	movi2fp	f1,r3
 1380  00001f68  0401000e	mult	f0,f0,f1
 1381  00001f6c  00001034	movfp2i	r2,f0
 1382  00001f70  00220822	sub	r1,r1,r2
 1383  00001f74  afc10000	sw	(r30),r1
 1384  00001f78          	L70_LF2:
 1385  00001f78  8fc1fff4	lw	r1,-12(r30)
 1386  00001f7c  6c220001	sgti	r2,r1,#1
 1387  00001f80  1440000c	bnez	r2,L71_LF2
 1388  00001f84  54000000	nop; delay slot nop
 1389  00001f88  0800000c	j	L61_LF2
 1390  00001f8c  54000000	nop; delay slot nop
 1391  00001f90          	L71_LF2:
 1392  00001f90  0bffff64	j	L68_LF2
 1393  00001f94  54000000	nop; delay slot nop
 1394  00001f98          	L69_LF2:
 1395  00001f98          	L63_LF2:
 1396  00001f98          	L61_LF2:
 1397  00001f98  8fc10004	lw	r1,4(r30)
 1398  00001f9c  20020000	addi	r2,r0,(#0x0)&0xff
 1399  00001fa0  a0220000	sb	(r1),r2
 1400  00001fa4          	L59_LF2:
 1401  00001fa4  8fa20000	lw	r2,0(r29)
 1402  00001fa8  8fa30004	lw	r3,4(r29)
 1403  00001fac  8fdffff8	lw	r31,-8(r30)
 1404  00001fb0  001ee820	add	r29,r0,r30
 1405  00001fb4  8fdefffc	lw	r30,-4(r30)
 1406  00001fb8  4be00000	jr	r31
 1407  00001fbc  54000000	nop
 1408  00001fc0          	.endproc _ditoa
 1409  00001fc0          	.align 2
 1410  00001fc0          	.proc _dstrtol
 1411  00001fc0          	.global _dstrtol
 1412  00001fc0          	_dstrtol:
 1413                      ;  Function 'dstrtol'; 16 bytes of locals, 1 regs to save.
 1414  00001fc0  afbefffc	sw	-4(r29),r30; push fp
 1415  00001fc4  001df020	add	r30,r0,r29; fp = sp
 1416  00001fc8  afbffff8	sw	-8(r29),r31; push ret addr
 1417  00001fcc  2fbd0020	subui	r29,r29,#32; alloc local storage
 1418  00001fd0  afa20000	sw	0(r29),r2
 1419  00001fd4  20010000	addi	r1,r0,#0
 1420  00001fd8  afc1fff4	sw	-12(r30),r1
 1421  00001fdc          	L73_LF2:
 1422  00001fdc  8fc10000	lw	r1,(r30)
 1423  00001fe0  90220000	lbu	r2,(r1)
 1424  00001fe4  60410020	seqi	r1,r2,#32
 1425  00001fe8  14200034	bnez	r1,L75_LF2
 1426  00001fec  54000000	nop; delay slot nop
 1427  00001ff0  8fc10000	lw	r1,(r30)
 1428  00001ff4  90220000	lbu	r2,(r1)
 1429  00001ff8  60410009	seqi	r1,r2,#9
 1430  00001ffc  14200020	bnez	r1,L75_LF2
 1431  00002000  54000000	nop; delay slot nop
 1432  00002004  8fc10000	lw	r1,(r30)
 1433  00002008  90220000	lbu	r2,(r1)
 1434  0000200c  6041000a	seqi	r1,r2,#10
 1435  00002010  1420000c	bnez	r1,L75_LF2
 1436  00002014  54000000	nop; delay slot nop
 1437  00002018  0800001c	j	L74_LF2
 1438  0000201c  54000000	nop; delay slot nop
 1439  00002020          	L75_LF2:
 1440  00002020  8fc20000	lw	r2,(r30)
 1441  00002024  20410001	addi	r1,r2,#1
 1442  00002028  00011020	add	r2,r0,r1
 1443  0000202c  afc20000	sw	(r30),r2
 1444  00002030  0bffffa8	j	L73_LF2
 1445  00002034  54000000	nop; delay slot nop
 1446  00002038          	L74_LF2:
 1447  00002038  8fc10004	lw	r1,4(r30)
 1448  0000203c  64220000	snei	r2,r1,#0
 1449  00002040  10400010	beqz	r2,L76_LF2
 1450  00002044  54000000	nop; delay slot nop
 1451  00002048  8fc10004	lw	r1,4(r30)
 1452  0000204c  8fc20000	lw	r2,(r30)
 1453  00002050  ac220000	sw	(r1),r2
 1454  00002054          	L76_LF2:
 1455  00002054  8fc10000	lw	r1,(r30)
 1456  00002058  90220000	lbu	r2,(r1)
 1457  0000205c  64410000	snei	r1,r2,#0
 1458  00002060  14200010	bnez	r1,L77_LF2
 1459  00002064  54000000	nop; delay slot nop
 1460  00002068  8fc1fff4	lw	r1,-12(r30)
 1461  0000206c  08000294	j	L72_LF2
 1462  00002070  54000000	nop; delay slot nop
 1463  00002074          	L77_LF2:
 1464  00002074  8fc10000	lw	r1,(r30)
 1465  00002078  90220000	lbu	r2,(r1)
 1466  0000207c  6041002d	seqi	r1,r2,#45
 1467  00002080  10200024	beqz	r1,L78_LF2
 1468  00002084  54000000	nop; delay slot nop
 1469  00002088  2001ffff	addi	r1,r0,#-1
 1470  0000208c  afc1ffec	sw	-20(r30),r1
 1471  00002090  8fc20000	lw	r2,(r30)
 1472  00002094  20410001	addi	r1,r2,#1
 1473  00002098  00011020	add	r2,r0,r1
 1474  0000209c  afc20000	sw	(r30),r2
 1475  000020a0  0800000c	j	L79_LF2
 1476  000020a4  54000000	nop; delay slot nop
 1477  000020a8          	L78_LF2:
 1478  000020a8  20010001	addi	r1,r0,#1
 1479  000020ac  afc1ffec	sw	-20(r30),r1
 1480  000020b0          	L79_LF2:
 1481  000020b0  8fc10008	lw	r1,8(r30)
 1482  000020b4  64220000	snei	r2,r1,#0
 1483  000020b8  14400090	bnez	r2,L80_LF2
 1484  000020bc  54000000	nop; delay slot nop
 1485  000020c0  8fc10000	lw	r1,(r30)
 1486  000020c4  90220000	lbu	r2,(r1)
 1487  000020c8  60410030	seqi	r1,r2,#48
 1488  000020cc  10200074	beqz	r1,L81_LF2
 1489  000020d0  54000000	nop; delay slot nop
 1490  000020d4  8fc20000	lw	r2,(r30)
 1491  000020d8  20410001	addi	r1,r2,#1
 1492  000020dc  00011020	add	r2,r0,r1
 1493  000020e0  afc20000	sw	(r30),r2
 1494  000020e4  8fc10000	lw	r1,(r30)
 1495  000020e8  90220000	lbu	r2,(r1)
 1496  000020ec  60410078	seqi	r1,r2,#120
 1497  000020f0  14200020	bnez	r1,L83_LF2
 1498  000020f4  54000000	nop; delay slot nop
 1499  000020f8  8fc10000	lw	r1,(r30)
 1500  000020fc  90220000	lbu	r2,(r1)
 1501  00002100  60410058	seqi	r1,r2,#88
 1502  00002104  1420000c	bnez	r1,L83_LF2
 1503  00002108  54000000	nop; delay slot nop
 1504  0000210c  08000024	j	L82_LF2
 1505  00002110  54000000	nop; delay slot nop
 1506  00002114          	L83_LF2:
 1507  00002114  20010010	addi	r1,r0,#16
 1508  00002118  afc10008	sw	8(r30),r1
 1509  0000211c  8fc20000	lw	r2,(r30)
 1510  00002120  20410001	addi	r1,r2,#1
 1511  00002124  00011020	add	r2,r0,r1
 1512  00002128  afc20000	sw	(r30),r2
 1513  0000212c  0800000c	j	L84_LF2
 1514  00002130  54000000	nop; delay slot nop
 1515  00002134          	L82_LF2:
 1516  00002134  20010008	addi	r1,r0,#8
 1517  00002138  afc10008	sw	8(r30),r1
 1518  0000213c          	L84_LF2:
 1519  0000213c  0800000c	j	L80_LF2
 1520  00002140  54000000	nop; delay slot nop
 1521  00002144          	L81_LF2:
 1522  00002144  2001000a	addi	r1,r0,#10
 1523  00002148  afc10008	sw	8(r30),r1
 1524  0000214c          	L85_LF2:
 1525  0000214c          	L80_LF2:
 1526  0000214c  8fc10008	lw	r1,8(r30)
 1527  00002150  70220000	slei	r2,r1,#0
 1528  00002154  1440001c	bnez	r2,L87_LF2
 1529  00002158  54000000	nop; delay slot nop
 1530  0000215c  8fc10008	lw	r1,8(r30)
 1531  00002160  6c220010	sgti	r2,r1,#16
 1532  00002164  1440000c	bnez	r2,L87_LF2
 1533  00002168  54000000	nop; delay slot nop
 1534  0000216c  08000010	j	L86_LF2
 1535  00002170  54000000	nop; delay slot nop
 1536  00002174          	L87_LF2:
 1537  00002174  8fc1fff4	lw	r1,-12(r30)
 1538  00002178  08000188	j	L72_LF2
 1539  0000217c  54000000	nop; delay slot nop
 1540  00002180          	L86_LF2:
 1541  00002180  54000000	nop
 1542  00002184          	L88_LF2:
 1543  00002184  8fc10000	lw	r1,(r30)
 1544  00002188  90220000	lbu	r2,(r1)
 1545  0000218c  6c41002f	sgtui	r1,r2,#47
 1546  00002190  10200030	beqz	r1,L91_LF2
 1547  00002194  54000000	nop; delay slot nop
 1548  00002198  8fc10000	lw	r1,(r30)
 1549  0000219c  90220000	lbu	r2,(r1)
 1550  000021a0  70410039	sleui	r1,r2,#57
 1551  000021a4  1020001c	beqz	r1,L91_LF2
 1552  000021a8  54000000	nop; delay slot nop
 1553  000021ac  8fc10000	lw	r1,(r30)
 1554  000021b0  90220000	lbu	r2,(r1)
 1555  000021b4  2041ffd0	addi	r1,r2,#-48
 1556  000021b8  afc1fff0	sw	-16(r30),r1
 1557  000021bc  0800008c	j	L92_LF2
 1558  000021c0  54000000	nop; delay slot nop
 1559  000021c4          	L91_LF2:
 1560  000021c4  8fc10000	lw	r1,(r30)
 1561  000021c8  90220000	lbu	r2,(r1)
 1562  000021cc  6c410060	sgtui	r1,r2,#96
 1563  000021d0  10200030	beqz	r1,L93_LF2
 1564  000021d4  54000000	nop; delay slot nop
 1565  000021d8  8fc10000	lw	r1,(r30)
 1566  000021dc  90220000	lbu	r2,(r1)
 1567  000021e0  7041007a	sleui	r1,r2,#122
 1568  000021e4  1020001c	beqz	r1,L93_LF2
 1569  000021e8  54000000	nop; delay slot nop
 1570  000021ec  8fc10000	lw	r1,(r30)
 1571  000021f0  90220000	lbu	r2,(r1)
 1572  000021f4  2041ffa9	addi	r1,r2,#-87
 1573  000021f8  afc1fff0	sw	-16(r30),r1
 1574  000021fc  0800004c	j	L92_LF2
 1575  00002200  54000000	nop; delay slot nop
 1576  00002204          	L93_LF2:
 1577  00002204  8fc10000	lw	r1,(r30)
 1578  00002208  90220000	lbu	r2,(r1)
 1579  0000220c  6c410040	sgtui	r1,r2,#64
 1580  00002210  10200030	beqz	r1,L95_LF2
 1581  00002214  54000000	nop; delay slot nop
 1582  00002218  8fc10000	lw	r1,(r30)
 1583  0000221c  90220000	lbu	r2,(r1)
 1584  00002220  7041005a	sleui	r1,r2,#90
 1585  00002224  1020001c	beqz	r1,L95_LF2
 1586  00002228  54000000	nop; delay slot nop
 1587  0000222c  8fc10000	lw	r1,(r30)
 1588  00002230  90220000	lbu	r2,(r1)
 1589  00002234  2041ffc9	addi	r1,r2,#-55
 1590  00002238  afc1fff0	sw	-16(r30),r1
 1591  0000223c  0800000c	j	L92_LF2
 1592  00002240  54000000	nop; delay slot nop
 1593  00002244          	L95_LF2:
 1594  00002244  200103e8	addi	r1,r0,#1000
 1595  00002248  afc1fff0	sw	-16(r30),r1
 1596  0000224c          	L96_LF2:
 1597  0000224c          	L94_LF2:
 1598  0000224c          	L92_LF2:
 1599  0000224c  8fc1fff0	lw	r1,-16(r30)
 1600  00002250  8fc20008	lw	r2,8(r30)
 1601  00002254  0022082a	slt	r1,r1,r2
 1602  00002258  10200040	beqz	r1,L90_LF2
 1603  0000225c  54000000	nop; delay slot nop
 1604  00002260  8fc1fff4	lw	r1,-12(r30)
 1605  00002264  8fc20008	lw	r2,8(r30)
 1606  00002268  00200035	movi2fp	f0,r1
 1607  0000226c  00400835	movi2fp	f1,r2
 1608  00002270  0401000e	mult	f0,f0,f1
 1609  00002274  00000834	movfp2i	r1,f0
 1610  00002278  afc1fff4	sw	-12(r30),r1
 1611  0000227c  8fc1fff4	lw	r1,-12(r30)
 1612  00002280  8fc2fff0	lw	r2,-16(r30)
 1613  00002284  00220820	add	r1,r1,r2
 1614  00002288  afc1fff4	sw	-12(r30),r1
 1615  0000228c  8fc20000	lw	r2,(r30)
 1616  00002290  20410001	addi	r1,r2,#1
 1617  00002294  00011020	add	r2,r0,r1
 1618  00002298  afc20000	sw	(r30),r2
 1619  0000229c          	L97_LF2:
 1620  0000229c          	L90_LF2:
 1621  0000229c  8fc1fff0	lw	r1,-16(r30)
 1622  000022a0  8fc20008	lw	r2,8(r30)
 1623  000022a4  0022082a	slt	r1,r1,r2
 1624  000022a8  1420000c	bnez	r1,L98_LF2
 1625  000022ac  54000000	nop; delay slot nop
 1626  000022b0  0800000c	j	L89_LF2
 1627  000022b4  54000000	nop; delay slot nop
 1628  000022b8          	L98_LF2:
 1629  000022b8  0bfffec8	j	L88_LF2
 1630  000022bc  54000000	nop; delay slot nop
 1631  000022c0          	L89_LF2:
 1632  000022c0  8fc10004	lw	r1,4(r30)
 1633  000022c4  64220000	snei	r2,r1,#0
 1634  000022c8  10400010	beqz	r2,L99_LF2
 1635  000022cc  54000000	nop; delay slot nop
 1636  000022d0  8fc10004	lw	r1,4(r30)
 1637  000022d4  8fc20000	lw	r2,(r30)
 1638  000022d8  ac220000	sw	(r1),r2
 1639  000022dc          	L99_LF2:
 1640  000022dc  8fc1fff4	lw	r1,-12(r30)
 1641  000022e0  8fc2ffec	lw	r2,-20(r30)
 1642  000022e4  00200035	movi2fp	f0,r1
 1643  000022e8  00400835	movi2fp	f1,r2
 1644  000022ec  0401000e	mult	f0,f0,f1
 1645  000022f0  00000834	movfp2i	r1,f0
 1646  000022f4  afc1fff4	sw	-12(r30),r1
 1647  000022f8  8fc1fff4	lw	r1,-12(r30)
 1648  000022fc  08000004	j	L72_LF2
 1649  00002300  54000000	nop; delay slot nop
 1650  00002304          	L72_LF2:
 1651  00002304  8fa20000	lw	r2,0(r29)
 1652  00002308  8fdffff8	lw	r31,-8(r30)
 1653  0000230c  001ee820	add	r29,r0,r30
 1654  00002310  8fdefffc	lw	r30,-4(r30)
 1655  00002314  4be00000	jr	r31
 1656  00002318  54000000	nop
 1657  0000231c          	.endproc _dstrtol
 1658  0000231c          	.align 2
 1659  0000231c          	.proc _bcopy
 1660  0000231c          	.global _bcopy
 1661  0000231c          	_bcopy:
 1662                      ;  Function 'bcopy'; 0 bytes of locals, 2 regs to save.
 1663  0000231c  afbefffc	sw	-4(r29),r30; push fp
 1664  00002320  001df020	add	r30,r0,r29; fp = sp
 1665  00002324  afbffff8	sw	-8(r29),r31; push ret addr
 1666  00002328  2fbd0010	subui	r29,r29,#16; alloc local storage
 1667  0000232c  afa20000	sw	0(r29),r2
 1668  00002330  afa30004	sw	4(r29),r3
 1669  00002334  54000000	nop
 1670  00002338          	L101_LF2:
 1671  00002338  8fc10008	lw	r1,8(r30)
 1672  0000233c  2022ffff	addi	r2,r1,#-1
 1673  00002340  afc20008	sw	8(r30),r2
 1674  00002344  6c210000	sgti	r1,r1,#0
 1675  00002348  1420000c	bnez	r1,L103_LF2
 1676  0000234c  54000000	nop; delay slot nop
 1677  00002350  0800002c	j	L102_LF2
 1678  00002354  54000000	nop; delay slot nop
 1679  00002358          	L103_LF2:
 1680  00002358  8fc10004	lw	r1,4(r30)
 1681  0000235c  20220001	addi	r2,r1,#1
 1682  00002360  afc20004	sw	4(r30),r2
 1683  00002364  8fc20000	lw	r2,(r30)
 1684  00002368  20430001	addi	r3,r2,#1
 1685  0000236c  afc30000	sw	(r30),r3
 1686  00002370  80420000	lb	r2,(r2)
 1687  00002374  a0220000	sb	(r1),r2
 1688  00002378  0bffffbc	j	L101_LF2
 1689  0000237c  54000000	nop; delay slot nop
 1690  00002380          	L102_LF2:
 1691  00002380          	L100_LF2:
 1692  00002380  8fa20000	lw	r2,0(r29)
 1693  00002384  8fa30004	lw	r3,4(r29)
 1694  00002388  8fdffff8	lw	r31,-8(r30)
 1695  0000238c  001ee820	add	r29,r0,r30
 1696  00002390  8fdefffc	lw	r30,-4(r30)
 1697  00002394  4be00000	jr	r31
 1698  00002398  54000000	nop
 1699  0000239c          	.endproc _bcopy
 1700  0000239c          	.align 2
 1701  0000239c          	.proc _bzero
 1702  0000239c          	.global _bzero
 1703  0000239c          	_bzero:
 1704                      ;  Function 'bzero'; 0 bytes of locals, 1 regs to save.
 1705  0000239c  afbefffc	sw	-4(r29),r30; push fp
 1706  000023a0  001df020	add	r30,r0,r29; fp = sp
 1707  000023a4  afbffff8	sw	-8(r29),r31; push ret addr
 1708  000023a8  2fbd0010	subui	r29,r29,#16; alloc local storage
 1709  000023ac  afa20000	sw	0(r29),r2
 1710  000023b0  54000000	nop
 1711  000023b4          	L105_LF2:
 1712  000023b4  8fc10004	lw	r1,4(r30)
 1713  000023b8  2022ffff	addi	r2,r1,#-1
 1714  000023bc  afc20004	sw	4(r30),r2
 1715  000023c0  6c210000	sgti	r1,r1,#0
 1716  000023c4  1420000c	bnez	r1,L107_LF2
 1717  000023c8  54000000	nop; delay slot nop
 1718  000023cc  08000020	j	L106_LF2
 1719  000023d0  54000000	nop; delay slot nop
 1720  000023d4          	L107_LF2:
 1721  000023d4  8fc10000	lw	r1,(r30)
 1722  000023d8  20220001	addi	r2,r1,#1
 1723  000023dc  afc20000	sw	(r30),r2
 1724  000023e0  20020000	addi	r2,r0,(#0x0)&0xff
 1725  000023e4  a0220000	sb	(r1),r2
 1726  000023e8  0bffffc8	j	L105_LF2
 1727  000023ec  54000000	nop; delay slot nop
 1728  000023f0          	L106_LF2:
 1729  000023f0          	L104_LF2:
 1730  000023f0  8fa20000	lw	r2,0(r29)
 1731  000023f4  8fdffff8	lw	r31,-8(r30)
 1732  000023f8  001ee820	add	r29,r0,r30
 1733  000023fc  8fdefffc	lw	r30,-4(r30)
 1734  00002400  4be00000	jr	r31
 1735  00002404  54000000	nop
 1736  00002408          	.endproc _bzero
 1737  00002408          	.align 2
 1738  00002408          	.proc _min
 1739  00002408          	.global _min
 1740  00002408          	_min:
 1741                      ;  Function 'min'; 0 bytes of locals, 2 regs to save.
 1742  00002408  afbefffc	sw	-4(r29),r30; push fp
 1743  0000240c  001df020	add	r30,r0,r29; fp = sp
 1744  00002410  afbffff8	sw	-8(r29),r31; push ret addr
 1745  00002414  2fbd0010	subui	r29,r29,#16; alloc local storage
 1746  00002418  afa20000	sw	0(r29),r2
 1747  0000241c  afa30004	sw	4(r29),r3
 1748  00002420  8fc10000	lw	r1,(r30)
 1749  00002424  8fc20004	lw	r2,4(r30)
 1750  00002428  0022182c	sle	r3,r1,r2
 1751  0000242c  14600008	bnez	r3,L109_LF2
 1752  00002430  54000000	nop; delay slot nop
 1753  00002434  8fc10004	lw	r1,4(r30)
 1754  00002438          	L109_LF2:
 1755  00002438  08000004	j	L108_LF2
 1756  0000243c  54000000	nop; delay slot nop
 1757  00002440          	L108_LF2:
 1758  00002440  8fa20000	lw	r2,0(r29)
 1759  00002444  8fa30004	lw	r3,4(r29)
 1760  00002448  8fdffff8	lw	r31,-8(r30)
 1761  0000244c  001ee820	add	r29,r0,r30
 1762  00002450  8fdefffc	lw	r30,-4(r30)
 1763  00002454  4be00000	jr	r31
 1764  00002458  54000000	nop
 1765  0000245c          	.endproc _min
 1766  0000245c          	.align 2
 1767  0000245c          	.proc _max
 1768  0000245c          	.global _max
 1769  0000245c          	_max:
 1770                      ;  Function 'max'; 0 bytes of locals, 2 regs to save.
 1771  0000245c  afbefffc	sw	-4(r29),r30; push fp
 1772  00002460  001df020	add	r30,r0,r29; fp = sp
 1773  00002464  afbffff8	sw	-8(r29),r31; push ret addr
 1774  00002468  2fbd0010	subui	r29,r29,#16; alloc local storage
 1775  0000246c  afa20000	sw	0(r29),r2
 1776  00002470  afa30004	sw	4(r29),r3
 1777  00002474  8fc10000	lw	r1,(r30)
 1778  00002478  8fc20004	lw	r2,4(r30)
 1779  0000247c  0022182d	sge	r3,r1,r2
 1780  00002480  14600008	bnez	r3,L111_LF2
 1781  00002484  54000000	nop; delay slot nop
 1782  00002488  8fc10004	lw	r1,4(r30)
 1783  0000248c          	L111_LF2:
 1784  0000248c  08000004	j	L110_LF2
 1785  00002490  54000000	nop; delay slot nop
 1786  00002494          	L110_LF2:
 1787  00002494  8fa20000	lw	r2,0(r29)
 1788  00002498  8fa30004	lw	r3,4(r29)
 1789  0000249c  8fdffff8	lw	r31,-8(r30)
 1790  000024a0  001ee820	add	r29,r0,r30
 1791  000024a4  8fdefffc	lw	r30,-4(r30)
 1792  000024a8  4be00000	jr	r31
 1793  000024ac  54000000	nop
 1794  000024b0          	.endproc _max
 1795                      ;;; Ethan L. Miller, 1999.  Released to the public domain
 1796                      ;;;
 1797                      ;;; Most of the traps are called in files from libtraps.
 1800  000024b0          	.align 2
 1801  000024b0          	.proc _exit
 1802  000024b0          	.global _exit
 1803  000024b0          	_exit:
 1804  000024b0  44000300	trap	#0x300
 1805  000024b4  4be00000	jr	r31
 1806  000024b8  54000000	nop
 1807  000024bc          	.endproc _exit
 1809                      ; for the benefit of gcc.
 1810  000024bc          	.proc ___main
 1811  000024bc          	.global ___main
 1812  000024bc          	___main:
 1813  000024bc  4be00000	jr	r31
 1814  000024c0  54000000	nop
 1815  000024c4          	.endproc ___main
 1816  000024c4          	.text
 1817  000024c4          	.global _etext
 1818  000024c4          	_etext:
 1819  000024c4          	.align 3
 1820  000024c8          	.data
 1821  00003227          	.global _edata
 1822  00003227          	_edata:
