 line   address	contents
    1                      ; Linked by DLX-LD.
    2                      ; MemSize 45056
    3                      ; Data size: 22980
    4                      ; Text size: 5780
    5                      ; Stack size: 8192
    6  00000000          	.text 0x1000
    7  00001000          	.data 0x3000
    8                      ; Compiled by GCC
    9  00003000          	.text
   10  00001000          	.align 2
   11  00001000          	.proc _isspace
   12  00001000          	.global _isspace
   13  00001000          	_isspace:
   14                      ;  Function 'isspace'; 0 bytes of locals, 1 regs to save.
   15  00001000  afbefffc	sw	-4(r29),r30; push fp
   16  00001004  001df020	add	r30,r0,r29; fp = sp
   17  00001008  afbffff8	sw	-8(r29),r31; push ret addr
   18  0000100c  2fbd0010	subui	r29,r29,#16; alloc local storage
   19  00001010  afa20000	sw	0(r29),r2
   20  00001014  83c20003	lb	r2,3(r30)
   21  00001018  201f0000	addi	r31,r0,#0
   22  0000101c  304100ff	andi	r1,r2,#0x00ff
   23  00001020  60210020	seqi	r1,r1,#32
   24  00001024  14200018	bnez	r1,L6_LF0
   25  00001028  54000000	nop; not filled.
   26  0000102c  2041fff7	addi	r1,r2,#-9
   27  00001030  302100ff	andi	r1,r1,#0x00ff
   28  00001034  70210001	sleui	r1,r1,#1
   29  00001038  10200008	beqz	r1,L5_LF0
   30  0000103c  54000000	nop; not filled.
   31  00001040          	L6_LF0:
   32  00001040  201f0001	addi	r31,r0,#1
   33  00001044          	L5_LF0:
   34  00001044  001f0820	add	r1,r0,r31
   35  00001048  8fa20000	lw	r2,0(r29)
   36  0000104c  8fdffff8	lw	r31,-8(r30)
   37  00001050  001ee820	add	r29,r0,r30
   38  00001054  8fdefffc	lw	r30,-4(r30)
   39  00001058  4be00000	jr	r31
   40  0000105c  54000000	nop
   41  00001060          	.endproc _isspace
   42  00001060          	.align 2
   43  00001060          	.proc _isxdigit
   44  00001060          	.global _isxdigit
   45  00001060          	_isxdigit:
   46                      ;  Function 'isxdigit'; 0 bytes of locals, 1 regs to save.
   47  00001060  afbefffc	sw	-4(r29),r30; push fp
   48  00001064  001df020	add	r30,r0,r29; fp = sp
   49  00001068  afbffff8	sw	-8(r29),r31; push ret addr
   50  0000106c  2fbd0010	subui	r29,r29,#16; alloc local storage
   51  00001070  afa20000	sw	0(r29),r2
   52  00001074  83df0003	lb	r31,3(r30)
   53  00001078  20020000	addi	r2,r0,#0
   54  0000107c  23e1ffd0	addi	r1,r31,#-48
   55  00001080  302100ff	andi	r1,r1,#0x00ff
   56  00001084  70210009	sleui	r1,r1,#9
   57  00001088  14200028	bnez	r1,L12_LF0
   58  0000108c  54000000	nop; not filled.
   59  00001090  23e1ff9f	addi	r1,r31,#-97
   60  00001094  302100ff	andi	r1,r1,#0x00ff
   61  00001098  70210005	sleui	r1,r1,#5
   62  0000109c  14200014	bnez	r1,L12_LF0
   63  000010a0  54000000	nop; not filled.
   64  000010a4  33e100ff	andi	r1,r31,#0x00ff
   65  000010a8  64210041	snei	r1,r1,#65
   66  000010ac  14200008	bnez	r1,L11_LF0
   67  000010b0  54000000	nop; not filled.
   68  000010b4          	L12_LF0:
   69  000010b4  20020001	addi	r2,r0,#1
   70  000010b8          	L11_LF0:
   71  000010b8  00020820	add	r1,r0,r2
   72  000010bc  8fa20000	lw	r2,0(r29)
   73  000010c0  8fdffff8	lw	r31,-8(r30)
   74  000010c4  001ee820	add	r29,r0,r30
   75  000010c8  8fdefffc	lw	r30,-4(r30)
   76  000010cc  4be00000	jr	r31
   77  000010d0  54000000	nop
   78  000010d4          	.endproc _isxdigit
   79  000010d4          	.global _diskblocksize
   80  000010d4          	.data
   81  00003000          	.align 2
   82  00003000          	_diskblocksize:
   83  00003000  00000000	.word 0
   84  00003004          	.global _disksize
   85  00003004          	.align 2
   86  00003004          	_disksize:
   87  00003004  00000000	.word 0
   88  00003008          	.align 2
   89  00003008          	LC0_LF0:
   90  00003008  54686572	.ascii "There should not be any args!\n\000"
   90  0000300c  65207368	
   90  00003010  6f756c64	
   90  00003014  206e6f74	
   90  00003018  20626520	
   90  0000301c  616e7920	
   90  00003020  61726773	
   90  00003024  210a00  	
   91  00003027          	.align 2
   92  00003028          	LC1_LF0:
   93  00003028  28256429	.ascii "(%d) Sizeof dfs_inode is %d\n\000"
   93  0000302c  2053697a	
   93  00003030  656f6620	
   93  00003034  6466735f	
   93  00003038  696e6f64	
   93  0000303c  65206973	
   93  00003040  2025640a	
   93  00003044  00      	
   94  00003045          	.align 2
   95  00003048          	LC2_LF0:
   96  00003048  28256429	.ascii "(%d) diskblocksize = %d, disksize = %d\n\000"
   96  0000304c  20646973	
   96  00003050  6b626c6f	
   96  00003054  636b7369	
   96  00003058  7a65203d	
   96  0000305c  2025642c	
   96  00003060  20646973	
   96  00003064  6b73697a	
   96  00003068  65203d20	
   96  0000306c  25640a00	
   97  00003070          	.align 2
   98  00003070          	LC3_LF0:
   99  00003070  28256429	.ascii "(%d) init superblock\n\000"
   99  00003074  20696e69	
   99  00003078  74207375	
   99  0000307c  70657262	
   99  00003080  6c6f636b	
   99  00003084  0a00    	
  100  00003086          	.align 2
  101  00003088          	LC4_LF0:
  102  00003088  6469736b	.ascii "disk_create() FAIL!\n\000"
  102  0000308c  5f637265	
  102  00003090  61746528	
  102  00003094  29204641	
  102  00003098  494c210a	
  102  0000309c  00      	
  103  0000309d          	.align 2
  104  000030a0          	LC5_LF0:
  105  000030a0  28256429	.ascii "(%d) write inode blocks\n\000"
  105  000030a4  20777269	
  105  000030a8  74652069	
  105  000030ac  6e6f6465	
  105  000030b0  20626c6f	
  105  000030b4  636b730a	
  105  000030b8  00      	
  106  000030b9          	.align 2
  107  000030bc          	LC6_LF0:
  108  000030bc  28256429	.ascii "(%d) done with writing inode blocks\n\000"
  108  000030c0  20646f6e	
  108  000030c4  65207769	
  108  000030c8  74682077	
  108  000030cc  72697469	
  108  000030d0  6e672069	
  108  000030d4  6e6f6465	
  108  000030d8  20626c6f	
  108  000030dc  636b730a	
  108  000030e0  00      	
  109  000030e1          	.align 2
  110  000030e4          	LC7_LF0:
  111  000030e4  28256429	.ascii "(%d) write fbv blocks\n\000"
  111  000030e8  20777269	
  111  000030ec  74652066	
  111  000030f0  62762062	
  111  000030f4  6c6f636b	
  111  000030f8  730a00  	
  112  000030fb          	.align 2
  113  000030fc          	LC8_LF0:
  114  000030fc  28256429	.ascii "(%d) done with writing fbv blocks\n\000"
  114  00003100  20646f6e	
  114  00003104  65207769	
  114  00003108  74682077	
  114  0000310c  72697469	
  114  00003110  6e672066	
  114  00003114  62762062	
  114  00003118  6c6f636b	
  114  0000311c  730a00  	
  115  0000311f          	.align 2
  116  00003120          	LC9_LF0:
  117  00003120  28256429	.ascii "(%d) write first and second physical blocks\n\000"
  117  00003124  20777269	
  117  00003128  74652066	
  117  0000312c  69727374	
  117  00003130  20616e64	
  117  00003134  20736563	
  117  00003138  6f6e6420	
  117  0000313c  70687973	
  117  00003140  6963616c	
  117  00003144  20626c6f	
  117  00003148  636b730a	
  117  0000314c  00      	
  118  0000314d          	.align 2
  119  00003150          	LC10_LF0:
  120  00003150  66646973	.ascii "fdisk (%d): Formatted DFS disk for %d bytes.\n\000"
  120  00003154  6b202825	
  120  00003158  64293a20	
  120  0000315c  466f726d	
  120  00003160  61747465	
  120  00003164  64204446	
  120  00003168  53206469	
  120  0000316c  736b2066	
  120  00003170  6f722025	
  120  00003174  64206279	
  120  00003178  7465732e	
  120  0000317c  0a00    	
  121  0000317e          	.text
  122  000010d4          	.align 2
  123  000010d4          	.proc _main
  124  000010d4          	.global _main
  125  000010d4          	_main:
  126                      ;  Function 'main'; 512 bytes of locals, 0 regs to save.
  127  000010d4  afbefffc	sw	-4(r29),r30; push fp
  128  000010d8  001df020	add	r30,r0,r29; fp = sp
  129  000010dc  afbffff8	sw	-8(r29),r31; push ret addr
  130  000010e0  2fbd0208	subui	r29,r29,#520; alloc local storage
  131  000010e4  8fc20000	lw	r2,(r30)
  132  000010e8  0c0015a0	jal	___main
  133  000010ec  54000000	nop; not filled.
  134  000010f0  6c410001	sgti	r1,r2,#1
  135  000010f4  10200028	beqz	r1,L14_LF0
  136  000010f8  54000000	nop; not filled.
  137  000010fc  23bdfff8	addi	r29,r29,#-8
  138  00001100  3c070000	lhi	r7,((LC0_LF0)>>16)&0xffff
  139  00001104  24e73008	addui	r7,r7,(LC0_LF0)&0xffff
  140  00001108  afa70000	sw	(r29),r7
  141  0000110c  0c00063c	jal	_Printf
  142  00001110  54000000	nop; not filled.
  143  00001114  0c0007cc	jal	_Exit
  144  00001118  54000000	nop; not filled.
  145  0000111c  23bd0008	addi	r29,r29,#8
  146  00001120          	L14_LF0:
  147  00001120  23bdfff8	addi	r29,r29,#-8
  148  00001124  23c6fdf8	addi	r6,r30,#-520
  149  00001128  afa60000	sw	(r29),r6
  150  0000112c  20070200	addi	r7,r0,#512
  151  00001130  afa70004	sw	4(r29),r7
  152  00001134  0c001434	jal	_bzero
  153  00001138  54000000	nop; not filled.
  154  0000113c  0c00072c	jal	_disk_blocksize
  155  00001140  54000000	nop; not filled.
  156  00001144  3c030000	lhi	r3,((_diskblocksize)>>16)&0xffff
  157  00001148  24633000	addui	r3,r3,(_diskblocksize)&0xffff
  158  0000114c  ac610000	sw	(r3),r1
  159  00001150  0c00070c	jal	_disk_size
  160  00001154  54000000	nop; not filled.
  161  00001158  3c020000	lhi	r2,((_disksize)>>16)&0xffff
  162  0000115c  24423004	addui	r2,r2,(_disksize)&0xffff
  163  00001160  ac410000	sw	(r2),r1
  164  00001164  0c0005f0	jal	_getpid
  165  00001168  54000000	nop; not filled.
  166  0000116c  23bdfff8	addi	r29,r29,#-8
  167  00001170  3c070000	lhi	r7,((LC1_LF0)>>16)&0xffff
  168  00001174  24e73028	addui	r7,r7,(LC1_LF0)&0xffff
  169  00001178  afa70000	sw	(r29),r7
  170  0000117c  afa10004	sw	4(r29),r1
  171  00001180  20070060	addi	r7,r0,#96
  172  00001184  afa70008	sw	8(r29),r7
  173  00001188  0c0005c0	jal	_Printf
  174  0000118c  54000000	nop; not filled.
  175  00001190  0c0005c4	jal	_getpid
  176  00001194  54000000	nop; not filled.
  177  00001198  3c070000	lhi	r7,((LC2_LF0)>>16)&0xffff
  178  0000119c  24e73048	addui	r7,r7,(LC2_LF0)&0xffff
  179  000011a0  afa70000	sw	(r29),r7
  180  000011a4  afa10004	sw	4(r29),r1
  181  000011a8  8c630000	lw	r3,(r3)
  182  000011ac  afa30008	sw	8(r29),r3
  183  000011b0  8c470000	lw	r7,(r2)
  184  000011b4  afa7000c	sw	12(r29),r7
  185  000011b8  0c000590	jal	_Printf
  186  000011bc  54000000	nop; not filled.
  187  000011c0  0c000594	jal	_getpid
  188  000011c4  54000000	nop; not filled.
  189  000011c8  3c070000	lhi	r7,((LC3_LF0)>>16)&0xffff
  190  000011cc  24e73070	addui	r7,r7,(LC3_LF0)&0xffff
  191  000011d0  afa70000	sw	(r29),r7
  192  000011d4  afa10004	sw	4(r29),r1
  193  000011d8  0c000570	jal	_Printf
  194  000011dc  54000000	nop; not filled.
  195  000011e0  0c0006a0	jal	_dfs_invalidate
  196  000011e4  54000000	nop; not filled.
  197  000011e8  3c030000	lhi	r3,((_sb)>>16)&0xffff
  198  000011ec  246331a0	addui	r3,r3,(_sb)&0xffff
  199  000011f0  20070000	addi	r7,r0,#0
  200  000011f4  ac670000	sw	(r3),r7
  201  000011f8  20070200	addi	r7,r0,#512
  202  000011fc  ac670004	sw	4(r3),r7
  203  00001200  8c420000	lw	r2,(r2)
  204  00001204  8c610004	lw	r1,4(r3)
  205  00001208  00400035	movi2fp	f0,r2
  206  0000120c  00200835	movi2fp	f1,r1
  207  00001210  0401000f	div	f0,f0,f1
  208  00001214  00000834	movfp2i	r1,f0
  209  00001218  ac610008	sw	8(r3),r1
  210  0000121c  20070001	addi	r7,r0,#1
  211  00001220  ac67000c	sw	12(r3),r7
  212  00001224  200700c0	addi	r7,r0,#192
  213  00001228  ac670010	sw	16(r3),r7
  214  0000122c  20070025	addi	r7,r0,#37
  215  00001230  ac670014	sw	20(r3),r7
  216  00001234  20070400	addi	r7,r0,#1024
  217  00001238  ac670018	sw	24(r3),r7
  218  0000123c  20070008	addi	r7,r0,#8
  219  00001240  ac67001c	sw	28(r3),r7
  220  00001244  20650014	addi	r5,r3,#20
  221  00001248  8ca20000	lw	r2,(r5)
  222  0000124c  8c61001c	lw	r1,28(r3)
  223  00001250  00410820	add	r1,r2,r1
  224  00001254  ac610020	sw	32(r3),r1
  225  00001258  0c00061c	jal	_disk_create
  226  0000125c  54000000	nop; not filled.
  227  00001260  23bd0010	addi	r29,r29,#16
  228  00001264  6021ffff	seqi	r1,r1,#-1
  229  00001268  10200028	beqz	r1,L15_LF0
  230  0000126c  54000000	nop; not filled.
  231  00001270  23bdfff8	addi	r29,r29,#-8
  232  00001274  3c070000	lhi	r7,((LC4_LF0)>>16)&0xffff
  233  00001278  24e73088	addui	r7,r7,(LC4_LF0)&0xffff
  234  0000127c  afa70000	sw	(r29),r7
  235  00001280  0c0004c8	jal	_Printf
  236  00001284  54000000	nop; not filled.
  237  00001288  0c000658	jal	_Exit
  238  0000128c  54000000	nop; not filled.
  239  00001290  23bd0008	addi	r29,r29,#8
  240  00001294          	L15_LF0:
  241  00001294  0c0004c0	jal	_getpid
  242  00001298  54000000	nop; not filled.
  243  0000129c  23bdfff8	addi	r29,r29,#-8
  244  000012a0  3c070000	lhi	r7,((LC5_LF0)>>16)&0xffff
  245  000012a4  24e730a0	addui	r7,r7,(LC5_LF0)&0xffff
  246  000012a8  afa70000	sw	(r29),r7
  247  000012ac  afa10004	sw	4(r29),r1
  248  000012b0  0c000498	jal	_Printf
  249  000012b4  54000000	nop; not filled.
  250  000012b8  8c64000c	lw	r4,12(r3)
  251  000012bc  23bd0008	addi	r29,r29,#8
  252  000012c0  8ca10000	lw	r1,(r5)
  253  000012c4  0081082a	slt	r1,r4,r1
  254  000012c8  10200038	beqz	r1,L17_LF0
  255  000012cc  54000000	nop; not filled.
  256  000012d0  00061820	add	r3,r0,r6
  257  000012d4  00051020	add	r2,r0,r5
  258  000012d8          	L19_LF0:
  259  000012d8  23bdfff8	addi	r29,r29,#-8
  260  000012dc  afa40000	sw	(r29),r4
  261  000012e0  afa30004	sw	4(r29),r3
  262  000012e4  0c000270	jal	_FdiskWriteBlock
  263  000012e8  54000000	nop; not filled.
  264  000012ec  23bd0008	addi	r29,r29,#8
  265  000012f0  20840001	addi	r4,r4,#1
  266  000012f4  8c410000	lw	r1,(r2)
  267  000012f8  0081082a	slt	r1,r4,r1
  268  000012fc  1420ffd8	bnez	r1,L19_LF0
  269  00001300  54000000	nop; not filled.
  270  00001304          	L17_LF0:
  271  00001304  0c000450	jal	_getpid
  272  00001308  54000000	nop; not filled.
  273  0000130c  23bdfff8	addi	r29,r29,#-8
  274  00001310  3c070000	lhi	r7,((LC6_LF0)>>16)&0xffff
  275  00001314  24e730bc	addui	r7,r7,(LC6_LF0)&0xffff
  276  00001318  afa70000	sw	(r29),r7
  277  0000131c  afa10004	sw	4(r29),r1
  278  00001320  0c000428	jal	_Printf
  279  00001324  54000000	nop; not filled.
  280  00001328  0c00042c	jal	_getpid
  281  0000132c  54000000	nop; not filled.
  282  00001330  3c070000	lhi	r7,((LC7_LF0)>>16)&0xffff
  283  00001334  24e730e4	addui	r7,r7,(LC7_LF0)&0xffff
  284  00001338  afa70000	sw	(r29),r7
  285  0000133c  afa10004	sw	4(r29),r1
  286  00001340  0c000408	jal	_Printf
  287  00001344  54000000	nop; not filled.
  288  00001348  23bd0008	addi	r29,r29,#8
  289  0000134c  3c020000	lhi	r2,((_fbv)>>16)&0xffff
  290  00001350  244279c4	addui	r2,r2,(_fbv)&0xffff
  291  00001354  20430ffc	addi	r3,r2,#4092
  292  00001358          	L24_LF0:
  293  00001358  20070000	addi	r7,r0,#0
  294  0000135c  ac470000	sw	(r2),r7
  295  00001360  20420004	addi	r2,r2,#4
  296  00001364  0043082c	sle	r1,r2,r3
  297  00001368  1420ffec	bnez	r1,L24_LF0
  298  0000136c  54000000	nop; not filled.
  299  00001370  3c010000	lhi	r1,((_sb+32)>>16)&0xffff
  300  00001374  242131c0	addui	r1,r1,(_sb+32)&0xffff
  301  00001378  8c240000	lw	r4,(r1)
  302  0000137c  2022ffe8	addi	r2,r1,#-24
  303  00001380  8c410000	lw	r1,(r2)
  304  00001384  0081082a	slt	r1,r4,r1
  305  00001388  10200060	beqz	r1,L27_LF0
  306  0000138c  54000000	nop; not filled.
  307  00001390  3c060000	lhi	r6,((_fbv)>>16)&0xffff
  308  00001394  24c679c4	addui	r6,r6,(_fbv)&0xffff
  309  00001398  201f0001	addi	r31,r0,#1
  310  0000139c  00022820	add	r5,r0,r2
  311  000013a0          	L29_LF0:
  312  000013a0  00041020	add	r2,r0,r4
  313  000013a4  74810000	sgei	r1,r4,#0
  314  000013a8  14200008	bnez	r1,L30_LF0
  315  000013ac  54000000	nop; not filled.
  316  000013b0  2082001f	addi	r2,r4,#31
  317  000013b4          	L30_LF0:
  318  000013b4  5c420005	srai	r2,r2,#0x5
  319  000013b8  50410002	slli	r1,r2,#0x2
  320  000013bc  00261820	add	r3,r1,r6
  321  000013c0  50410005	slli	r1,r2,#0x5
  322  000013c4  00810822	sub	r1,r4,r1
  323  000013c8  03e11004	sll	r2,r31,r1
  324  000013cc  8c610000	lw	r1,(r3)
  325  000013d0  00220825	or	r1,r1,r2
  326  000013d4  ac610000	sw	(r3),r1
  327  000013d8  20840001	addi	r4,r4,#1
  328  000013dc  8ca10000	lw	r1,(r5)
  329  000013e0  0081082a	slt	r1,r4,r1
  330  000013e4  1420ffb8	bnez	r1,L29_LF0
  331  000013e8  54000000	nop; not filled.
  332  000013ec          	L27_LF0:
  333  000013ec  20040000	addi	r4,r0,#0
  334  000013f0  3c020000	lhi	r2,((_sb+28)>>16)&0xffff
  335  000013f4  244231bc	addui	r2,r2,(_sb+28)&0xffff
  336  000013f8  8c410000	lw	r1,(r2)
  337  000013fc  0081082a	sltu	r1,r4,r1
  338  00001400  10200078	beqz	r1,L36_LF0
  339  00001404  54000000	nop; not filled.
  340  00001408  2042ffe8	addi	r2,r2,#-24
  341  0000140c  23c3fdf8	addi	r3,r30,#-520
  342  00001410          	L38_LF0:
  343  00001410  23bdfff0	addi	r29,r29,#-16
  344  00001414  8c410000	lw	r1,(r2)
  345  00001418  00800035	movi2fp	f0,r4
  346  0000141c  00200835	movi2fp	f1,r1
  347  00001420  0401000e	mult	f0,f0,f1
  348  00001424  00000834	movfp2i	r1,f0
  349  00001428  3c070000	lhi	r7,((_fbv)>>16)&0xffff
  350  0000142c  24e779c4	addui	r7,r7,(_fbv)&0xffff
  351  00001430  00270820	add	r1,r1,r7
  352  00001434  afa10000	sw	(r29),r1
  353  00001438  afa30004	sw	4(r29),r3
  354  0000143c  8c470000	lw	r7,(r2)
  355  00001440  afa70008	sw	8(r29),r7
  356  00001444  0c0010a4	jal	_bcopy
  357  00001448  54000000	nop; not filled.
  358  0000144c  8c410010	lw	r1,16(r2)
  359  00001450  00240820	add	r1,r1,r4
  360  00001454  afa10000	sw	(r29),r1
  361  00001458  afa30004	sw	4(r29),r3
  362  0000145c  0c0000f8	jal	_FdiskWriteBlock
  363  00001460  54000000	nop; not filled.
  364  00001464  23bd0010	addi	r29,r29,#16
  365  00001468  20840001	addi	r4,r4,#1
  366  0000146c  8c410018	lw	r1,24(r2)
  367  00001470  0081082a	sltu	r1,r4,r1
  368  00001474  1420ff98	bnez	r1,L38_LF0
  369  00001478  54000000	nop; not filled.
  370  0000147c          	L36_LF0:
  371  0000147c  23bdfff8	addi	r29,r29,#-8
  372  00001480  3c070000	lhi	r7,((LC8_LF0)>>16)&0xffff
  373  00001484  24e730fc	addui	r7,r7,(LC8_LF0)&0xffff
  374  00001488  afa70000	sw	(r29),r7
  375  0000148c  0c0002bc	jal	_Printf
  376  00001490  54000000	nop; not filled.
  377  00001494  3c020000	lhi	r2,((_sb)>>16)&0xffff
  378  00001498  244231a0	addui	r2,r2,(_sb)&0xffff
  379  0000149c  20070001	addi	r7,r0,#1
  380  000014a0  ac470000	sw	(r2),r7
  381  000014a4  0c0002b0	jal	_getpid
  382  000014a8  54000000	nop; not filled.
  383  000014ac  3c070000	lhi	r7,((LC9_LF0)>>16)&0xffff
  384  000014b0  24e73120	addui	r7,r7,(LC9_LF0)&0xffff
  385  000014b4  afa70000	sw	(r29),r7
  386  000014b8  afa10004	sw	4(r29),r1
  387  000014bc  0c00028c	jal	_Printf
  388  000014c0  54000000	nop; not filled.
  389  000014c4  23c3fdf8	addi	r3,r30,#-520
  390  000014c8  afa30000	sw	(r29),r3
  391  000014cc  8c410004	lw	r1,4(r2)
  392  000014d0  afa10004	sw	4(r29),r1
  393  000014d4  0c001094	jal	_bzero
  394  000014d8  54000000	nop; not filled.
  395  000014dc  23bdfff8	addi	r29,r29,#-8
  396  000014e0  afa20000	sw	(r29),r2
  397  000014e4  3c010000	lhi	r1,((_diskblocksize)>>16)&0xffff
  398  000014e8  24213000	addui	r1,r1,(_diskblocksize)&0xffff
  399  000014ec  8c210000	lw	r1,(r1)
  400  000014f0  00610820	add	r1,r3,r1
  401  000014f4  afa10004	sw	4(r29),r1
  402  000014f8  20070024	addi	r7,r0,#36
  403  000014fc  afa70008	sw	8(r29),r7
  404  00001500  0c000fe8	jal	_bcopy
  405  00001504  54000000	nop; not filled.
  406  00001508  20070000	addi	r7,r0,#0
  407  0000150c  afa70000	sw	(r29),r7
  408  00001510  afa30004	sw	4(r29),r3
  409  00001514  0c000040	jal	_FdiskWriteBlock
  410  00001518  54000000	nop; not filled.
  411  0000151c  0c000238	jal	_getpid
  412  00001520  54000000	nop; not filled.
  413  00001524  3c070000	lhi	r7,((LC10_LF0)>>16)&0xffff
  414  00001528  24e73150	addui	r7,r7,(LC10_LF0)&0xffff
  415  0000152c  afa70000	sw	(r29),r7
  416  00001530  afa10004	sw	4(r29),r1
  417  00001534  3c010000	lhi	r1,((_disksize)>>16)&0xffff
  418  00001538  24213004	addui	r1,r1,(_disksize)&0xffff
  419  0000153c  8c210000	lw	r1,(r1)
  420  00001540  afa10008	sw	8(r29),r1
  421  00001544  0c000204	jal	_Printf
  422  00001548  54000000	nop; not filled.
  423  0000154c  23bd0010	addi	r29,r29,#16
  424  00001550  0c00112c	jal	_exit
  425  00001554  54000000	nop
  426  00001558          	.endproc _main
  427  00001558          	.data
  428  0000317e          	.align 2
  429  00003180          	LC11_LF0:
  430  00003180  77726974	.ascii "write to physic block %d FAIL!\n\000"
  430  00003184  6520746f	
  430  00003188  20706879	
  430  0000318c  73696320	
  430  00003190  626c6f63	
  430  00003194  6b202564	
  430  00003198  20464149	
  430  0000319c  4c210a00	
  431  000031a0          	.text
  432  00001558          	.align 2
  433  00001558          	.proc _FdiskWriteBlock
  434  00001558          	.global _FdiskWriteBlock
  435  00001558          	_FdiskWriteBlock:
  436                      ;  Function 'FdiskWriteBlock'; 256 bytes of locals, 8 regs to save.
  437  00001558  afbefffc	sw	-4(r29),r30; push fp
  438  0000155c  001df020	add	r30,r0,r29; fp = sp
  439  00001560  afbffff8	sw	-8(r29),r31; push ret addr
  440  00001564  2fbd0128	subui	r29,r29,#296; alloc local storage
  441  00001568  afa20000	sw	0(r29),r2
  442  0000156c  afa30004	sw	4(r29),r3
  443  00001570  afa40008	sw	8(r29),r4
  444  00001574  afa5000c	sw	12(r29),r5
  445  00001578  afa60010	sw	16(r29),r6
  446  0000157c  afa70014	sw	20(r29),r7
  447  00001580  afa80018	sw	24(r29),r8
  448  00001584  afa9001c	sw	28(r29),r9
  449  00001588  8fc70000	lw	r7,(r30)
  450  0000158c  8fc80004	lw	r8,4(r30)
  451  00001590  20030000	addi	r3,r0,#0
  452  00001594  3c060000	lhi	r6,((_sb+4)>>16)&0xffff
  453  00001598  24c631a4	addui	r6,r6,(_sb+4)&0xffff
  454  0000159c  3c040000	lhi	r4,((_diskblocksize)>>16)&0xffff
  455  000015a0  24843000	addui	r4,r4,(_diskblocksize)&0xffff
  456  000015a4  8cc20000	lw	r2,(r6)
  457  000015a8  8c810000	lw	r1,(r4)
  458  000015ac  00400035	movi2fp	f0,r2
  459  000015b0  00200835	movi2fp	f1,r1
  460  000015b4  0401000f	div	f0,f0,f1
  461  000015b8  00000834	movfp2i	r1,f0
  462  000015bc  0061082a	slt	r1,r3,r1
  463  000015c0  10200108	beqz	r1,L49_LF0
  464  000015c4  54000000	nop; not filled.
  465  000015c8  23c5fef8	addi	r5,r30,#-264
  466  000015cc          	L51_LF0:
  467  000015cc  23bdfff0	addi	r29,r29,#-16
  468  000015d0  8c810000	lw	r1,(r4)
  469  000015d4  00600035	movi2fp	f0,r3
  470  000015d8  00200835	movi2fp	f1,r1
  471  000015dc  0401000e	mult	f0,f0,f1
  472  000015e0  00000834	movfp2i	r1,f0
  473  000015e4  01010820	add	r1,r8,r1
  474  000015e8  afa10000	sw	(r29),r1
  475  000015ec  afa50004	sw	4(r29),r5
  476  000015f0  8c890000	lw	r9,(r4)
  477  000015f4  afa90008	sw	8(r29),r9
  478  000015f8  0c000ef0	jal	_bcopy
  479  000015fc  54000000	nop; not filled.
  480  00001600  8cc20000	lw	r2,(r6)
  481  00001604  8c810000	lw	r1,(r4)
  482  00001608  00400035	movi2fp	f0,r2
  483  0000160c  00200835	movi2fp	f1,r1
  484  00001610  0401000f	div	f0,f0,f1
  485  00001614  00000834	movfp2i	r1,f0
  486  00001618  00e00035	movi2fp	f0,r7
  487  0000161c  00200835	movi2fp	f1,r1
  488  00001620  0401000e	mult	f0,f0,f1
  489  00001624  00000834	movfp2i	r1,f0
  490  00001628  00230820	add	r1,r1,r3
  491  0000162c  afa10000	sw	(r29),r1
  492  00001630  afa50004	sw	4(r29),r5
  493  00001634  0c00021c	jal	_disk_write_block
  494  00001638  54000000	nop; not filled.
  495  0000163c  23bd0010	addi	r29,r29,#16
  496  00001640  6021ffff	seqi	r1,r1,#-1
  497  00001644  1020005c	beqz	r1,L50_LF0
  498  00001648  54000000	nop; not filled.
  499  0000164c  23bdfff8	addi	r29,r29,#-8
  500  00001650  3c090000	lhi	r9,((LC11_LF0)>>16)&0xffff
  501  00001654  25293180	addui	r9,r9,(LC11_LF0)&0xffff
  502  00001658  afa90000	sw	(r29),r9
  503  0000165c  8cc20000	lw	r2,(r6)
  504  00001660  8c810000	lw	r1,(r4)
  505  00001664  00400035	movi2fp	f0,r2
  506  00001668  00200835	movi2fp	f1,r1
  507  0000166c  0401000f	div	f0,f0,f1
  508  00001670  00000834	movfp2i	r1,f0
  509  00001674  00e00035	movi2fp	f0,r7
  510  00001678  00200835	movi2fp	f1,r1
  511  0000167c  0401000e	mult	f0,f0,f1
  512  00001680  00000834	movfp2i	r1,f0
  513  00001684  00230820	add	r1,r1,r3
  514  00001688  afa10004	sw	4(r29),r1
  515  0000168c  0c0000bc	jal	_Printf
  516  00001690  54000000	nop; not filled.
  517  00001694  2001ffff	addi	r1,r0,#-1
  518  00001698  23bd0008	addi	r29,r29,#8
  519  0000169c  08000030	j	L47_LF0
  520  000016a0  54000000	nop; not filled.
  521  000016a4          	L50_LF0:
  522  000016a4  20630001	addi	r3,r3,#1
  523  000016a8  8cc20000	lw	r2,(r6)
  524  000016ac  8c810000	lw	r1,(r4)
  525  000016b0  00400035	movi2fp	f0,r2
  526  000016b4  00200835	movi2fp	f1,r1
  527  000016b8  0401000f	div	f0,f0,f1
  528  000016bc  00000834	movfp2i	r1,f0
  529  000016c0  0061082a	slt	r1,r3,r1
  530  000016c4  1420ff04	bnez	r1,L51_LF0
  531  000016c8  54000000	nop; not filled.
  532  000016cc          	L49_LF0:
  533  000016cc  20010001	addi	r1,r0,#1
  534  000016d0          	L47_LF0:
  535  000016d0  8fa20000	lw	r2,0(r29)
  536  000016d4  8fa30004	lw	r3,4(r29)
  537  000016d8  8fa40008	lw	r4,8(r29)
  538  000016dc  8fa5000c	lw	r5,12(r29)
  539  000016e0  8fa60010	lw	r6,16(r29)
  540  000016e4  8fa70014	lw	r7,20(r29)
  541  000016e8  8fa80018	lw	r8,24(r29)
  542  000016ec  8fa9001c	lw	r9,28(r29)
  543  000016f0  8fdffff8	lw	r31,-8(r30)
  544  000016f4  001ee820	add	r29,r0,r30
  545  000016f8  8fdefffc	lw	r30,-4(r30)
  546  000016fc  4be00000	jr	r31
  547  00001700  54000000	nop
  548  00001704          	.endproc _FdiskWriteBlock
  549  00001704          	.data
  550  000031a0          	.align 2
  551  000031a0          	.global _sb
  552  000031a0          	_sb:
  553  000031a0          	.space 36
  554  000031c4          	.align 2
  555  000031c4          	.global _inodes
  556  000031c4          	_inodes:
  557  000031c4          	.space 18432
  558  000079c4          	.align 2
  559  000079c4          	.global _fbv
  560  000079c4          	_fbv:
  561  000079c4          	.space 4096
  562                      ;;;
  563                      ;;; Stub functions for DLX traps.
  564                      ;;;
  565                      ;;; Ethan L. Miller, 1999.  Released to the public domain.
  566                      ;;;
  567                      ;;; The traps such as Open and Close
  568                      ;;; (note the capital letters) are for use by user programs.  The traps
  569                      ;;; with names such as open and close (lower case) are for use by the OS.
  570                      ;;;
  572  000089c4          	.text
  573  00001704          	.align 2
  575                      ;;; The following are the traps to be used by user-level programs
  576                      ;;;
  578  00001704          	.align 2
  579  00001704          	.proc _Open
  580  00001704          	.global _Open
  581  00001704          	_Open:
  582                      ;;; Note that trap #0x213 actually causes a trap vector in the OS of
  583                      ;;; 0x1213.  The same is true for other user traps.  Thus, a user trap
  584                      ;;; with trap #0x240 will result in a trap vector of 0x1240 in the OS.
  585  00001704  44000213	trap	#0x213
  586  00001708  4be00000	jr	r31
  587  0000170c  54000000	nop
  588  00001710          	.endproc _Open
  590  00001710          	.proc _Close
  591  00001710          	.global _Close
  592  00001710          	_Close:
  593  00001710  44000214	trap	#0x214
  594  00001714  4be00000	jr	r31
  595  00001718  54000000	nop
  596  0000171c          	.endproc _Close
  598  0000171c          	.proc _Read
  599  0000171c          	.global _Read
  600  0000171c          	_Read:
  601  0000171c  44000210	trap	#0x210
  602  00001720  4be00000	jr	r31
  603  00001724  54000000	nop
  604  00001728          	.endproc _Read
  606  00001728          	.proc _Write
  607  00001728          	.global _Write
  608  00001728          	_Write:
  609  00001728  44000211	trap	#0x211
  610  0000172c  4be00000	jr	r31
  611  00001730  54000000	nop
  612  00001734          	.endproc _Write
  614  00001734          	.proc _Lseek
  615  00001734          	.global _Lseek
  616  00001734          	_Lseek:
  617  00001734  44000212	trap	#0x212
  618  00001738  4be00000	jr	r31
  619  0000173c  54000000	nop
  620  00001740          	.endproc _Lseek
  622  00001740          	.proc _Putchar
  623  00001740          	.global _Putchar
  624  00001740          	_Putchar:
  625  00001740  44000280	trap	#0x280
  626  00001744  4be00000	jr	r31
  627  00001748  54000000	nop
  628  0000174c          	.endproc _Putchar
  630  0000174c          	.proc _Printf
  631  0000174c          	.global _Printf
  632  0000174c          	_Printf:
  633  0000174c  44000201	trap	#0x201
  634  00001750  4be00000	jr	r31
  635  00001754  54000000	nop
  636  00001758          	.endproc _Printf
  638  00001758          	.proc _getpid
  639  00001758          	.global _getpid
  640  00001758          	_getpid:
  641  00001758  44000431	trap	#0x431
  642  0000175c  4be00000	jr	r31
  643  00001760  54000000	nop
  644  00001764          	.endproc _getpid
  646  00001764          	.proc _process_create
  647  00001764          	.global _process_create
  648  00001764          	_process_create:
  649  00001764  44000432	trap	#0x432
  650  00001768  4be00000	jr	r31
  651  0000176c  54000000	nop
  652  00001770          	.endproc _process_create
  654  00001770          	.proc _shmget
  655  00001770          	.global _shmget
  656  00001770          	_shmget:
  657  00001770  44000440	trap	#0x440
  658  00001774  4be00000	jr	r31
  659  00001778  54000000	nop
  660  0000177c          	.endproc _shmget
  662  0000177c          	.proc _shmat
  663  0000177c          	.global _shmat
  664  0000177c          	_shmat:
  665  0000177c  44000441	trap	#0x441
  666  00001780  4be00000	jr	r31
  667  00001784  54000000	nop
  668  00001788          	.endproc _shmat
  670  00001788          	.proc _sem_create
  671  00001788          	.global _sem_create
  672  00001788          	_sem_create:
  673  00001788  44000450	trap	#0x450
  674  0000178c  4be00000	jr	r31
  675  00001790  54000000	nop
  676  00001794          	.endproc _sem_create
  678  00001794          	.proc _sem_wait
  679  00001794          	.global _sem_wait
  680  00001794          	_sem_wait:
  681  00001794  44000451	trap	#0x451
  682  00001798  4be00000	jr	r31
  683  0000179c  54000000	nop
  684  000017a0          	.endproc _sem_wait
  686  000017a0          	.proc _sem_signal
  687  000017a0          	.global _sem_signal
  688  000017a0          	_sem_signal:
  689  000017a0  44000452	trap	#0x452
  690  000017a4  4be00000	jr	r31
  691  000017a8  54000000	nop
  692  000017ac          	.endproc _sem_signal
  694  000017ac          	.proc _lock_create
  695  000017ac          	.global _lock_create
  696  000017ac          	_lock_create:
  697  000017ac  44000453	trap	#0x453
  698  000017b0  4be00000	jr	r31
  699  000017b4  54000000	nop
  700  000017b8          	.endproc _lock_create
  702  000017b8          	.proc _lock_acquire
  703  000017b8          	.global _lock_acquire
  704  000017b8          	_lock_acquire:
  705  000017b8  44000454	trap	#0x454
  706  000017bc  4be00000	jr	r31
  707  000017c0  54000000	nop
  708  000017c4          	.endproc _lock_acquire
  710  000017c4          	.proc _lock_release
  711  000017c4          	.global _lock_release
  712  000017c4          	_lock_release:
  713  000017c4  44000455	trap	#0x455
  714  000017c8  4be00000	jr	r31
  715  000017cc  54000000	nop
  716  000017d0          	.endproc _lock_release
  718  000017d0          	.proc _cond_create
  719  000017d0          	.global _cond_create
  720  000017d0          	_cond_create:
  721  000017d0  44000456	trap	#0x456
  722  000017d4  4be00000	jr	r31
  723  000017d8  54000000	nop
  724  000017dc          	.endproc _cond_create
  726  000017dc          	.proc _cond_wait
  727  000017dc          	.global _cond_wait
  728  000017dc          	_cond_wait:
  729  000017dc  44000457	trap	#0x457
  730  000017e0  4be00000	jr	r31
  731  000017e4  54000000	nop
  732  000017e8          	.endproc _cond_wait
  734  000017e8          	.proc _cond_signal
  735  000017e8          	.global _cond_signal
  736  000017e8          	_cond_signal:
  737  000017e8  44000458	trap	#0x458
  738  000017ec  4be00000	jr	r31
  739  000017f0  54000000	nop
  740  000017f4          	.endproc _cond_signal
  742  000017f4          	.proc _cond_broadcast
  743  000017f4          	.global _cond_broadcast
  744  000017f4          	_cond_broadcast:
  745  000017f4  44000459	trap	#0x459
  746  000017f8  4be00000	jr	r31
  747  000017fc  54000000	nop
  748  00001800          	.endproc _cond_broadcast
  750  00001800          	.proc _mbox_create
  751  00001800          	.global _mbox_create
  752  00001800          	_mbox_create:
  753  00001800  44000460	trap	#0x460
  754  00001804  4be00000	jr	r31
  755  00001808  54000000	nop
  756  0000180c          	.endproc _mbox_create
  758  0000180c          	.proc _mbox_open
  759  0000180c          	.global _mbox_open
  760  0000180c          	_mbox_open:
  761  0000180c  44000461	trap	#0x461
  762  00001810  4be00000	jr	r31
  763  00001814  54000000	nop
  764  00001818          	.endproc _mbox_open
  766  00001818          	.proc _mbox_close
  767  00001818          	.global _mbox_close
  768  00001818          	_mbox_close:
  769  00001818  44000462	trap	#0x462
  770  0000181c  4be00000	jr	r31
  771  00001820  54000000	nop
  772  00001824          	.endproc _mbox_close
  774  00001824          	.proc _mbox_send
  775  00001824          	.global _mbox_send
  776  00001824          	_mbox_send:
  777  00001824  44000463	trap	#0x463
  778  00001828  4be00000	jr	r31
  779  0000182c  54000000	nop
  780  00001830          	.endproc _mbox_send
  782  00001830          	.proc _mbox_recv
  783  00001830          	.global _mbox_recv
  784  00001830          	_mbox_recv:
  785  00001830  44000464	trap	#0x464
  786  00001834  4be00000	jr	r31
  787  00001838  54000000	nop
  788  0000183c          	.endproc _mbox_recv
  790  0000183c          	.proc _sleep
  791  0000183c          	.global _sleep
  792  0000183c          	_sleep:
  793  0000183c  44000465	trap	#0x465
  794  00001840  4be00000	jr	r31
  795  00001844  54000000	nop
  796  00001848          	.endproc _sleep
  798  00001848          	.proc _yield
  799  00001848          	.global _yield
  800  00001848          	_yield:
  801  00001848  44000466	trap	#0x466
  802  0000184c  4be00000	jr	r31
  803  00001850  54000000	nop
  804  00001854          	.endproc _yield
  806  00001854          	.proc _disk_write_block
  807  00001854          	.global _disk_write_block
  808  00001854          	_disk_write_block:
  809  00001854  44000467	trap	#0x467
  810  00001858  4be00000	jr	r31
  811  0000185c  54000000	nop
  812  00001860          	.endproc _disk_write_block
  814  00001860          	.proc _disk_size
  815  00001860          	.global _disk_size
  816  00001860          	_disk_size:
  817  00001860  44000468	trap	#0x468
  818  00001864  4be00000	jr	r31
  819  00001868  54000000	nop
  820  0000186c          	.endproc _disk_size
  822  0000186c          	.proc _disk_blocksize
  823  0000186c          	.global _disk_blocksize
  824  0000186c          	_disk_blocksize:
  825  0000186c  44000469	trap	#0x469
  826  00001870  4be00000	jr	r31
  827  00001874  54000000	nop
  828  00001878          	.endproc _disk_blocksize
  830  00001878          	.proc _disk_create
  831  00001878          	.global _disk_create
  832  00001878          	_disk_create:
  833  00001878  44000470	trap	#0x470
  834  0000187c  4be00000	jr	r31
  835  00001880  54000000	nop
  836  00001884          	.endproc _disk_create
  838  00001884          	.proc _dfs_invalidate
  839  00001884          	.global _dfs_invalidate
  840  00001884          	_dfs_invalidate:
  841  00001884  44000471	trap	#0x471
  842  00001888  4be00000	jr	r31
  843  0000188c  54000000	nop
  844  00001890          	.endproc _dfs_invalidate
  846  00001890          	.proc _file_open
  847  00001890          	.global _file_open
  848  00001890          	_file_open:
  849  00001890  44000472	trap	#0x472
  850  00001894  4be00000	jr	r31
  851  00001898  54000000	nop
  852  0000189c          	.endproc _file_open
  854  0000189c          	.proc _file_close
  855  0000189c          	.global _file_close
  856  0000189c          	_file_close:
  857  0000189c  44000473	trap	#0x473
  858  000018a0  4be00000	jr	r31
  859  000018a4  54000000	nop
  860  000018a8          	.endproc _file_close
  862  000018a8          	.proc _file_delete
  863  000018a8          	.global _file_delete
  864  000018a8          	_file_delete:
  865  000018a8  44000474	trap	#0x474
  866  000018ac  4be00000	jr	r31
  867  000018b0  54000000	nop
  868  000018b4          	.endproc _file_delete
  870  000018b4          	.proc _file_read
  871  000018b4          	.global _file_read
  872  000018b4          	_file_read:
  873  000018b4  44000475	trap	#0x475
  874  000018b8  4be00000	jr	r31
  875  000018bc  54000000	nop
  876  000018c0          	.endproc _file_read
  878  000018c0          	.proc _file_write
  879  000018c0          	.global _file_write
  880  000018c0          	_file_write:
  881  000018c0  44000476	trap	#0x476
  882  000018c4  4be00000	jr	r31
  883  000018c8  54000000	nop
  884  000018cc          	.endproc _file_write
  886  000018cc          	.proc _file_seek
  887  000018cc          	.global _file_seek
  888  000018cc          	_file_seek:
  889  000018cc  44000477	trap	#0x477
  890  000018d0  4be00000	jr	r31
  891  000018d4  54000000	nop
  892  000018d8          	.endproc _file_seek
  894  000018d8          	.proc _run_os_tests
  895  000018d8          	.global _run_os_tests
  896  000018d8          	_run_os_tests:
  897  000018d8  440004ff	trap	#0x4FF
  898  000018dc  4be00000	jr	r31
  899  000018e0  54000000	nop
  900  000018e4          	.endproc _run_os_tests
  903  000018e4          	.proc _Exit
  904  000018e4          	.global _Exit
  905  000018e4          	_Exit:
  906  000018e4  44000500	trap	#0x500
  907  000018e8  4be00000	jr	r31
  908  000018ec  54000000	nop
  909  000018f0          	.endproc _Exit
  910                      ; Compiled by GCC
  912  000018f0          	.align 2
  913  000018f0          	.proc _isspace
  914  000018f0          	.global _isspace
  915  000018f0          	_isspace:
  916                      ;  Function 'isspace'; 0 bytes of locals, 3 regs to save.
  917  000018f0  afbefffc	sw	-4(r29),r30; push fp
  918  000018f4  001df020	add	r30,r0,r29; fp = sp
  919  000018f8  afbffff8	sw	-8(r29),r31; push ret addr
  920  000018fc  2fbd0018	subui	r29,r29,#24; alloc local storage
  921  00001900  afa20000	sw	0(r29),r2
  922  00001904  afa30004	sw	4(r29),r3
  923  00001908  afa40008	sw	8(r29),r4
  924  0000190c  83c20003	lb	r2,3(r30)
  925  00001910  20010000	addi	r1,r0,#0
  926  00001914  304300ff	andi	r3,r2,#0x00ff
  927  00001918  60640020	seqi	r4,r3,#32
  928  0000191c  1480002c	bnez	r4,L3_LF2
  929  00001920  54000000	nop; delay slot nop
  930  00001924  304300ff	andi	r3,r2,#0x00ff
  931  00001928  60640009	seqi	r4,r3,#9
  932  0000192c  1480001c	bnez	r4,L3_LF2
  933  00001930  54000000	nop; delay slot nop
  934  00001934  304300ff	andi	r3,r2,#0x00ff
  935  00001938  6064000a	seqi	r4,r3,#10
  936  0000193c  1480000c	bnez	r4,L3_LF2
  937  00001940  54000000	nop; delay slot nop
  938  00001944  08000008	j	L2_LF2
  939  00001948  54000000	nop; delay slot nop
  940  0000194c          	L3_LF2:
  941  0000194c  20010001	addi	r1,r0,#1
  942  00001950          	L2_LF2:
  943  00001950  08000004	j	L1_LF2
  944  00001954  54000000	nop; delay slot nop
  945  00001958          	L1_LF2:
  946  00001958  8fa20000	lw	r2,0(r29)
  947  0000195c  8fa30004	lw	r3,4(r29)
  948  00001960  8fa40008	lw	r4,8(r29)
  949  00001964  8fdffff8	lw	r31,-8(r30)
  950  00001968  001ee820	add	r29,r0,r30
  951  0000196c  8fdefffc	lw	r30,-4(r30)
  952  00001970  4be00000	jr	r31
  953  00001974  54000000	nop
  954  00001978          	.endproc _isspace
  955  00001978          	.align 2
  956  00001978          	.proc _isxdigit
  957  00001978          	.global _isxdigit
  958  00001978          	_isxdigit:
  959                      ;  Function 'isxdigit'; 0 bytes of locals, 3 regs to save.
  960  00001978  afbefffc	sw	-4(r29),r30; push fp
  961  0000197c  001df020	add	r30,r0,r29; fp = sp
  962  00001980  afbffff8	sw	-8(r29),r31; push ret addr
  963  00001984  2fbd0018	subui	r29,r29,#24; alloc local storage
  964  00001988  afa20000	sw	0(r29),r2
  965  0000198c  afa30004	sw	4(r29),r3
  966  00001990  afa40008	sw	8(r29),r4
  967  00001994  83c20003	lb	r2,3(r30)
  968  00001998  20010000	addi	r1,r0,#0
  969  0000199c  304300ff	andi	r3,r2,#0x00ff
  970  000019a0  6c64002f	sgtui	r4,r3,#47
  971  000019a4  1080001c	beqz	r4,L7_LF2
  972  000019a8  54000000	nop; delay slot nop
  973  000019ac  304300ff	andi	r3,r2,#0x00ff
  974  000019b0  70640039	sleui	r4,r3,#57
  975  000019b4  1480005c	bnez	r4,L6_LF2
  976  000019b8  54000000	nop; delay slot nop
  977  000019bc  08000004	j	L7_LF2
  978  000019c0  54000000	nop; delay slot nop
  979  000019c4          	L7_LF2:
  980  000019c4  304300ff	andi	r3,r2,#0x00ff
  981  000019c8  6c640060	sgtui	r4,r3,#96
  982  000019cc  1080001c	beqz	r4,L8_LF2
  983  000019d0  54000000	nop; delay slot nop
  984  000019d4  304300ff	andi	r3,r2,#0x00ff
  985  000019d8  70640066	sleui	r4,r3,#102
  986  000019dc  14800034	bnez	r4,L6_LF2
  987  000019e0  54000000	nop; delay slot nop
  988  000019e4  08000004	j	L8_LF2
  989  000019e8  54000000	nop; delay slot nop
  990  000019ec          	L8_LF2:
  991  000019ec  304300ff	andi	r3,r2,#0x00ff
  992  000019f0  6c640040	sgtui	r4,r3,#64
  993  000019f4  10800020	beqz	r4,L5_LF2
  994  000019f8  54000000	nop; delay slot nop
  995  000019fc  304300ff	andi	r3,r2,#0x00ff
  996  00001a00  70640041	sleui	r4,r3,#65
  997  00001a04  1480000c	bnez	r4,L6_LF2
  998  00001a08  54000000	nop; delay slot nop
  999  00001a0c  08000008	j	L5_LF2
 1000  00001a10  54000000	nop; delay slot nop
 1001  00001a14          	L6_LF2:
 1002  00001a14  20010001	addi	r1,r0,#1
 1003  00001a18          	L5_LF2:
 1004  00001a18  08000004	j	L4_LF2
 1005  00001a1c  54000000	nop; delay slot nop
 1006  00001a20          	L4_LF2:
 1007  00001a20  8fa20000	lw	r2,0(r29)
 1008  00001a24  8fa30004	lw	r3,4(r29)
 1009  00001a28  8fa40008	lw	r4,8(r29)
 1010  00001a2c  8fdffff8	lw	r31,-8(r30)
 1011  00001a30  001ee820	add	r29,r0,r30
 1012  00001a34  8fdefffc	lw	r30,-4(r30)
 1013  00001a38  4be00000	jr	r31
 1014  00001a3c  54000000	nop
 1015  00001a40          	.endproc _isxdigit
 1016  00001a40          	.align 2
 1017  00001a40          	.proc _dstrcpy
 1018  00001a40          	.global _dstrcpy
 1019  00001a40          	_dstrcpy:
 1020                      ;  Function 'dstrcpy'; 8 bytes of locals, 2 regs to save.
 1021  00001a40  afbefffc	sw	-4(r29),r30; push fp
 1022  00001a44  001df020	add	r30,r0,r29; fp = sp
 1023  00001a48  afbffff8	sw	-8(r29),r31; push ret addr
 1024  00001a4c  2fbd0018	subui	r29,r29,#24; alloc local storage
 1025  00001a50  afa20000	sw	0(r29),r2
 1026  00001a54  afa30004	sw	4(r29),r3
 1027  00001a58  8fc10000	lw	r1,(r30)
 1028  00001a5c  afc1fff4	sw	-12(r30),r1
 1029  00001a60          	L10_LF2:
 1030  00001a60  8fc10000	lw	r1,(r30)
 1031  00001a64  20220001	addi	r2,r1,#1
 1032  00001a68  afc20000	sw	(r30),r2
 1033  00001a6c  8fc20004	lw	r2,4(r30)
 1034  00001a70  20430001	addi	r3,r2,#1
 1035  00001a74  afc30004	sw	4(r30),r3
 1036  00001a78  80420000	lb	r2,(r2)
 1037  00001a7c  a0220000	sb	(r1),r2
 1038  00001a80  a3c2fff3	sb	-13(r30),r2
 1039  00001a84          	L12_LF2:
 1040  00001a84  93c1fff3	lbu	r1,-13(r30)
 1041  00001a88  64220000	snei	r2,r1,#0
 1042  00001a8c  1440000c	bnez	r2,L13_LF2
 1043  00001a90  54000000	nop; delay slot nop
 1044  00001a94  0800000c	j	L11_LF2
 1045  00001a98  54000000	nop; delay slot nop
 1046  00001a9c          	L13_LF2:
 1047  00001a9c  0bffffc0	j	L10_LF2
 1048  00001aa0  54000000	nop; delay slot nop
 1049  00001aa4          	L11_LF2:
 1050  00001aa4  8fc1fff4	lw	r1,-12(r30)
 1051  00001aa8  08000004	j	L9_LF2
 1052  00001aac  54000000	nop; delay slot nop
 1053  00001ab0          	L9_LF2:
 1054  00001ab0  8fa20000	lw	r2,0(r29)
 1055  00001ab4  8fa30004	lw	r3,4(r29)
 1056  00001ab8  8fdffff8	lw	r31,-8(r30)
 1057  00001abc  001ee820	add	r29,r0,r30
 1058  00001ac0  8fdefffc	lw	r30,-4(r30)
 1059  00001ac4  4be00000	jr	r31
 1060  00001ac8  54000000	nop
 1061  00001acc          	.endproc _dstrcpy
 1062  00001acc          	.align 2
 1063  00001acc          	.proc _dstrncpy
 1064  00001acc          	.global _dstrncpy
 1065  00001acc          	_dstrncpy:
 1066                      ;  Function 'dstrncpy'; 8 bytes of locals, 2 regs to save.
 1067  00001acc  afbefffc	sw	-4(r29),r30; push fp
 1068  00001ad0  001df020	add	r30,r0,r29; fp = sp
 1069  00001ad4  afbffff8	sw	-8(r29),r31; push ret addr
 1070  00001ad8  2fbd0018	subui	r29,r29,#24; alloc local storage
 1071  00001adc  afa20000	sw	0(r29),r2
 1072  00001ae0  afa30004	sw	4(r29),r3
 1073  00001ae4  8fc10000	lw	r1,(r30)
 1074  00001ae8  afc1fff4	sw	-12(r30),r1
 1075  00001aec          	L15_LF2:
 1076  00001aec  8fc10008	lw	r1,8(r30)
 1077  00001af0  2022ffff	addi	r2,r1,#-1
 1078  00001af4  afc20008	sw	8(r30),r2
 1079  00001af8  70210000	slei	r1,r1,#0
 1080  00001afc  1020000c	beqz	r1,L18_LF2
 1081  00001b00  54000000	nop; delay slot nop
 1082  00001b04  08000048	j	L16_LF2
 1083  00001b08  54000000	nop; delay slot nop
 1084  00001b0c          	L18_LF2:
 1085  00001b0c  8fc10000	lw	r1,(r30)
 1086  00001b10  20220001	addi	r2,r1,#1
 1087  00001b14  afc20000	sw	(r30),r2
 1088  00001b18  8fc20004	lw	r2,4(r30)
 1089  00001b1c  20430001	addi	r3,r2,#1
 1090  00001b20  afc30004	sw	4(r30),r3
 1091  00001b24  80420000	lb	r2,(r2)
 1092  00001b28  a0220000	sb	(r1),r2
 1093  00001b2c  a3c2fff3	sb	-13(r30),r2
 1094  00001b30          	L17_LF2:
 1095  00001b30  93c1fff3	lbu	r1,-13(r30)
 1096  00001b34  64220000	snei	r2,r1,#0
 1097  00001b38  1440000c	bnez	r2,L19_LF2
 1098  00001b3c  54000000	nop; delay slot nop
 1099  00001b40  0800000c	j	L16_LF2
 1100  00001b44  54000000	nop; delay slot nop
 1101  00001b48          	L19_LF2:
 1102  00001b48  0bffffa0	j	L15_LF2
 1103  00001b4c  54000000	nop; delay slot nop
 1104  00001b50          	L16_LF2:
 1105  00001b50  8fc1fff4	lw	r1,-12(r30)
 1106  00001b54  08000004	j	L14_LF2
 1107  00001b58  54000000	nop; delay slot nop
 1108  00001b5c          	L14_LF2:
 1109  00001b5c  8fa20000	lw	r2,0(r29)
 1110  00001b60  8fa30004	lw	r3,4(r29)
 1111  00001b64  8fdffff8	lw	r31,-8(r30)
 1112  00001b68  001ee820	add	r29,r0,r30
 1113  00001b6c  8fdefffc	lw	r30,-4(r30)
 1114  00001b70  4be00000	jr	r31
 1115  00001b74  54000000	nop
 1116  00001b78          	.endproc _dstrncpy
 1117  00001b78          	.align 2
 1118  00001b78          	.proc _dstrcat
 1119  00001b78          	.global _dstrcat
 1120  00001b78          	_dstrcat:
 1121                      ;  Function 'dstrcat'; 8 bytes of locals, 1 regs to save.
 1122  00001b78  afbefffc	sw	-4(r29),r30; push fp
 1123  00001b7c  001df020	add	r30,r0,r29; fp = sp
 1124  00001b80  afbffff8	sw	-8(r29),r31; push ret addr
 1125  00001b84  2fbd0018	subui	r29,r29,#24; alloc local storage
 1126  00001b88  afa20000	sw	0(r29),r2
 1127  00001b8c  8fc10000	lw	r1,(r30)
 1128  00001b90  afc1fff4	sw	-12(r30),r1
 1129  00001b94          	L21_LF2:
 1130  00001b94  8fc10000	lw	r1,(r30)
 1131  00001b98  90220000	lbu	r2,(r1)
 1132  00001b9c  64410000	snei	r1,r2,#0
 1133  00001ba0  1420000c	bnez	r1,L23_LF2
 1134  00001ba4  54000000	nop; delay slot nop
 1135  00001ba8  0800001c	j	L22_LF2
 1136  00001bac  54000000	nop; delay slot nop
 1137  00001bb0          	L23_LF2:
 1138  00001bb0  8fc20000	lw	r2,(r30)
 1139  00001bb4  20410001	addi	r1,r2,#1
 1140  00001bb8  00011020	add	r2,r0,r1
 1141  00001bbc  afc20000	sw	(r30),r2
 1142  00001bc0  0bffffd0	j	L21_LF2
 1143  00001bc4  54000000	nop; delay slot nop
 1144  00001bc8          	L22_LF2:
 1145  00001bc8  23bdfff8	addi	r29,r29,#-8
 1146  00001bcc  001d0820	add	r1,r0,r29
 1147  00001bd0  8fc20000	lw	r2,(r30)
 1148  00001bd4  ac220000	sw	(r1),r2
 1149  00001bd8  8fc20004	lw	r2,4(r30)
 1150  00001bdc  ac220004	sw	4(r1),r2
 1151  00001be0  0ffffe5c	jal	_dstrcpy
 1152  00001be4  54000000	nop; delay slot nop
 1153  00001be8  23bd0008	addi	r29,r29,#8
 1154  00001bec  8fc1fff4	lw	r1,-12(r30)
 1155  00001bf0  08000004	j	L20_LF2
 1156  00001bf4  54000000	nop; delay slot nop
 1157  00001bf8          	L20_LF2:
 1158  00001bf8  8fa20000	lw	r2,0(r29)
 1159  00001bfc  8fdffff8	lw	r31,-8(r30)
 1160  00001c00  001ee820	add	r29,r0,r30
 1161  00001c04  8fdefffc	lw	r30,-4(r30)
 1162  00001c08  4be00000	jr	r31
 1163  00001c0c  54000000	nop
 1164  00001c10          	.endproc _dstrcat
 1165  00001c10          	.align 2
 1166  00001c10          	.proc _dstrncmp
 1167  00001c10          	.global _dstrncmp
 1168  00001c10          	_dstrncmp:
 1169                      ;  Function 'dstrncmp'; 8 bytes of locals, 2 regs to save.
 1170  00001c10  afbefffc	sw	-4(r29),r30; push fp
 1171  00001c14  001df020	add	r30,r0,r29; fp = sp
 1172  00001c18  afbffff8	sw	-8(r29),r31; push ret addr
 1173  00001c1c  2fbd0018	subui	r29,r29,#24; alloc local storage
 1174  00001c20  afa20000	sw	0(r29),r2
 1175  00001c24  afa30004	sw	4(r29),r3
 1176  00001c28  54000000	nop
 1177  00001c2c  20010000	addi	r1,r0,#0
 1178  00001c30  afc1fff4	sw	-12(r30),r1
 1179  00001c34          	L25_LF2:
 1180  00001c34  8fc1fff4	lw	r1,-12(r30)
 1181  00001c38  8fc20008	lw	r2,8(r30)
 1182  00001c3c  0022082a	slt	r1,r1,r2
 1183  00001c40  1420000c	bnez	r1,L28_LF2
 1184  00001c44  54000000	nop; delay slot nop
 1185  00001c48  08000088	j	L26_LF2
 1186  00001c4c  54000000	nop; delay slot nop
 1187  00001c50          	L28_LF2:
 1188  00001c50  8fc10004	lw	r1,4(r30)
 1189  00001c54  90220000	lbu	r2,(r1)
 1190  00001c58  64410000	snei	r1,r2,#0
 1191  00001c5c  14200018	bnez	r1,L29_LF2
 1192  00001c60  54000000	nop; delay slot nop
 1193  00001c64  20010000	addi	r1,r0,#0
 1194  00001c68  080000d8	j	L24_LF2
 1195  00001c6c  54000000	nop; delay slot nop
 1196  00001c70  08000028	j	L30_LF2
 1197  00001c74  54000000	nop; delay slot nop
 1198  00001c78          	L29_LF2:
 1199  00001c78  8fc10000	lw	r1,(r30)
 1200  00001c7c  8fc20004	lw	r2,4(r30)
 1201  00001c80  90210000	lbu	r1,(r1)
 1202  00001c84  90420000	lbu	r2,(r2)
 1203  00001c88  00220829	sne	r1,r1,r2
 1204  00001c8c  1020000c	beqz	r1,L30_LF2
 1205  00001c90  54000000	nop; delay slot nop
 1206  00001c94  0800003c	j	L26_LF2
 1207  00001c98  54000000	nop; delay slot nop
 1208  00001c9c          	L31_LF2:
 1209  00001c9c          	L30_LF2:
 1210  00001c9c  8fc20000	lw	r2,(r30)
 1211  00001ca0  20410001	addi	r1,r2,#1
 1212  00001ca4  00011020	add	r2,r0,r1
 1213  00001ca8  afc20000	sw	(r30),r2
 1214  00001cac  8fc20004	lw	r2,4(r30)
 1215  00001cb0  20410001	addi	r1,r2,#1
 1216  00001cb4  00011020	add	r2,r0,r1
 1217  00001cb8  afc20004	sw	4(r30),r2
 1218  00001cbc          	L27_LF2:
 1219  00001cbc  8fc2fff4	lw	r2,-12(r30)
 1220  00001cc0  20410001	addi	r1,r2,#1
 1221  00001cc4  00011020	add	r2,r0,r1
 1222  00001cc8  afc2fff4	sw	-12(r30),r2
 1223  00001ccc  0bffff64	j	L25_LF2
 1224  00001cd0  54000000	nop; delay slot nop
 1225  00001cd4          	L26_LF2:
 1226  00001cd4  8fc1fff4	lw	r1,-12(r30)
 1227  00001cd8  8fc20008	lw	r2,8(r30)
 1228  00001cdc  00220828	seq	r1,r1,r2
 1229  00001ce0  10200018	beqz	r1,L32_LF2
 1230  00001ce4  54000000	nop; delay slot nop
 1231  00001ce8  20010000	addi	r1,r0,#0
 1232  00001cec  08000054	j	L24_LF2
 1233  00001cf0  54000000	nop; delay slot nop
 1234  00001cf4  0800004c	j	L33_LF2
 1235  00001cf8  54000000	nop; delay slot nop
 1236  00001cfc          	L32_LF2:
 1237  00001cfc  8fc20000	lw	r2,(r30)
 1238  00001d00  90410000	lbu	r1,(r2)
 1239  00001d04  8fc20004	lw	r2,4(r30)
 1240  00001d08  90430000	lbu	r3,(r2)
 1241  00001d0c  00230822	sub	r1,r1,r3
 1242  00001d10  74220000	sgei	r2,r1,#0
 1243  00001d14  10400020	beqz	r2,L34_LF2
 1244  00001d18  54000000	nop; delay slot nop
 1245  00001d1c  8fc10000	lw	r1,(r30)
 1246  00001d20  8fc20004	lw	r2,4(r30)
 1247  00001d24  90210000	lbu	r1,(r1)
 1248  00001d28  90420000	lbu	r2,(r2)
 1249  00001d2c  00220829	sne	r1,r1,r2
 1250  00001d30  08000008	j	L35_LF2
 1251  00001d34  54000000	nop; delay slot nop
 1252  00001d38          	L34_LF2:
 1253  00001d38  2001ffff	addi	r1,r0,#-1
 1254  00001d3c          	L35_LF2:
 1255  00001d3c  08000004	j	L24_LF2
 1256  00001d40  54000000	nop; delay slot nop
 1257  00001d44          	L33_LF2:
 1258  00001d44          	L24_LF2:
 1259  00001d44  8fa20000	lw	r2,0(r29)
 1260  00001d48  8fa30004	lw	r3,4(r29)
 1261  00001d4c  8fdffff8	lw	r31,-8(r30)
 1262  00001d50  001ee820	add	r29,r0,r30
 1263  00001d54  8fdefffc	lw	r30,-4(r30)
 1264  00001d58  4be00000	jr	r31
 1265  00001d5c  54000000	nop
 1266  00001d60          	.endproc _dstrncmp
 1267  00001d60          	.align 2
 1268  00001d60          	.proc _dstrlen
 1269  00001d60          	.global _dstrlen
 1270  00001d60          	_dstrlen:
 1271                      ;  Function 'dstrlen'; 8 bytes of locals, 1 regs to save.
 1272  00001d60  afbefffc	sw	-4(r29),r30; push fp
 1273  00001d64  001df020	add	r30,r0,r29; fp = sp
 1274  00001d68  afbffff8	sw	-8(r29),r31; push ret addr
 1275  00001d6c  2fbd0018	subui	r29,r29,#24; alloc local storage
 1276  00001d70  afa20000	sw	0(r29),r2
 1277  00001d74  20010000	addi	r1,r0,#0
 1278  00001d78  afc1fff4	sw	-12(r30),r1
 1279  00001d7c          	L37_LF2:
 1280  00001d7c  8fc10000	lw	r1,(r30)
 1281  00001d80  20220001	addi	r2,r1,#1
 1282  00001d84  afc20000	sw	(r30),r2
 1283  00001d88  90210000	lbu	r1,(r1)
 1284  00001d8c  64220000	snei	r2,r1,#0
 1285  00001d90  1440000c	bnez	r2,L39_LF2
 1286  00001d94  54000000	nop; delay slot nop
 1287  00001d98  0800001c	j	L38_LF2
 1288  00001d9c  54000000	nop; delay slot nop
 1289  00001da0          	L39_LF2:
 1290  00001da0  8fc2fff4	lw	r2,-12(r30)
 1291  00001da4  20410001	addi	r1,r2,#1
 1292  00001da8  00011020	add	r2,r0,r1
 1293  00001dac  afc2fff4	sw	-12(r30),r2
 1294  00001db0  0bffffc8	j	L37_LF2
 1295  00001db4  54000000	nop; delay slot nop
 1296  00001db8          	L38_LF2:
 1297  00001db8  8fc1fff4	lw	r1,-12(r30)
 1298  00001dbc  08000004	j	L36_LF2
 1299  00001dc0  54000000	nop; delay slot nop
 1300  00001dc4          	L36_LF2:
 1301  00001dc4  8fa20000	lw	r2,0(r29)
 1302  00001dc8  8fdffff8	lw	r31,-8(r30)
 1303  00001dcc  001ee820	add	r29,r0,r30
 1304  00001dd0  8fdefffc	lw	r30,-4(r30)
 1305  00001dd4  4be00000	jr	r31
 1306  00001dd8  54000000	nop
 1307  00001ddc          	.endproc _dstrlen
 1308  00001ddc          	.align 2
 1309  00001ddc          	.proc _dstrstr
 1310  00001ddc          	.global _dstrstr
 1311  00001ddc          	_dstrstr:
 1312                      ;  Function 'dstrstr'; 8 bytes of locals, 1 regs to save.
 1313  00001ddc  afbefffc	sw	-4(r29),r30; push fp
 1314  00001de0  001df020	add	r30,r0,r29; fp = sp
 1315  00001de4  afbffff8	sw	-8(r29),r31; push ret addr
 1316  00001de8  2fbd0018	subui	r29,r29,#24; alloc local storage
 1317  00001dec  afa20000	sw	0(r29),r2
 1318  00001df0  23bdfff8	addi	r29,r29,#-8
 1319  00001df4  001d0820	add	r1,r0,r29
 1320  00001df8  8fc20004	lw	r2,4(r30)
 1321  00001dfc  ac220000	sw	(r1),r2
 1322  00001e00  0fffff5c	jal	_dstrlen
 1323  00001e04  54000000	nop; delay slot nop
 1324  00001e08  23bd0008	addi	r29,r29,#8
 1325  00001e0c  afc1fff4	sw	-12(r30),r1
 1326  00001e10          	L41_LF2:
 1327  00001e10  8fc10000	lw	r1,(r30)
 1328  00001e14  90220000	lbu	r2,(r1)
 1329  00001e18  64410000	snei	r1,r2,#0
 1330  00001e1c  1420000c	bnez	r1,L43_LF2
 1331  00001e20  54000000	nop; delay slot nop
 1332  00001e24  08000060	j	L42_LF2
 1333  00001e28  54000000	nop; delay slot nop
 1334  00001e2c          	L43_LF2:
 1335  00001e2c  23bdfff0	addi	r29,r29,#-16
 1336  00001e30  001d0820	add	r1,r0,r29
 1337  00001e34  8fc20000	lw	r2,(r30)
 1338  00001e38  ac220000	sw	(r1),r2
 1339  00001e3c  8fc20004	lw	r2,4(r30)
 1340  00001e40  ac220004	sw	4(r1),r2
 1341  00001e44  8fc2fff4	lw	r2,-12(r30)
 1342  00001e48  ac220008	sw	8(r1),r2
 1343  00001e4c  0ffffdc0	jal	_dstrncmp
 1344  00001e50  54000000	nop; delay slot nop
 1345  00001e54  23bd0010	addi	r29,r29,#16
 1346  00001e58  64220000	snei	r2,r1,#0
 1347  00001e5c  14400010	bnez	r2,L44_LF2
 1348  00001e60  54000000	nop; delay slot nop
 1349  00001e64  8fc10000	lw	r1,(r30)
 1350  00001e68  08000028	j	L40_LF2
 1351  00001e6c  54000000	nop; delay slot nop
 1352  00001e70          	L44_LF2:
 1353  00001e70  8fc20000	lw	r2,(r30)
 1354  00001e74  20410001	addi	r1,r2,#1
 1355  00001e78  00011020	add	r2,r0,r1
 1356  00001e7c  afc20000	sw	(r30),r2
 1357  00001e80  0bffff8c	j	L41_LF2
 1358  00001e84  54000000	nop; delay slot nop
 1359  00001e88          	L42_LF2:
 1360  00001e88  20010000	addi	r1,r0,#0
 1361  00001e8c  08000004	j	L40_LF2
 1362  00001e90  54000000	nop; delay slot nop
 1363  00001e94          	L40_LF2:
 1364  00001e94  8fa20000	lw	r2,0(r29)
 1365  00001e98  8fdffff8	lw	r31,-8(r30)
 1366  00001e9c  001ee820	add	r29,r0,r30
 1367  00001ea0  8fdefffc	lw	r30,-4(r30)
 1368  00001ea4  4be00000	jr	r31
 1369  00001ea8  54000000	nop
 1370  00001eac          	.endproc _dstrstr
 1371  00001eac          	.align 2
 1372  00001eac          	.proc _dmindex
 1373  00001eac          	.global _dmindex
 1374  00001eac          	_dmindex:
 1375                      ;  Function 'dmindex'; 8 bytes of locals, 1 regs to save.
 1376  00001eac  afbefffc	sw	-4(r29),r30; push fp
 1377  00001eb0  001df020	add	r30,r0,r29; fp = sp
 1378  00001eb4  afbffff8	sw	-8(r29),r31; push ret addr
 1379  00001eb8  2fbd0018	subui	r29,r29,#24; alloc local storage
 1380  00001ebc  afa20000	sw	0(r29),r2
 1381  00001ec0  54000000	nop
 1382  00001ec4          	L46_LF2:
 1383  00001ec4  8fc10000	lw	r1,(r30)
 1384  00001ec8  90220000	lbu	r2,(r1)
 1385  00001ecc  64410000	snei	r1,r2,#0
 1386  00001ed0  1420000c	bnez	r1,L48_LF2
 1387  00001ed4  54000000	nop; delay slot nop
 1388  00001ed8  08000070	j	L47_LF2
 1389  00001edc  54000000	nop; delay slot nop
 1390  00001ee0          	L48_LF2:
 1391  00001ee0  8fc10004	lw	r1,4(r30)
 1392  00001ee4  afc1fff4	sw	-12(r30),r1
 1393  00001ee8          	L49_LF2:
 1394  00001ee8  8fc1fff4	lw	r1,-12(r30)
 1395  00001eec  90220000	lbu	r2,(r1)
 1396  00001ef0  64410000	snei	r1,r2,#0
 1397  00001ef4  1420000c	bnez	r1,L52_LF2
 1398  00001ef8  54000000	nop; delay slot nop
 1399  00001efc  08000044	j	L50_LF2
 1400  00001f00  54000000	nop; delay slot nop
 1401  00001f04          	L52_LF2:
 1402  00001f04  8fc10000	lw	r1,(r30)
 1403  00001f08  8fc2fff4	lw	r2,-12(r30)
 1404  00001f0c  90210000	lbu	r1,(r1)
 1405  00001f10  90420000	lbu	r2,(r2)
 1406  00001f14  00220828	seq	r1,r1,r2
 1407  00001f18  10200010	beqz	r1,L51_LF2
 1408  00001f1c  54000000	nop; delay slot nop
 1409  00001f20  8fc10000	lw	r1,(r30)
 1410  00001f24  08000030	j	L45_LF2
 1411  00001f28  54000000	nop; delay slot nop
 1412  00001f2c          	L53_LF2:
 1413  00001f2c          	L51_LF2:
 1414  00001f2c  8fc2fff4	lw	r2,-12(r30)
 1415  00001f30  20410001	addi	r1,r2,#1
 1416  00001f34  00011020	add	r2,r0,r1
 1417  00001f38  afc2fff4	sw	-12(r30),r2
 1418  00001f3c  0bffffa8	j	L49_LF2
 1419  00001f40  54000000	nop; delay slot nop
 1420  00001f44          	L50_LF2:
 1421  00001f44  0bffff7c	j	L46_LF2
 1422  00001f48  54000000	nop; delay slot nop
 1423  00001f4c          	L47_LF2:
 1424  00001f4c  20010000	addi	r1,r0,#0
 1425  00001f50  08000004	j	L45_LF2
 1426  00001f54  54000000	nop; delay slot nop
 1427  00001f58          	L45_LF2:
 1428  00001f58  8fa20000	lw	r2,0(r29)
 1429  00001f5c  8fdffff8	lw	r31,-8(r30)
 1430  00001f60  001ee820	add	r29,r0,r30
 1431  00001f64  8fdefffc	lw	r30,-4(r30)
 1432  00001f68  4be00000	jr	r31
 1433  00001f6c  54000000	nop
 1434  00001f70          	.endproc _dmindex
 1435  00001f70          	.align 2
 1436  00001f70          	.proc _dindex
 1437  00001f70          	.global _dindex
 1438  00001f70          	_dindex:
 1439                      ;  Function 'dindex'; 0 bytes of locals, 1 regs to save.
 1440  00001f70  afbefffc	sw	-4(r29),r30; push fp
 1441  00001f74  001df020	add	r30,r0,r29; fp = sp
 1442  00001f78  afbffff8	sw	-8(r29),r31; push ret addr
 1443  00001f7c  2fbd0010	subui	r29,r29,#16; alloc local storage
 1444  00001f80  afa20000	sw	0(r29),r2
 1445  00001f84  54000000	nop
 1446  00001f88          	L55_LF2:
 1447  00001f88  8fc10000	lw	r1,(r30)
 1448  00001f8c  90220000	lbu	r2,(r1)
 1449  00001f90  64410000	snei	r1,r2,#0
 1450  00001f94  1420000c	bnez	r1,L57_LF2
 1451  00001f98  54000000	nop; delay slot nop
 1452  00001f9c  08000040	j	L56_LF2
 1453  00001fa0  54000000	nop; delay slot nop
 1454  00001fa4          	L57_LF2:
 1455  00001fa4  8fc10000	lw	r1,(r30)
 1456  00001fa8  90220000	lbu	r2,(r1)
 1457  00001fac  8fc10004	lw	r1,4(r30)
 1458  00001fb0  00411028	seq	r2,r2,r1
 1459  00001fb4  10400010	beqz	r2,L58_LF2
 1460  00001fb8  54000000	nop; delay slot nop
 1461  00001fbc  8fc10000	lw	r1,(r30)
 1462  00001fc0  08000028	j	L54_LF2
 1463  00001fc4  54000000	nop; delay slot nop
 1464  00001fc8          	L58_LF2:
 1465  00001fc8  8fc20000	lw	r2,(r30)
 1466  00001fcc  20410001	addi	r1,r2,#1
 1467  00001fd0  00011020	add	r2,r0,r1
 1468  00001fd4  afc20000	sw	(r30),r2
 1469  00001fd8  0bffffac	j	L55_LF2
 1470  00001fdc  54000000	nop; delay slot nop
 1471  00001fe0          	L56_LF2:
 1472  00001fe0  20010000	addi	r1,r0,#0
 1473  00001fe4  08000004	j	L54_LF2
 1474  00001fe8  54000000	nop; delay slot nop
 1475  00001fec          	L54_LF2:
 1476  00001fec  8fa20000	lw	r2,0(r29)
 1477  00001ff0  8fdffff8	lw	r31,-8(r30)
 1478  00001ff4  001ee820	add	r29,r0,r30
 1479  00001ff8  8fdefffc	lw	r30,-4(r30)
 1480  00001ffc  4be00000	jr	r31
 1481  00002000  54000000	nop
 1482  00002004          	.endproc _dindex
 1483  00002004          	.align 2
 1484  00002004          	.proc _ditoa
 1485  00002004          	.global _ditoa
 1486  00002004          	_ditoa:
 1487                      ;  Function 'ditoa'; 8 bytes of locals, 2 regs to save.
 1488  00002004  afbefffc	sw	-4(r29),r30; push fp
 1489  00002008  001df020	add	r30,r0,r29; fp = sp
 1490  0000200c  afbffff8	sw	-8(r29),r31; push ret addr
 1491  00002010  2fbd0018	subui	r29,r29,#24; alloc local storage
 1492  00002014  afa20000	sw	0(r29),r2
 1493  00002018  afa30004	sw	4(r29),r3
 1494  0000201c  8fc10000	lw	r1,(r30)
 1495  00002020  68220000	slti	r2,r1,#0
 1496  00002024  1040002c	beqz	r2,L60_LF2
 1497  00002028  54000000	nop; delay slot nop
 1498  0000202c  8fc10004	lw	r1,4(r30)
 1499  00002030  20220001	addi	r2,r1,#1
 1500  00002034  afc20004	sw	4(r30),r2
 1501  00002038  2002002d	addi	r2,r0,(#0x2d)&0xff
 1502  0000203c  a0220000	sb	(r1),r2
 1503  00002040  8fc10000	lw	r1,(r30)
 1504  00002044  00011022	sub	r2,r0,r1
 1505  00002048  afc20000	sw	(r30),r2
 1506  0000204c  08000118	j	L61_LF2
 1507  00002050  54000000	nop; delay slot nop
 1508  00002054          	L60_LF2:
 1509  00002054  8fc10000	lw	r1,(r30)
 1510  00002058  64220000	snei	r2,r1,#0
 1511  0000205c  14400020	bnez	r2,L62_LF2
 1512  00002060  54000000	nop; delay slot nop
 1513  00002064  8fc10004	lw	r1,4(r30)
 1514  00002068  20220001	addi	r2,r1,#1
 1515  0000206c  afc20004	sw	4(r30),r2
 1516  00002070  20020030	addi	r2,r0,(#0x30)&0xff
 1517  00002074  a0220000	sb	(r1),r2
 1518  00002078  080000ec	j	L61_LF2
 1519  0000207c  54000000	nop; delay slot nop
 1520  00002080          	L62_LF2:
 1521  00002080  20010001	addi	r1,r0,#1
 1522  00002084  afc1fff4	sw	-12(r30),r1
 1523  00002088          	L64_LF2:
 1524  00002088  8fc1fff4	lw	r1,-12(r30)
 1525  0000208c  8fc20000	lw	r2,(r30)
 1526  00002090  0022082c	sle	r1,r1,r2
 1527  00002094  1420000c	bnez	r1,L66_LF2
 1528  00002098  54000000	nop; delay slot nop
 1529  0000209c  08000024	j	L65_LF2
 1530  000020a0  54000000	nop; delay slot nop
 1531  000020a4          	L67_LF2:
 1532  000020a4          	L66_LF2:
 1533  000020a4  8fc1fff4	lw	r1,-12(r30)
 1534  000020a8  00011820	add	r3,r0,r1
 1535  000020ac  50620002	slli	r2,r3,#0x2
 1536  000020b0  00411020	add	r2,r2,r1
 1537  000020b4  50410001	slli	r1,r2,#0x1
 1538  000020b8  afc1fff4	sw	-12(r30),r1
 1539  000020bc  0bffffc8	j	L64_LF2
 1540  000020c0  54000000	nop; delay slot nop
 1541  000020c4          	L65_LF2:
 1542  000020c4  54000000	nop
 1543  000020c8          	L68_LF2:
 1544  000020c8  8fc1fff4	lw	r1,-12(r30)
 1545  000020cc  2002000a	addi	r2,r0,#10
 1546  000020d0  00200035	movi2fp	f0,r1
 1547  000020d4  00400835	movi2fp	f1,r2
 1548  000020d8  0401000f	div	f0,f0,f1
 1549  000020dc  00000834	movfp2i	r1,f0
 1550  000020e0  afc1fff4	sw	-12(r30),r1
 1551  000020e4  8fc10004	lw	r1,4(r30)
 1552  000020e8  20220001	addi	r2,r1,#1
 1553  000020ec  afc20004	sw	4(r30),r2
 1554  000020f0  8fc20000	lw	r2,(r30)
 1555  000020f4  8fc3fff4	lw	r3,-12(r30)
 1556  000020f8  00400035	movi2fp	f0,r2
 1557  000020fc  00600835	movi2fp	f1,r3
 1558  00002100  0401000f	div	f0,f0,f1
 1559  00002104  00001034	movfp2i	r2,f0
 1560  00002108  00021820	add	r3,r0,r2
 1561  0000210c  20620030	addi	r2,r3,#48
 1562  00002110  a0220000	sb	(r1),r2
 1563  00002114  8fc10000	lw	r1,(r30)
 1564  00002118  8fc3fff4	lw	r3,-12(r30)
 1565  0000211c  00200035	movi2fp	f0,r1
 1566  00002120  00600835	movi2fp	f1,r3
 1567  00002124  0401000f	div	f0,f0,f1
 1568  00002128  00001034	movfp2i	r2,f0
 1569  0000212c  8fc3fff4	lw	r3,-12(r30)
 1570  00002130  00400035	movi2fp	f0,r2
 1571  00002134  00600835	movi2fp	f1,r3
 1572  00002138  0401000e	mult	f0,f0,f1
 1573  0000213c  00001034	movfp2i	r2,f0
 1574  00002140  00220822	sub	r1,r1,r2
 1575  00002144  afc10000	sw	(r30),r1
 1576  00002148          	L70_LF2:
 1577  00002148  8fc1fff4	lw	r1,-12(r30)
 1578  0000214c  6c220001	sgti	r2,r1,#1
 1579  00002150  1440000c	bnez	r2,L71_LF2
 1580  00002154  54000000	nop; delay slot nop
 1581  00002158  0800000c	j	L61_LF2
 1582  0000215c  54000000	nop; delay slot nop
 1583  00002160          	L71_LF2:
 1584  00002160  0bffff64	j	L68_LF2
 1585  00002164  54000000	nop; delay slot nop
 1586  00002168          	L69_LF2:
 1587  00002168          	L63_LF2:
 1588  00002168          	L61_LF2:
 1589  00002168  8fc10004	lw	r1,4(r30)
 1590  0000216c  20020000	addi	r2,r0,(#0x0)&0xff
 1591  00002170  a0220000	sb	(r1),r2
 1592  00002174          	L59_LF2:
 1593  00002174  8fa20000	lw	r2,0(r29)
 1594  00002178  8fa30004	lw	r3,4(r29)
 1595  0000217c  8fdffff8	lw	r31,-8(r30)
 1596  00002180  001ee820	add	r29,r0,r30
 1597  00002184  8fdefffc	lw	r30,-4(r30)
 1598  00002188  4be00000	jr	r31
 1599  0000218c  54000000	nop
 1600  00002190          	.endproc _ditoa
 1601  00002190          	.align 2
 1602  00002190          	.proc _dstrtol
 1603  00002190          	.global _dstrtol
 1604  00002190          	_dstrtol:
 1605                      ;  Function 'dstrtol'; 16 bytes of locals, 1 regs to save.
 1606  00002190  afbefffc	sw	-4(r29),r30; push fp
 1607  00002194  001df020	add	r30,r0,r29; fp = sp
 1608  00002198  afbffff8	sw	-8(r29),r31; push ret addr
 1609  0000219c  2fbd0020	subui	r29,r29,#32; alloc local storage
 1610  000021a0  afa20000	sw	0(r29),r2
 1611  000021a4  20010000	addi	r1,r0,#0
 1612  000021a8  afc1fff4	sw	-12(r30),r1
 1613  000021ac          	L73_LF2:
 1614  000021ac  8fc10000	lw	r1,(r30)
 1615  000021b0  90220000	lbu	r2,(r1)
 1616  000021b4  60410020	seqi	r1,r2,#32
 1617  000021b8  14200034	bnez	r1,L75_LF2
 1618  000021bc  54000000	nop; delay slot nop
 1619  000021c0  8fc10000	lw	r1,(r30)
 1620  000021c4  90220000	lbu	r2,(r1)
 1621  000021c8  60410009	seqi	r1,r2,#9
 1622  000021cc  14200020	bnez	r1,L75_LF2
 1623  000021d0  54000000	nop; delay slot nop
 1624  000021d4  8fc10000	lw	r1,(r30)
 1625  000021d8  90220000	lbu	r2,(r1)
 1626  000021dc  6041000a	seqi	r1,r2,#10
 1627  000021e0  1420000c	bnez	r1,L75_LF2
 1628  000021e4  54000000	nop; delay slot nop
 1629  000021e8  0800001c	j	L74_LF2
 1630  000021ec  54000000	nop; delay slot nop
 1631  000021f0          	L75_LF2:
 1632  000021f0  8fc20000	lw	r2,(r30)
 1633  000021f4  20410001	addi	r1,r2,#1
 1634  000021f8  00011020	add	r2,r0,r1
 1635  000021fc  afc20000	sw	(r30),r2
 1636  00002200  0bffffa8	j	L73_LF2
 1637  00002204  54000000	nop; delay slot nop
 1638  00002208          	L74_LF2:
 1639  00002208  8fc10004	lw	r1,4(r30)
 1640  0000220c  64220000	snei	r2,r1,#0
 1641  00002210  10400010	beqz	r2,L76_LF2
 1642  00002214  54000000	nop; delay slot nop
 1643  00002218  8fc10004	lw	r1,4(r30)
 1644  0000221c  8fc20000	lw	r2,(r30)
 1645  00002220  ac220000	sw	(r1),r2
 1646  00002224          	L76_LF2:
 1647  00002224  8fc10000	lw	r1,(r30)
 1648  00002228  90220000	lbu	r2,(r1)
 1649  0000222c  64410000	snei	r1,r2,#0
 1650  00002230  14200010	bnez	r1,L77_LF2
 1651  00002234  54000000	nop; delay slot nop
 1652  00002238  8fc1fff4	lw	r1,-12(r30)
 1653  0000223c  08000294	j	L72_LF2
 1654  00002240  54000000	nop; delay slot nop
 1655  00002244          	L77_LF2:
 1656  00002244  8fc10000	lw	r1,(r30)
 1657  00002248  90220000	lbu	r2,(r1)
 1658  0000224c  6041002d	seqi	r1,r2,#45
 1659  00002250  10200024	beqz	r1,L78_LF2
 1660  00002254  54000000	nop; delay slot nop
 1661  00002258  2001ffff	addi	r1,r0,#-1
 1662  0000225c  afc1ffec	sw	-20(r30),r1
 1663  00002260  8fc20000	lw	r2,(r30)
 1664  00002264  20410001	addi	r1,r2,#1
 1665  00002268  00011020	add	r2,r0,r1
 1666  0000226c  afc20000	sw	(r30),r2
 1667  00002270  0800000c	j	L79_LF2
 1668  00002274  54000000	nop; delay slot nop
 1669  00002278          	L78_LF2:
 1670  00002278  20010001	addi	r1,r0,#1
 1671  0000227c  afc1ffec	sw	-20(r30),r1
 1672  00002280          	L79_LF2:
 1673  00002280  8fc10008	lw	r1,8(r30)
 1674  00002284  64220000	snei	r2,r1,#0
 1675  00002288  14400090	bnez	r2,L80_LF2
 1676  0000228c  54000000	nop; delay slot nop
 1677  00002290  8fc10000	lw	r1,(r30)
 1678  00002294  90220000	lbu	r2,(r1)
 1679  00002298  60410030	seqi	r1,r2,#48
 1680  0000229c  10200074	beqz	r1,L81_LF2
 1681  000022a0  54000000	nop; delay slot nop
 1682  000022a4  8fc20000	lw	r2,(r30)
 1683  000022a8  20410001	addi	r1,r2,#1
 1684  000022ac  00011020	add	r2,r0,r1
 1685  000022b0  afc20000	sw	(r30),r2
 1686  000022b4  8fc10000	lw	r1,(r30)
 1687  000022b8  90220000	lbu	r2,(r1)
 1688  000022bc  60410078	seqi	r1,r2,#120
 1689  000022c0  14200020	bnez	r1,L83_LF2
 1690  000022c4  54000000	nop; delay slot nop
 1691  000022c8  8fc10000	lw	r1,(r30)
 1692  000022cc  90220000	lbu	r2,(r1)
 1693  000022d0  60410058	seqi	r1,r2,#88
 1694  000022d4  1420000c	bnez	r1,L83_LF2
 1695  000022d8  54000000	nop; delay slot nop
 1696  000022dc  08000024	j	L82_LF2
 1697  000022e0  54000000	nop; delay slot nop
 1698  000022e4          	L83_LF2:
 1699  000022e4  20010010	addi	r1,r0,#16
 1700  000022e8  afc10008	sw	8(r30),r1
 1701  000022ec  8fc20000	lw	r2,(r30)
 1702  000022f0  20410001	addi	r1,r2,#1
 1703  000022f4  00011020	add	r2,r0,r1
 1704  000022f8  afc20000	sw	(r30),r2
 1705  000022fc  0800000c	j	L84_LF2
 1706  00002300  54000000	nop; delay slot nop
 1707  00002304          	L82_LF2:
 1708  00002304  20010008	addi	r1,r0,#8
 1709  00002308  afc10008	sw	8(r30),r1
 1710  0000230c          	L84_LF2:
 1711  0000230c  0800000c	j	L80_LF2
 1712  00002310  54000000	nop; delay slot nop
 1713  00002314          	L81_LF2:
 1714  00002314  2001000a	addi	r1,r0,#10
 1715  00002318  afc10008	sw	8(r30),r1
 1716  0000231c          	L85_LF2:
 1717  0000231c          	L80_LF2:
 1718  0000231c  8fc10008	lw	r1,8(r30)
 1719  00002320  70220000	slei	r2,r1,#0
 1720  00002324  1440001c	bnez	r2,L87_LF2
 1721  00002328  54000000	nop; delay slot nop
 1722  0000232c  8fc10008	lw	r1,8(r30)
 1723  00002330  6c220010	sgti	r2,r1,#16
 1724  00002334  1440000c	bnez	r2,L87_LF2
 1725  00002338  54000000	nop; delay slot nop
 1726  0000233c  08000010	j	L86_LF2
 1727  00002340  54000000	nop; delay slot nop
 1728  00002344          	L87_LF2:
 1729  00002344  8fc1fff4	lw	r1,-12(r30)
 1730  00002348  08000188	j	L72_LF2
 1731  0000234c  54000000	nop; delay slot nop
 1732  00002350          	L86_LF2:
 1733  00002350  54000000	nop
 1734  00002354          	L88_LF2:
 1735  00002354  8fc10000	lw	r1,(r30)
 1736  00002358  90220000	lbu	r2,(r1)
 1737  0000235c  6c41002f	sgtui	r1,r2,#47
 1738  00002360  10200030	beqz	r1,L91_LF2
 1739  00002364  54000000	nop; delay slot nop
 1740  00002368  8fc10000	lw	r1,(r30)
 1741  0000236c  90220000	lbu	r2,(r1)
 1742  00002370  70410039	sleui	r1,r2,#57
 1743  00002374  1020001c	beqz	r1,L91_LF2
 1744  00002378  54000000	nop; delay slot nop
 1745  0000237c  8fc10000	lw	r1,(r30)
 1746  00002380  90220000	lbu	r2,(r1)
 1747  00002384  2041ffd0	addi	r1,r2,#-48
 1748  00002388  afc1fff0	sw	-16(r30),r1
 1749  0000238c  0800008c	j	L92_LF2
 1750  00002390  54000000	nop; delay slot nop
 1751  00002394          	L91_LF2:
 1752  00002394  8fc10000	lw	r1,(r30)
 1753  00002398  90220000	lbu	r2,(r1)
 1754  0000239c  6c410060	sgtui	r1,r2,#96
 1755  000023a0  10200030	beqz	r1,L93_LF2
 1756  000023a4  54000000	nop; delay slot nop
 1757  000023a8  8fc10000	lw	r1,(r30)
 1758  000023ac  90220000	lbu	r2,(r1)
 1759  000023b0  7041007a	sleui	r1,r2,#122
 1760  000023b4  1020001c	beqz	r1,L93_LF2
 1761  000023b8  54000000	nop; delay slot nop
 1762  000023bc  8fc10000	lw	r1,(r30)
 1763  000023c0  90220000	lbu	r2,(r1)
 1764  000023c4  2041ffa9	addi	r1,r2,#-87
 1765  000023c8  afc1fff0	sw	-16(r30),r1
 1766  000023cc  0800004c	j	L92_LF2
 1767  000023d0  54000000	nop; delay slot nop
 1768  000023d4          	L93_LF2:
 1769  000023d4  8fc10000	lw	r1,(r30)
 1770  000023d8  90220000	lbu	r2,(r1)
 1771  000023dc  6c410040	sgtui	r1,r2,#64
 1772  000023e0  10200030	beqz	r1,L95_LF2
 1773  000023e4  54000000	nop; delay slot nop
 1774  000023e8  8fc10000	lw	r1,(r30)
 1775  000023ec  90220000	lbu	r2,(r1)
 1776  000023f0  7041005a	sleui	r1,r2,#90
 1777  000023f4  1020001c	beqz	r1,L95_LF2
 1778  000023f8  54000000	nop; delay slot nop
 1779  000023fc  8fc10000	lw	r1,(r30)
 1780  00002400  90220000	lbu	r2,(r1)
 1781  00002404  2041ffc9	addi	r1,r2,#-55
 1782  00002408  afc1fff0	sw	-16(r30),r1
 1783  0000240c  0800000c	j	L92_LF2
 1784  00002410  54000000	nop; delay slot nop
 1785  00002414          	L95_LF2:
 1786  00002414  200103e8	addi	r1,r0,#1000
 1787  00002418  afc1fff0	sw	-16(r30),r1
 1788  0000241c          	L96_LF2:
 1789  0000241c          	L94_LF2:
 1790  0000241c          	L92_LF2:
 1791  0000241c  8fc1fff0	lw	r1,-16(r30)
 1792  00002420  8fc20008	lw	r2,8(r30)
 1793  00002424  0022082a	slt	r1,r1,r2
 1794  00002428  10200040	beqz	r1,L90_LF2
 1795  0000242c  54000000	nop; delay slot nop
 1796  00002430  8fc1fff4	lw	r1,-12(r30)
 1797  00002434  8fc20008	lw	r2,8(r30)
 1798  00002438  00200035	movi2fp	f0,r1
 1799  0000243c  00400835	movi2fp	f1,r2
 1800  00002440  0401000e	mult	f0,f0,f1
 1801  00002444  00000834	movfp2i	r1,f0
 1802  00002448  afc1fff4	sw	-12(r30),r1
 1803  0000244c  8fc1fff4	lw	r1,-12(r30)
 1804  00002450  8fc2fff0	lw	r2,-16(r30)
 1805  00002454  00220820	add	r1,r1,r2
 1806  00002458  afc1fff4	sw	-12(r30),r1
 1807  0000245c  8fc20000	lw	r2,(r30)
 1808  00002460  20410001	addi	r1,r2,#1
 1809  00002464  00011020	add	r2,r0,r1
 1810  00002468  afc20000	sw	(r30),r2
 1811  0000246c          	L97_LF2:
 1812  0000246c          	L90_LF2:
 1813  0000246c  8fc1fff0	lw	r1,-16(r30)
 1814  00002470  8fc20008	lw	r2,8(r30)
 1815  00002474  0022082a	slt	r1,r1,r2
 1816  00002478  1420000c	bnez	r1,L98_LF2
 1817  0000247c  54000000	nop; delay slot nop
 1818  00002480  0800000c	j	L89_LF2
 1819  00002484  54000000	nop; delay slot nop
 1820  00002488          	L98_LF2:
 1821  00002488  0bfffec8	j	L88_LF2
 1822  0000248c  54000000	nop; delay slot nop
 1823  00002490          	L89_LF2:
 1824  00002490  8fc10004	lw	r1,4(r30)
 1825  00002494  64220000	snei	r2,r1,#0
 1826  00002498  10400010	beqz	r2,L99_LF2
 1827  0000249c  54000000	nop; delay slot nop
 1828  000024a0  8fc10004	lw	r1,4(r30)
 1829  000024a4  8fc20000	lw	r2,(r30)
 1830  000024a8  ac220000	sw	(r1),r2
 1831  000024ac          	L99_LF2:
 1832  000024ac  8fc1fff4	lw	r1,-12(r30)
 1833  000024b0  8fc2ffec	lw	r2,-20(r30)
 1834  000024b4  00200035	movi2fp	f0,r1
 1835  000024b8  00400835	movi2fp	f1,r2
 1836  000024bc  0401000e	mult	f0,f0,f1
 1837  000024c0  00000834	movfp2i	r1,f0
 1838  000024c4  afc1fff4	sw	-12(r30),r1
 1839  000024c8  8fc1fff4	lw	r1,-12(r30)
 1840  000024cc  08000004	j	L72_LF2
 1841  000024d0  54000000	nop; delay slot nop
 1842  000024d4          	L72_LF2:
 1843  000024d4  8fa20000	lw	r2,0(r29)
 1844  000024d8  8fdffff8	lw	r31,-8(r30)
 1845  000024dc  001ee820	add	r29,r0,r30
 1846  000024e0  8fdefffc	lw	r30,-4(r30)
 1847  000024e4  4be00000	jr	r31
 1848  000024e8  54000000	nop
 1849  000024ec          	.endproc _dstrtol
 1850  000024ec          	.align 2
 1851  000024ec          	.proc _bcopy
 1852  000024ec          	.global _bcopy
 1853  000024ec          	_bcopy:
 1854                      ;  Function 'bcopy'; 0 bytes of locals, 2 regs to save.
 1855  000024ec  afbefffc	sw	-4(r29),r30; push fp
 1856  000024f0  001df020	add	r30,r0,r29; fp = sp
 1857  000024f4  afbffff8	sw	-8(r29),r31; push ret addr
 1858  000024f8  2fbd0010	subui	r29,r29,#16; alloc local storage
 1859  000024fc  afa20000	sw	0(r29),r2
 1860  00002500  afa30004	sw	4(r29),r3
 1861  00002504  54000000	nop
 1862  00002508          	L101_LF2:
 1863  00002508  8fc10008	lw	r1,8(r30)
 1864  0000250c  2022ffff	addi	r2,r1,#-1
 1865  00002510  afc20008	sw	8(r30),r2
 1866  00002514  6c210000	sgti	r1,r1,#0
 1867  00002518  1420000c	bnez	r1,L103_LF2
 1868  0000251c  54000000	nop; delay slot nop
 1869  00002520  0800002c	j	L102_LF2
 1870  00002524  54000000	nop; delay slot nop
 1871  00002528          	L103_LF2:
 1872  00002528  8fc10004	lw	r1,4(r30)
 1873  0000252c  20220001	addi	r2,r1,#1
 1874  00002530  afc20004	sw	4(r30),r2
 1875  00002534  8fc20000	lw	r2,(r30)
 1876  00002538  20430001	addi	r3,r2,#1
 1877  0000253c  afc30000	sw	(r30),r3
 1878  00002540  80420000	lb	r2,(r2)
 1879  00002544  a0220000	sb	(r1),r2
 1880  00002548  0bffffbc	j	L101_LF2
 1881  0000254c  54000000	nop; delay slot nop
 1882  00002550          	L102_LF2:
 1883  00002550          	L100_LF2:
 1884  00002550  8fa20000	lw	r2,0(r29)
 1885  00002554  8fa30004	lw	r3,4(r29)
 1886  00002558  8fdffff8	lw	r31,-8(r30)
 1887  0000255c  001ee820	add	r29,r0,r30
 1888  00002560  8fdefffc	lw	r30,-4(r30)
 1889  00002564  4be00000	jr	r31
 1890  00002568  54000000	nop
 1891  0000256c          	.endproc _bcopy
 1892  0000256c          	.align 2
 1893  0000256c          	.proc _bzero
 1894  0000256c          	.global _bzero
 1895  0000256c          	_bzero:
 1896                      ;  Function 'bzero'; 0 bytes of locals, 1 regs to save.
 1897  0000256c  afbefffc	sw	-4(r29),r30; push fp
 1898  00002570  001df020	add	r30,r0,r29; fp = sp
 1899  00002574  afbffff8	sw	-8(r29),r31; push ret addr
 1900  00002578  2fbd0010	subui	r29,r29,#16; alloc local storage
 1901  0000257c  afa20000	sw	0(r29),r2
 1902  00002580  54000000	nop
 1903  00002584          	L105_LF2:
 1904  00002584  8fc10004	lw	r1,4(r30)
 1905  00002588  2022ffff	addi	r2,r1,#-1
 1906  0000258c  afc20004	sw	4(r30),r2
 1907  00002590  6c210000	sgti	r1,r1,#0
 1908  00002594  1420000c	bnez	r1,L107_LF2
 1909  00002598  54000000	nop; delay slot nop
 1910  0000259c  08000020	j	L106_LF2
 1911  000025a0  54000000	nop; delay slot nop
 1912  000025a4          	L107_LF2:
 1913  000025a4  8fc10000	lw	r1,(r30)
 1914  000025a8  20220001	addi	r2,r1,#1
 1915  000025ac  afc20000	sw	(r30),r2
 1916  000025b0  20020000	addi	r2,r0,(#0x0)&0xff
 1917  000025b4  a0220000	sb	(r1),r2
 1918  000025b8  0bffffc8	j	L105_LF2
 1919  000025bc  54000000	nop; delay slot nop
 1920  000025c0          	L106_LF2:
 1921  000025c0          	L104_LF2:
 1922  000025c0  8fa20000	lw	r2,0(r29)
 1923  000025c4  8fdffff8	lw	r31,-8(r30)
 1924  000025c8  001ee820	add	r29,r0,r30
 1925  000025cc  8fdefffc	lw	r30,-4(r30)
 1926  000025d0  4be00000	jr	r31
 1927  000025d4  54000000	nop
 1928  000025d8          	.endproc _bzero
 1929  000025d8          	.align 2
 1930  000025d8          	.proc _min
 1931  000025d8          	.global _min
 1932  000025d8          	_min:
 1933                      ;  Function 'min'; 0 bytes of locals, 2 regs to save.
 1934  000025d8  afbefffc	sw	-4(r29),r30; push fp
 1935  000025dc  001df020	add	r30,r0,r29; fp = sp
 1936  000025e0  afbffff8	sw	-8(r29),r31; push ret addr
 1937  000025e4  2fbd0010	subui	r29,r29,#16; alloc local storage
 1938  000025e8  afa20000	sw	0(r29),r2
 1939  000025ec  afa30004	sw	4(r29),r3
 1940  000025f0  8fc10000	lw	r1,(r30)
 1941  000025f4  8fc20004	lw	r2,4(r30)
 1942  000025f8  0022182c	sle	r3,r1,r2
 1943  000025fc  14600008	bnez	r3,L109_LF2
 1944  00002600  54000000	nop; delay slot nop
 1945  00002604  8fc10004	lw	r1,4(r30)
 1946  00002608          	L109_LF2:
 1947  00002608  08000004	j	L108_LF2
 1948  0000260c  54000000	nop; delay slot nop
 1949  00002610          	L108_LF2:
 1950  00002610  8fa20000	lw	r2,0(r29)
 1951  00002614  8fa30004	lw	r3,4(r29)
 1952  00002618  8fdffff8	lw	r31,-8(r30)
 1953  0000261c  001ee820	add	r29,r0,r30
 1954  00002620  8fdefffc	lw	r30,-4(r30)
 1955  00002624  4be00000	jr	r31
 1956  00002628  54000000	nop
 1957  0000262c          	.endproc _min
 1958  0000262c          	.align 2
 1959  0000262c          	.proc _max
 1960  0000262c          	.global _max
 1961  0000262c          	_max:
 1962                      ;  Function 'max'; 0 bytes of locals, 2 regs to save.
 1963  0000262c  afbefffc	sw	-4(r29),r30; push fp
 1964  00002630  001df020	add	r30,r0,r29; fp = sp
 1965  00002634  afbffff8	sw	-8(r29),r31; push ret addr
 1966  00002638  2fbd0010	subui	r29,r29,#16; alloc local storage
 1967  0000263c  afa20000	sw	0(r29),r2
 1968  00002640  afa30004	sw	4(r29),r3
 1969  00002644  8fc10000	lw	r1,(r30)
 1970  00002648  8fc20004	lw	r2,4(r30)
 1971  0000264c  0022182d	sge	r3,r1,r2
 1972  00002650  14600008	bnez	r3,L111_LF2
 1973  00002654  54000000	nop; delay slot nop
 1974  00002658  8fc10004	lw	r1,4(r30)
 1975  0000265c          	L111_LF2:
 1976  0000265c  08000004	j	L110_LF2
 1977  00002660  54000000	nop; delay slot nop
 1978  00002664          	L110_LF2:
 1979  00002664  8fa20000	lw	r2,0(r29)
 1980  00002668  8fa30004	lw	r3,4(r29)
 1981  0000266c  8fdffff8	lw	r31,-8(r30)
 1982  00002670  001ee820	add	r29,r0,r30
 1983  00002674  8fdefffc	lw	r30,-4(r30)
 1984  00002678  4be00000	jr	r31
 1985  0000267c  54000000	nop
 1986  00002680          	.endproc _max
 1987                      ;;; Ethan L. Miller, 1999.  Released to the public domain
 1988                      ;;;
 1989                      ;;; Most of the traps are called in files from libtraps.
 1992  00002680          	.align 2
 1993  00002680          	.proc _exit
 1994  00002680          	.global _exit
 1995  00002680          	_exit:
 1996  00002680  44000300	trap	#0x300
 1997  00002684  4be00000	jr	r31
 1998  00002688  54000000	nop
 1999  0000268c          	.endproc _exit
 2001                      ; for the benefit of gcc.
 2002  0000268c          	.proc ___main
 2003  0000268c          	.global ___main
 2004  0000268c          	___main:
 2005  0000268c  4be00000	jr	r31
 2006  00002690  54000000	nop
 2007  00002694          	.endproc ___main
 2008  00002694          	.text
 2009  00002694          	.global _etext
 2010  00002694          	_etext:
 2011  00002694          	.align 3
 2012  00002698          	.data
 2013  000089c4          	.global _edata
 2014  000089c4          	_edata:
