 line   address	contents
    1                      ; Linked by DLX-LD.
    2                      ; MemSize 24576
    3                      ; Data size: 370
    4                      ; Text size: 4692
    5                      ; Stack size: 8192
    6  00000000          	.text 0x1000
    7  00001000          	.data 0x3000
    8                      ; Compiled by GCC
    9  00003000          	.text
   10  00001000          	.align 2
   11  00001000          	.proc _isspace
   12  00001000          	.global _isspace
   13  00001000          	_isspace:
   14                      ;  Function 'isspace'; 0 bytes of locals, 1 regs to save.
   15  00001000  afbefffc	sw	-4(r29),r30; push fp
   16  00001004  001df020	add	r30,r0,r29; fp = sp
   17  00001008  afbffff8	sw	-8(r29),r31; push ret addr
   18  0000100c  2fbd0010	subui	r29,r29,#16; alloc local storage
   19  00001010  afa20000	sw	0(r29),r2
   20  00001014  83c20003	lb	r2,3(r30)
   21  00001018  201f0000	addi	r31,r0,#0
   22  0000101c  304100ff	andi	r1,r2,#0x00ff
   23  00001020  60210020	seqi	r1,r1,#32
   24  00001024  14200018	bnez	r1,L6_LF0
   25  00001028  54000000	nop; not filled.
   26  0000102c  2041fff7	addi	r1,r2,#-9
   27  00001030  302100ff	andi	r1,r1,#0x00ff
   28  00001034  70210001	sleui	r1,r1,#1
   29  00001038  10200008	beqz	r1,L5_LF0
   30  0000103c  54000000	nop; not filled.
   31  00001040          	L6_LF0:
   32  00001040  201f0001	addi	r31,r0,#1
   33  00001044          	L5_LF0:
   34  00001044  001f0820	add	r1,r0,r31
   35  00001048  8fa20000	lw	r2,0(r29)
   36  0000104c  8fdffff8	lw	r31,-8(r30)
   37  00001050  001ee820	add	r29,r0,r30
   38  00001054  8fdefffc	lw	r30,-4(r30)
   39  00001058  4be00000	jr	r31
   40  0000105c  54000000	nop
   41  00001060          	.endproc _isspace
   42  00001060          	.align 2
   43  00001060          	.proc _isxdigit
   44  00001060          	.global _isxdigit
   45  00001060          	_isxdigit:
   46                      ;  Function 'isxdigit'; 0 bytes of locals, 1 regs to save.
   47  00001060  afbefffc	sw	-4(r29),r30; push fp
   48  00001064  001df020	add	r30,r0,r29; fp = sp
   49  00001068  afbffff8	sw	-8(r29),r31; push ret addr
   50  0000106c  2fbd0010	subui	r29,r29,#16; alloc local storage
   51  00001070  afa20000	sw	0(r29),r2
   52  00001074  83df0003	lb	r31,3(r30)
   53  00001078  20020000	addi	r2,r0,#0
   54  0000107c  23e1ffd0	addi	r1,r31,#-48
   55  00001080  302100ff	andi	r1,r1,#0x00ff
   56  00001084  70210009	sleui	r1,r1,#9
   57  00001088  14200028	bnez	r1,L12_LF0
   58  0000108c  54000000	nop; not filled.
   59  00001090  23e1ff9f	addi	r1,r31,#-97
   60  00001094  302100ff	andi	r1,r1,#0x00ff
   61  00001098  70210005	sleui	r1,r1,#5
   62  0000109c  14200014	bnez	r1,L12_LF0
   63  000010a0  54000000	nop; not filled.
   64  000010a4  33e100ff	andi	r1,r31,#0x00ff
   65  000010a8  64210041	snei	r1,r1,#65
   66  000010ac  14200008	bnez	r1,L11_LF0
   67  000010b0  54000000	nop; not filled.
   68  000010b4          	L12_LF0:
   69  000010b4  20020001	addi	r2,r0,#1
   70  000010b8          	L11_LF0:
   71  000010b8  00020820	add	r1,r0,r2
   72  000010bc  8fa20000	lw	r2,0(r29)
   73  000010c0  8fdffff8	lw	r31,-8(r30)
   74  000010c4  001ee820	add	r29,r0,r30
   75  000010c8  8fdefffc	lw	r30,-4(r30)
   76  000010cc  4be00000	jr	r31
   77  000010d0  54000000	nop
   78  000010d4          	.endproc _isxdigit
   79  000010d4          	.data
   80  00003000          	.align 2
   81  00003000          	LC0_LF0:
   82  00003000  55736167	.ascii "Usage: \000"
   82  00003004  653a2000	
   83  00003008          	.align 2
   84  00003008          	LC1_LF0:
   85  00003008  203c6e75	.ascii " <number of processes to create>\n\000"
   85  0000300c  6d626572	
   85  00003010  206f6620	
   85  00003014  70726f63	
   85  00003018  65737365	
   85  0000301c  7320746f	
   85  00003020  20637265	
   85  00003024  6174653e	
   85  00003028  0a00    	
   86  0000302a          	.align 2
   87  0000302c          	LC2_LF0:
   88  0000302c  43726561	.ascii "Creating %d processes\n\000"
   88  00003030  74696e67	
   88  00003034  20256420	
   88  00003038  70726f63	
   88  0000303c  65737365	
   88  00003040  730a00  	
   89  00003043          	.align 2
   90  00003044          	LC3_LF0:
   91  00003044  4552524f	.ascii "ERROR: could not allocate shared memory page in \000"
   91  00003048  523a2063	
   91  0000304c  6f756c64	
   91  00003050  206e6f74	
   91  00003054  20616c6c	
   91  00003058  6f636174	
   91  0000305c  65207368	
   91  00003060  61726564	
   91  00003064  206d656d	
   91  00003068  6f727920	
   91  0000306c  70616765	
   91  00003070  20696e20	
   91  00003074  00      	
   92  00003075          	.align 2
   93  00003078          	LC4_LF0:
   94  00003078  2c206578	.ascii ", exiting...\n\000"
   94  0000307c  6974696e	
   94  00003080  672e2e2e	
   94  00003084  0a00    	
   95  00003086          	.align 2
   96  00003088          	LC5_LF0:
   97  00003088  436f756c	.ascii "Could not map the shared page to virtual address in \000"
   97  0000308c  64206e6f	
   97  00003090  74206d61	
   97  00003094  70207468	
   97  00003098  65207368	
   97  0000309c  61726564	
   97  000030a0  20706167	
   97  000030a4  6520746f	
   97  000030a8  20766972	
   97  000030ac  7475616c	
   97  000030b0  20616464	
   97  000030b4  72657373	
   97  000030b8  20696e20	
   97  000030bc  00      	
   98  000030bd          	.align 2
   99  000030c0          	LC6_LF0:
  100  000030c0  2c206578	.ascii ", exiting..\n\000"
  100  000030c4  6974696e	
  100  000030c8  672e2e0a	
  100  000030cc  00      	
  101  000030cd          	.align 2
  102  000030d0          	LC7_LF0:
  103  000030d0  42616420	.ascii "Bad sem_create in \000"
  103  000030d4  73656d5f	
  103  000030d8  63726561	
  103  000030dc  74652069	
  103  000030e0  6e2000  	
  104  000030e3          	.align 2
  105  000030e4          	LC8_LF0:
  106  000030e4  0a00    	.ascii "\n\000"
  107  000030e6          	.align 2
  108  000030e8          	LC9_LF0:
  109  000030e8  73706177	.ascii "spawn_me.dlx.obj\000"
  109  000030ec  6e5f6d65	
  109  000030f0  2e646c78	
  109  000030f4  2e6f626a	
  109  000030f8  00      	
  110  000030f9          	.align 2
  111  000030fc          	LC10_LF0:
  112  000030fc  50726f63	.ascii "Process %d created\n\000"
  112  00003100  65737320	
  112  00003104  25642063	
  112  00003108  72656174	
  112  0000310c  65640a00	
  113  00003110          	.align 2
  114  00003110          	LC11_LF0:
  115  00003110  42616420	.ascii "Bad semaphore s_procs_completed (%d) in \000"
  115  00003114  73656d61	
  115  00003118  70686f72	
  115  0000311c  6520735f	
  115  00003120  70726f63	
  115  00003124  735f636f	
  115  00003128  6d706c65	
  115  0000312c  74656420	
  115  00003130  28256429	
  115  00003134  20696e20	
  115  00003138  00      	
  116  00003139          	.align 2
  117  0000313c          	LC12_LF0:
  118  0000313c  416c6c20	.ascii "All other processes completed, exiting main process.\n\000"
  118  00003140  6f746865	
  118  00003144  72207072	
  118  00003148  6f636573	
  118  0000314c  73657320	
  118  00003150  636f6d70	
  118  00003154  6c657465	
  118  00003158  642c2065	
  118  0000315c  78697469	
  118  00003160  6e67206d	
  118  00003164  61696e20	
  118  00003168  70726f63	
  118  0000316c  6573732e	
  118  00003170  0a00    	
  119  00003172          	.text
  120  000010d4          	.align 2
  121  000010d4          	.proc _main
  122  000010d4          	.global _main
  123  000010d4          	_main:
  124                      ;  Function 'main'; 32 bytes of locals, 0 regs to save.
  125  000010d4  afbefffc	sw	-4(r29),r30; push fp
  126  000010d8  001df020	add	r30,r0,r29; fp = sp
  127  000010dc  afbffff8	sw	-8(r29),r31; push ret addr
  128  000010e0  2fbd0028	subui	r29,r29,#40; alloc local storage
  129  000010e4  8fc20000	lw	r2,(r30)
  130  000010e8  8fc70004	lw	r7,4(r30)
  131  000010ec  0c00115c	jal	___main
  132  000010f0  54000000	nop; not filled.
  133  000010f4  64410002	snei	r1,r2,#2
  134  000010f8  1020004c	beqz	r1,L14_LF0
  135  000010fc  54000000	nop; not filled.
  136  00001100  23bdfff8	addi	r29,r29,#-8
  137  00001104  3c080000	lhi	r8,((LC0_LF0)>>16)&0xffff
  138  00001108  25083000	addui	r8,r8,(LC0_LF0)&0xffff
  139  0000110c  afa80000	sw	(r29),r8
  140  00001110  0c000330	jal	_Printf
  141  00001114  54000000	nop; not filled.
  142  00001118  8ce80000	lw	r8,(r7)
  143  0000111c  afa80000	sw	(r29),r8
  144  00001120  0c000320	jal	_Printf
  145  00001124  54000000	nop; not filled.
  146  00001128  3c080000	lhi	r8,((LC1_LF0)>>16)&0xffff
  147  0000112c  25083008	addui	r8,r8,(LC1_LF0)&0xffff
  148  00001130  afa80000	sw	(r29),r8
  149  00001134  0c00030c	jal	_Printf
  150  00001138  54000000	nop; not filled.
  151  0000113c  0c0003b8	jal	_Exit
  152  00001140  54000000	nop; not filled.
  153  00001144  23bd0008	addi	r29,r29,#8
  154  00001148          	L14_LF0:
  155  00001148  23bdfff0	addi	r29,r29,#-16
  156  0000114c  8ce80004	lw	r8,4(r7)
  157  00001150  afa80000	sw	(r29),r8
  158  00001154  20080000	addi	r8,r0,#0
  159  00001158  afa80004	sw	4(r29),r8
  160  0000115c  2008000a	addi	r8,r0,#10
  161  00001160  afa80008	sw	8(r29),r8
  162  00001164  0c000c3c	jal	_dstrtol
  163  00001168  54000000	nop; not filled.
  164  0000116c  00013020	add	r6,r0,r1
  165  00001170  3c080000	lhi	r8,((LC2_LF0)>>16)&0xffff
  166  00001174  2508302c	addui	r8,r8,(LC2_LF0)&0xffff
  167  00001178  afa80000	sw	(r29),r8
  168  0000117c  afa60004	sw	4(r29),r6
  169  00001180  0c0002c0	jal	_Printf
  170  00001184  54000000	nop; not filled.
  171  00001188  0c0002dc	jal	_shmget
  172  0000118c  54000000	nop; not filled.
  173  00001190  00011820	add	r3,r0,r1
  174  00001194  23bd0010	addi	r29,r29,#16
  175  00001198  64610000	snei	r1,r3,#0
  176  0000119c  1420004c	bnez	r1,L15_LF0
  177  000011a0  54000000	nop; not filled.
  178  000011a4  23bdfff8	addi	r29,r29,#-8
  179  000011a8  3c080000	lhi	r8,((LC3_LF0)>>16)&0xffff
  180  000011ac  25083044	addui	r8,r8,(LC3_LF0)&0xffff
  181  000011b0  afa80000	sw	(r29),r8
  182  000011b4  0c00028c	jal	_Printf
  183  000011b8  54000000	nop; not filled.
  184  000011bc  8ce80000	lw	r8,(r7)
  185  000011c0  afa80000	sw	(r29),r8
  186  000011c4  0c00027c	jal	_Printf
  187  000011c8  54000000	nop; not filled.
  188  000011cc  3c080000	lhi	r8,((LC4_LF0)>>16)&0xffff
  189  000011d0  25083078	addui	r8,r8,(LC4_LF0)&0xffff
  190  000011d4  afa80000	sw	(r29),r8
  191  000011d8  0c000268	jal	_Printf
  192  000011dc  54000000	nop; not filled.
  193  000011e0  0c000314	jal	_Exit
  194  000011e4  54000000	nop; not filled.
  195  000011e8  23bd0008	addi	r29,r29,#8
  196  000011ec          	L15_LF0:
  197  000011ec  23bdfff8	addi	r29,r29,#-8
  198  000011f0  afa30000	sw	(r29),r3
  199  000011f4  0c00027c	jal	_shmat
  200  000011f8  54000000	nop; not filled.
  201  000011fc  00011020	add	r2,r0,r1
  202  00001200  23bd0008	addi	r29,r29,#8
  203  00001204  64410000	snei	r1,r2,#0
  204  00001208  1420004c	bnez	r1,L16_LF0
  205  0000120c  54000000	nop; not filled.
  206  00001210  23bdfff8	addi	r29,r29,#-8
  207  00001214  3c080000	lhi	r8,((LC5_LF0)>>16)&0xffff
  208  00001218  25083088	addui	r8,r8,(LC5_LF0)&0xffff
  209  0000121c  afa80000	sw	(r29),r8
  210  00001220  0c000220	jal	_Printf
  211  00001224  54000000	nop; not filled.
  212  00001228  8ce80000	lw	r8,(r7)
  213  0000122c  afa80000	sw	(r29),r8
  214  00001230  0c000210	jal	_Printf
  215  00001234  54000000	nop; not filled.
  216  00001238  3c080000	lhi	r8,((LC6_LF0)>>16)&0xffff
  217  0000123c  250830c0	addui	r8,r8,(LC6_LF0)&0xffff
  218  00001240  afa80000	sw	(r29),r8
  219  00001244  0c0001fc	jal	_Printf
  220  00001248  54000000	nop; not filled.
  221  0000124c  0c0002a8	jal	_Exit
  222  00001250  54000000	nop; not filled.
  223  00001254  23bd0008	addi	r29,r29,#8
  224  00001258          	L16_LF0:
  225  00001258  ac460000	sw	(r2),r6
  226  0000125c  20080041	addi	r8,r0,(#0x41)&0xff
  227  00001260  a0480004	sb	4(r2),r8
  228  00001264  23bdfff8	addi	r29,r29,#-8
  229  00001268  20010001	addi	r1,r0,#1
  230  0000126c  00260822	sub	r1,r1,r6
  231  00001270  afa10000	sw	(r29),r1
  232  00001274  0c000208	jal	_sem_create
  233  00001278  54000000	nop; not filled.
  234  0000127c  00012820	add	r5,r0,r1
  235  00001280  23bd0008	addi	r29,r29,#8
  236  00001284  60a1ffff	seqi	r1,r5,#-1
  237  00001288  1020004c	beqz	r1,L17_LF0
  238  0000128c  54000000	nop; not filled.
  239  00001290  23bdfff8	addi	r29,r29,#-8
  240  00001294  3c080000	lhi	r8,((LC7_LF0)>>16)&0xffff
  241  00001298  250830d0	addui	r8,r8,(LC7_LF0)&0xffff
  242  0000129c  afa80000	sw	(r29),r8
  243  000012a0  0c0001a0	jal	_Printf
  244  000012a4  54000000	nop; not filled.
  245  000012a8  8ce80000	lw	r8,(r7)
  246  000012ac  afa80000	sw	(r29),r8
  247  000012b0  0c000190	jal	_Printf
  248  000012b4  54000000	nop; not filled.
  249  000012b8  3c080000	lhi	r8,((LC8_LF0)>>16)&0xffff
  250  000012bc  250830e4	addui	r8,r8,(LC8_LF0)&0xffff
  251  000012c0  afa80000	sw	(r29),r8
  252  000012c4  0c00017c	jal	_Printf
  253  000012c8  54000000	nop; not filled.
  254  000012cc  0c000228	jal	_Exit
  255  000012d0  54000000	nop; not filled.
  256  000012d4  23bd0008	addi	r29,r29,#8
  257  000012d8          	L17_LF0:
  258  000012d8  23bdfff8	addi	r29,r29,#-8
  259  000012dc  afa30000	sw	(r29),r3
  260  000012e0  23c4ffe8	addi	r4,r30,#-24
  261  000012e4  afa40004	sw	4(r29),r4
  262  000012e8  0c00092c	jal	_ditoa
  263  000012ec  54000000	nop; not filled.
  264  000012f0  afa50000	sw	(r29),r5
  265  000012f4  23c3ffd8	addi	r3,r30,#-40
  266  000012f8  afa30004	sw	4(r29),r3
  267  000012fc  0c000918	jal	_ditoa
  268  00001300  54000000	nop; not filled.
  269  00001304  20020000	addi	r2,r0,#0
  270  00001308  23bd0008	addi	r29,r29,#8
  271  0000130c  0046082a	slt	r1,r2,r6
  272  00001310  10200058	beqz	r1,L19_LF0
  273  00001314  54000000	nop; not filled.
  274  00001318          	L21_LF0:
  275  00001318  23bdfff0	addi	r29,r29,#-16
  276  0000131c  3c080000	lhi	r8,((LC9_LF0)>>16)&0xffff
  277  00001320  250830e8	addui	r8,r8,(LC9_LF0)&0xffff
  278  00001324  afa80000	sw	(r29),r8
  279  00001328  afa40004	sw	4(r29),r4
  280  0000132c  afa30008	sw	8(r29),r3
  281  00001330  20080000	addi	r8,r0,#0
  282  00001334  afa8000c	sw	12(r29),r8
  283  00001338  0c000120	jal	_process_create
  284  0000133c  54000000	nop; not filled.
  285  00001340  3c080000	lhi	r8,((LC10_LF0)>>16)&0xffff
  286  00001344  250830fc	addui	r8,r8,(LC10_LF0)&0xffff
  287  00001348  afa80000	sw	(r29),r8
  288  0000134c  afa20004	sw	4(r29),r2
  289  00001350  0c0000f0	jal	_Printf
  290  00001354  54000000	nop; not filled.
  291  00001358  23bd0010	addi	r29,r29,#16
  292  0000135c  20420001	addi	r2,r2,#1
  293  00001360  0046082a	slt	r1,r2,r6
  294  00001364  1420ffb0	bnez	r1,L21_LF0
  295  00001368  54000000	nop; not filled.
  296  0000136c          	L19_LF0:
  297  0000136c  23bdfff8	addi	r29,r29,#-8
  298  00001370  afa50000	sw	(r29),r5
  299  00001374  0c000114	jal	_sem_wait
  300  00001378  54000000	nop; not filled.
  301  0000137c  23bd0008	addi	r29,r29,#8
  302  00001380  64210001	snei	r1,r1,#1
  303  00001384  10200050	beqz	r1,L23_LF0
  304  00001388  54000000	nop; not filled.
  305  0000138c  23bdfff8	addi	r29,r29,#-8
  306  00001390  3c080000	lhi	r8,((LC11_LF0)>>16)&0xffff
  307  00001394  25083110	addui	r8,r8,(LC11_LF0)&0xffff
  308  00001398  afa80000	sw	(r29),r8
  309  0000139c  afa50004	sw	4(r29),r5
  310  000013a0  0c0000a0	jal	_Printf
  311  000013a4  54000000	nop; not filled.
  312  000013a8  8ce70000	lw	r7,(r7)
  313  000013ac  afa70000	sw	(r29),r7
  314  000013b0  0c000090	jal	_Printf
  315  000013b4  54000000	nop; not filled.
  316  000013b8  3c080000	lhi	r8,((LC8_LF0)>>16)&0xffff
  317  000013bc  250830e4	addui	r8,r8,(LC8_LF0)&0xffff
  318  000013c0  afa80000	sw	(r29),r8
  319  000013c4  0c00007c	jal	_Printf
  320  000013c8  54000000	nop; not filled.
  321  000013cc  0c000128	jal	_Exit
  322  000013d0  54000000	nop; not filled.
  323  000013d4  23bd0008	addi	r29,r29,#8
  324  000013d8          	L23_LF0:
  325  000013d8  23bdfff8	addi	r29,r29,#-8
  326  000013dc  3c080000	lhi	r8,((LC12_LF0)>>16)&0xffff
  327  000013e0  2508313c	addui	r8,r8,(LC12_LF0)&0xffff
  328  000013e4  afa80000	sw	(r29),r8
  329  000013e8  0c000058	jal	_Printf
  330  000013ec  54000000	nop; not filled.
  331  000013f0  23bd0008	addi	r29,r29,#8
  332  000013f4  0c000e48	jal	_exit
  333  000013f8  54000000	nop
  334  000013fc          	.endproc _main
  335                      ;;;
  336                      ;;; Stub functions for DLX traps.
  337                      ;;;
  338                      ;;; Ethan L. Miller, 1999.  Released to the public domain.
  339                      ;;;
  340                      ;;; The traps such as Open and Close
  341                      ;;; (note the capital letters) are for use by user programs.  The traps
  342                      ;;; with names such as open and close (lower case) are for use by the OS.
  343                      ;;;
  346  000013fc          	.align 2
  348                      ;;; The following are the traps to be used by user-level programs
  349                      ;;;
  351  000013fc          	.align 2
  352  000013fc          	.proc _Open
  353  000013fc          	.global _Open
  354  000013fc          	_Open:
  355                      ;;; Note that trap #0x213 actually causes a trap vector in the OS of
  356                      ;;; 0x1213.  The same is true for other user traps.  Thus, a user trap
  357                      ;;; with trap #0x240 will result in a trap vector of 0x1240 in the OS.
  358  000013fc  44000213	trap	#0x213
  359  00001400  4be00000	jr	r31
  360  00001404  54000000	nop
  361  00001408          	.endproc _Open
  363  00001408          	.proc _Close
  364  00001408          	.global _Close
  365  00001408          	_Close:
  366  00001408  44000214	trap	#0x214
  367  0000140c  4be00000	jr	r31
  368  00001410  54000000	nop
  369  00001414          	.endproc _Close
  371  00001414          	.proc _Read
  372  00001414          	.global _Read
  373  00001414          	_Read:
  374  00001414  44000210	trap	#0x210
  375  00001418  4be00000	jr	r31
  376  0000141c  54000000	nop
  377  00001420          	.endproc _Read
  379  00001420          	.proc _Write
  380  00001420          	.global _Write
  381  00001420          	_Write:
  382  00001420  44000211	trap	#0x211
  383  00001424  4be00000	jr	r31
  384  00001428  54000000	nop
  385  0000142c          	.endproc _Write
  387  0000142c          	.proc _Lseek
  388  0000142c          	.global _Lseek
  389  0000142c          	_Lseek:
  390  0000142c  44000212	trap	#0x212
  391  00001430  4be00000	jr	r31
  392  00001434  54000000	nop
  393  00001438          	.endproc _Lseek
  395  00001438          	.proc _Putchar
  396  00001438          	.global _Putchar
  397  00001438          	_Putchar:
  398  00001438  44000280	trap	#0x280
  399  0000143c  4be00000	jr	r31
  400  00001440  54000000	nop
  401  00001444          	.endproc _Putchar
  403  00001444          	.proc _Printf
  404  00001444          	.global _Printf
  405  00001444          	_Printf:
  406  00001444  44000201	trap	#0x201
  407  00001448  4be00000	jr	r31
  408  0000144c  54000000	nop
  409  00001450          	.endproc _Printf
  411  00001450          	.proc _Getpid
  412  00001450          	.global _Getpid
  413  00001450          	_Getpid:
  414  00001450  44000431	trap	#0x431
  415  00001454  4be00000	jr	r31
  416  00001458  54000000	nop
  417  0000145c          	.endproc _Getpid
  419  0000145c          	.proc _process_create
  420  0000145c          	.global _process_create
  421  0000145c          	_process_create:
  422  0000145c  44000432	trap	#0x432
  423  00001460  4be00000	jr	r31
  424  00001464  54000000	nop
  425  00001468          	.endproc _process_create
  427  00001468          	.proc _shmget
  428  00001468          	.global _shmget
  429  00001468          	_shmget:
  430  00001468  44000440	trap	#0x440
  431  0000146c  4be00000	jr	r31
  432  00001470  54000000	nop
  433  00001474          	.endproc _shmget
  435  00001474          	.proc _shmat
  436  00001474          	.global _shmat
  437  00001474          	_shmat:
  438  00001474  44000441	trap	#0x441
  439  00001478  4be00000	jr	r31
  440  0000147c  54000000	nop
  441  00001480          	.endproc _shmat
  443  00001480          	.proc _sem_create
  444  00001480          	.global _sem_create
  445  00001480          	_sem_create:
  446  00001480  44000450	trap	#0x450
  447  00001484  4be00000	jr	r31
  448  00001488  54000000	nop
  449  0000148c          	.endproc _sem_create
  451  0000148c          	.proc _sem_wait
  452  0000148c          	.global _sem_wait
  453  0000148c          	_sem_wait:
  454  0000148c  44000451	trap	#0x451
  455  00001490  4be00000	jr	r31
  456  00001494  54000000	nop
  457  00001498          	.endproc _sem_wait
  459  00001498          	.proc _sem_signal
  460  00001498          	.global _sem_signal
  461  00001498          	_sem_signal:
  462  00001498  44000452	trap	#0x452
  463  0000149c  4be00000	jr	r31
  464  000014a0  54000000	nop
  465  000014a4          	.endproc _sem_signal
  467  000014a4          	.proc _lock_create
  468  000014a4          	.global _lock_create
  469  000014a4          	_lock_create:
  470  000014a4  44000453	trap	#0x453
  471  000014a8  4be00000	jr	r31
  472  000014ac  54000000	nop
  473  000014b0          	.endproc _lock_create
  475  000014b0          	.proc _lock_acquire
  476  000014b0          	.global _lock_acquire
  477  000014b0          	_lock_acquire:
  478  000014b0  44000454	trap	#0x454
  479  000014b4  4be00000	jr	r31
  480  000014b8  54000000	nop
  481  000014bc          	.endproc _lock_acquire
  483  000014bc          	.proc _lock_release
  484  000014bc          	.global _lock_release
  485  000014bc          	_lock_release:
  486  000014bc  44000455	trap	#0x455
  487  000014c0  4be00000	jr	r31
  488  000014c4  54000000	nop
  489  000014c8          	.endproc _lock_release
  491  000014c8          	.proc _cond_create
  492  000014c8          	.global _cond_create
  493  000014c8          	_cond_create:
  494  000014c8  44000456	trap	#0x456
  495  000014cc  4be00000	jr	r31
  496  000014d0  54000000	nop
  497  000014d4          	.endproc _cond_create
  499  000014d4          	.proc _cond_wait
  500  000014d4          	.global _cond_wait
  501  000014d4          	_cond_wait:
  502  000014d4  44000457	trap	#0x457
  503  000014d8  4be00000	jr	r31
  504  000014dc  54000000	nop
  505  000014e0          	.endproc _cond_wait
  507  000014e0          	.proc _cond_signal
  508  000014e0          	.global _cond_signal
  509  000014e0          	_cond_signal:
  510  000014e0  44000458	trap	#0x458
  511  000014e4  4be00000	jr	r31
  512  000014e8  54000000	nop
  513  000014ec          	.endproc _cond_signal
  515  000014ec          	.proc _cond_broadcast
  516  000014ec          	.global _cond_broadcast
  517  000014ec          	_cond_broadcast:
  518  000014ec  44000455	trap	#0x455
  519  000014f0  4be00000	jr	r31
  520  000014f4  54000000	nop
  521  000014f8          	.endproc _cond_broadcast
  523  000014f8          	.proc _Exit
  524  000014f8          	.global _Exit
  525  000014f8          	_Exit:
  526  000014f8  44000500	trap	#0x500
  527  000014fc  4be00000	jr	r31
  528  00001500  54000000	nop
  529  00001504          	.endproc _Exit
  530                      ; Compiled by GCC
  532  00001504          	.align 2
  533  00001504          	.proc _isspace
  534  00001504          	.global _isspace
  535  00001504          	_isspace:
  536                      ;  Function 'isspace'; 0 bytes of locals, 3 regs to save.
  537  00001504  afbefffc	sw	-4(r29),r30; push fp
  538  00001508  001df020	add	r30,r0,r29; fp = sp
  539  0000150c  afbffff8	sw	-8(r29),r31; push ret addr
  540  00001510  2fbd0018	subui	r29,r29,#24; alloc local storage
  541  00001514  afa20000	sw	0(r29),r2
  542  00001518  afa30004	sw	4(r29),r3
  543  0000151c  afa40008	sw	8(r29),r4
  544  00001520  83c20003	lb	r2,3(r30)
  545  00001524  20010000	addi	r1,r0,#0
  546  00001528  304300ff	andi	r3,r2,#0x00ff
  547  0000152c  60640020	seqi	r4,r3,#32
  548  00001530  1480002c	bnez	r4,L3_LF2
  549  00001534  54000000	nop; delay slot nop
  550  00001538  304300ff	andi	r3,r2,#0x00ff
  551  0000153c  60640009	seqi	r4,r3,#9
  552  00001540  1480001c	bnez	r4,L3_LF2
  553  00001544  54000000	nop; delay slot nop
  554  00001548  304300ff	andi	r3,r2,#0x00ff
  555  0000154c  6064000a	seqi	r4,r3,#10
  556  00001550  1480000c	bnez	r4,L3_LF2
  557  00001554  54000000	nop; delay slot nop
  558  00001558  08000008	j	L2_LF2
  559  0000155c  54000000	nop; delay slot nop
  560  00001560          	L3_LF2:
  561  00001560  20010001	addi	r1,r0,#1
  562  00001564          	L2_LF2:
  563  00001564  08000004	j	L1_LF2
  564  00001568  54000000	nop; delay slot nop
  565  0000156c          	L1_LF2:
  566  0000156c  8fa20000	lw	r2,0(r29)
  567  00001570  8fa30004	lw	r3,4(r29)
  568  00001574  8fa40008	lw	r4,8(r29)
  569  00001578  8fdffff8	lw	r31,-8(r30)
  570  0000157c  001ee820	add	r29,r0,r30
  571  00001580  8fdefffc	lw	r30,-4(r30)
  572  00001584  4be00000	jr	r31
  573  00001588  54000000	nop
  574  0000158c          	.endproc _isspace
  575  0000158c          	.align 2
  576  0000158c          	.proc _isxdigit
  577  0000158c          	.global _isxdigit
  578  0000158c          	_isxdigit:
  579                      ;  Function 'isxdigit'; 0 bytes of locals, 3 regs to save.
  580  0000158c  afbefffc	sw	-4(r29),r30; push fp
  581  00001590  001df020	add	r30,r0,r29; fp = sp
  582  00001594  afbffff8	sw	-8(r29),r31; push ret addr
  583  00001598  2fbd0018	subui	r29,r29,#24; alloc local storage
  584  0000159c  afa20000	sw	0(r29),r2
  585  000015a0  afa30004	sw	4(r29),r3
  586  000015a4  afa40008	sw	8(r29),r4
  587  000015a8  83c20003	lb	r2,3(r30)
  588  000015ac  20010000	addi	r1,r0,#0
  589  000015b0  304300ff	andi	r3,r2,#0x00ff
  590  000015b4  6c64002f	sgtui	r4,r3,#47
  591  000015b8  1080001c	beqz	r4,L7_LF2
  592  000015bc  54000000	nop; delay slot nop
  593  000015c0  304300ff	andi	r3,r2,#0x00ff
  594  000015c4  70640039	sleui	r4,r3,#57
  595  000015c8  1480005c	bnez	r4,L6_LF2
  596  000015cc  54000000	nop; delay slot nop
  597  000015d0  08000004	j	L7_LF2
  598  000015d4  54000000	nop; delay slot nop
  599  000015d8          	L7_LF2:
  600  000015d8  304300ff	andi	r3,r2,#0x00ff
  601  000015dc  6c640060	sgtui	r4,r3,#96
  602  000015e0  1080001c	beqz	r4,L8_LF2
  603  000015e4  54000000	nop; delay slot nop
  604  000015e8  304300ff	andi	r3,r2,#0x00ff
  605  000015ec  70640066	sleui	r4,r3,#102
  606  000015f0  14800034	bnez	r4,L6_LF2
  607  000015f4  54000000	nop; delay slot nop
  608  000015f8  08000004	j	L8_LF2
  609  000015fc  54000000	nop; delay slot nop
  610  00001600          	L8_LF2:
  611  00001600  304300ff	andi	r3,r2,#0x00ff
  612  00001604  6c640040	sgtui	r4,r3,#64
  613  00001608  10800020	beqz	r4,L5_LF2
  614  0000160c  54000000	nop; delay slot nop
  615  00001610  304300ff	andi	r3,r2,#0x00ff
  616  00001614  70640041	sleui	r4,r3,#65
  617  00001618  1480000c	bnez	r4,L6_LF2
  618  0000161c  54000000	nop; delay slot nop
  619  00001620  08000008	j	L5_LF2
  620  00001624  54000000	nop; delay slot nop
  621  00001628          	L6_LF2:
  622  00001628  20010001	addi	r1,r0,#1
  623  0000162c          	L5_LF2:
  624  0000162c  08000004	j	L4_LF2
  625  00001630  54000000	nop; delay slot nop
  626  00001634          	L4_LF2:
  627  00001634  8fa20000	lw	r2,0(r29)
  628  00001638  8fa30004	lw	r3,4(r29)
  629  0000163c  8fa40008	lw	r4,8(r29)
  630  00001640  8fdffff8	lw	r31,-8(r30)
  631  00001644  001ee820	add	r29,r0,r30
  632  00001648  8fdefffc	lw	r30,-4(r30)
  633  0000164c  4be00000	jr	r31
  634  00001650  54000000	nop
  635  00001654          	.endproc _isxdigit
  636  00001654          	.align 2
  637  00001654          	.proc _dstrcpy
  638  00001654          	.global _dstrcpy
  639  00001654          	_dstrcpy:
  640                      ;  Function 'dstrcpy'; 8 bytes of locals, 2 regs to save.
  641  00001654  afbefffc	sw	-4(r29),r30; push fp
  642  00001658  001df020	add	r30,r0,r29; fp = sp
  643  0000165c  afbffff8	sw	-8(r29),r31; push ret addr
  644  00001660  2fbd0018	subui	r29,r29,#24; alloc local storage
  645  00001664  afa20000	sw	0(r29),r2
  646  00001668  afa30004	sw	4(r29),r3
  647  0000166c  8fc10000	lw	r1,(r30)
  648  00001670  afc1fff4	sw	-12(r30),r1
  649  00001674          	L10_LF2:
  650  00001674  8fc10000	lw	r1,(r30)
  651  00001678  20220001	addi	r2,r1,#1
  652  0000167c  afc20000	sw	(r30),r2
  653  00001680  8fc20004	lw	r2,4(r30)
  654  00001684  20430001	addi	r3,r2,#1
  655  00001688  afc30004	sw	4(r30),r3
  656  0000168c  80420000	lb	r2,(r2)
  657  00001690  a0220000	sb	(r1),r2
  658  00001694  a3c2fff3	sb	-13(r30),r2
  659  00001698          	L12_LF2:
  660  00001698  93c1fff3	lbu	r1,-13(r30)
  661  0000169c  64220000	snei	r2,r1,#0
  662  000016a0  1440000c	bnez	r2,L13_LF2
  663  000016a4  54000000	nop; delay slot nop
  664  000016a8  0800000c	j	L11_LF2
  665  000016ac  54000000	nop; delay slot nop
  666  000016b0          	L13_LF2:
  667  000016b0  0bffffc0	j	L10_LF2
  668  000016b4  54000000	nop; delay slot nop
  669  000016b8          	L11_LF2:
  670  000016b8  8fc1fff4	lw	r1,-12(r30)
  671  000016bc  08000004	j	L9_LF2
  672  000016c0  54000000	nop; delay slot nop
  673  000016c4          	L9_LF2:
  674  000016c4  8fa20000	lw	r2,0(r29)
  675  000016c8  8fa30004	lw	r3,4(r29)
  676  000016cc  8fdffff8	lw	r31,-8(r30)
  677  000016d0  001ee820	add	r29,r0,r30
  678  000016d4  8fdefffc	lw	r30,-4(r30)
  679  000016d8  4be00000	jr	r31
  680  000016dc  54000000	nop
  681  000016e0          	.endproc _dstrcpy
  682  000016e0          	.align 2
  683  000016e0          	.proc _dstrncpy
  684  000016e0          	.global _dstrncpy
  685  000016e0          	_dstrncpy:
  686                      ;  Function 'dstrncpy'; 8 bytes of locals, 2 regs to save.
  687  000016e0  afbefffc	sw	-4(r29),r30; push fp
  688  000016e4  001df020	add	r30,r0,r29; fp = sp
  689  000016e8  afbffff8	sw	-8(r29),r31; push ret addr
  690  000016ec  2fbd0018	subui	r29,r29,#24; alloc local storage
  691  000016f0  afa20000	sw	0(r29),r2
  692  000016f4  afa30004	sw	4(r29),r3
  693  000016f8  8fc10000	lw	r1,(r30)
  694  000016fc  afc1fff4	sw	-12(r30),r1
  695  00001700          	L15_LF2:
  696  00001700  8fc10008	lw	r1,8(r30)
  697  00001704  2022ffff	addi	r2,r1,#-1
  698  00001708  afc20008	sw	8(r30),r2
  699  0000170c  70210000	slei	r1,r1,#0
  700  00001710  1020000c	beqz	r1,L18_LF2
  701  00001714  54000000	nop; delay slot nop
  702  00001718  08000048	j	L16_LF2
  703  0000171c  54000000	nop; delay slot nop
  704  00001720          	L18_LF2:
  705  00001720  8fc10000	lw	r1,(r30)
  706  00001724  20220001	addi	r2,r1,#1
  707  00001728  afc20000	sw	(r30),r2
  708  0000172c  8fc20004	lw	r2,4(r30)
  709  00001730  20430001	addi	r3,r2,#1
  710  00001734  afc30004	sw	4(r30),r3
  711  00001738  80420000	lb	r2,(r2)
  712  0000173c  a0220000	sb	(r1),r2
  713  00001740  a3c2fff3	sb	-13(r30),r2
  714  00001744          	L17_LF2:
  715  00001744  93c1fff3	lbu	r1,-13(r30)
  716  00001748  64220000	snei	r2,r1,#0
  717  0000174c  1440000c	bnez	r2,L19_LF2
  718  00001750  54000000	nop; delay slot nop
  719  00001754  0800000c	j	L16_LF2
  720  00001758  54000000	nop; delay slot nop
  721  0000175c          	L19_LF2:
  722  0000175c  0bffffa0	j	L15_LF2
  723  00001760  54000000	nop; delay slot nop
  724  00001764          	L16_LF2:
  725  00001764  8fc1fff4	lw	r1,-12(r30)
  726  00001768  08000004	j	L14_LF2
  727  0000176c  54000000	nop; delay slot nop
  728  00001770          	L14_LF2:
  729  00001770  8fa20000	lw	r2,0(r29)
  730  00001774  8fa30004	lw	r3,4(r29)
  731  00001778  8fdffff8	lw	r31,-8(r30)
  732  0000177c  001ee820	add	r29,r0,r30
  733  00001780  8fdefffc	lw	r30,-4(r30)
  734  00001784  4be00000	jr	r31
  735  00001788  54000000	nop
  736  0000178c          	.endproc _dstrncpy
  737  0000178c          	.align 2
  738  0000178c          	.proc _dstrcat
  739  0000178c          	.global _dstrcat
  740  0000178c          	_dstrcat:
  741                      ;  Function 'dstrcat'; 8 bytes of locals, 1 regs to save.
  742  0000178c  afbefffc	sw	-4(r29),r30; push fp
  743  00001790  001df020	add	r30,r0,r29; fp = sp
  744  00001794  afbffff8	sw	-8(r29),r31; push ret addr
  745  00001798  2fbd0018	subui	r29,r29,#24; alloc local storage
  746  0000179c  afa20000	sw	0(r29),r2
  747  000017a0  8fc10000	lw	r1,(r30)
  748  000017a4  afc1fff4	sw	-12(r30),r1
  749  000017a8          	L21_LF2:
  750  000017a8  8fc10000	lw	r1,(r30)
  751  000017ac  90220000	lbu	r2,(r1)
  752  000017b0  64410000	snei	r1,r2,#0
  753  000017b4  1420000c	bnez	r1,L23_LF2
  754  000017b8  54000000	nop; delay slot nop
  755  000017bc  0800001c	j	L22_LF2
  756  000017c0  54000000	nop; delay slot nop
  757  000017c4          	L23_LF2:
  758  000017c4  8fc20000	lw	r2,(r30)
  759  000017c8  20410001	addi	r1,r2,#1
  760  000017cc  00011020	add	r2,r0,r1
  761  000017d0  afc20000	sw	(r30),r2
  762  000017d4  0bffffd0	j	L21_LF2
  763  000017d8  54000000	nop; delay slot nop
  764  000017dc          	L22_LF2:
  765  000017dc  23bdfff8	addi	r29,r29,#-8
  766  000017e0  001d0820	add	r1,r0,r29
  767  000017e4  8fc20000	lw	r2,(r30)
  768  000017e8  ac220000	sw	(r1),r2
  769  000017ec  8fc20004	lw	r2,4(r30)
  770  000017f0  ac220004	sw	4(r1),r2
  771  000017f4  0ffffe5c	jal	_dstrcpy
  772  000017f8  54000000	nop; delay slot nop
  773  000017fc  23bd0008	addi	r29,r29,#8
  774  00001800  8fc1fff4	lw	r1,-12(r30)
  775  00001804  08000004	j	L20_LF2
  776  00001808  54000000	nop; delay slot nop
  777  0000180c          	L20_LF2:
  778  0000180c  8fa20000	lw	r2,0(r29)
  779  00001810  8fdffff8	lw	r31,-8(r30)
  780  00001814  001ee820	add	r29,r0,r30
  781  00001818  8fdefffc	lw	r30,-4(r30)
  782  0000181c  4be00000	jr	r31
  783  00001820  54000000	nop
  784  00001824          	.endproc _dstrcat
  785  00001824          	.align 2
  786  00001824          	.proc _dstrncmp
  787  00001824          	.global _dstrncmp
  788  00001824          	_dstrncmp:
  789                      ;  Function 'dstrncmp'; 8 bytes of locals, 2 regs to save.
  790  00001824  afbefffc	sw	-4(r29),r30; push fp
  791  00001828  001df020	add	r30,r0,r29; fp = sp
  792  0000182c  afbffff8	sw	-8(r29),r31; push ret addr
  793  00001830  2fbd0018	subui	r29,r29,#24; alloc local storage
  794  00001834  afa20000	sw	0(r29),r2
  795  00001838  afa30004	sw	4(r29),r3
  796  0000183c  54000000	nop
  797  00001840  20010000	addi	r1,r0,#0
  798  00001844  afc1fff4	sw	-12(r30),r1
  799  00001848          	L25_LF2:
  800  00001848  8fc1fff4	lw	r1,-12(r30)
  801  0000184c  8fc20008	lw	r2,8(r30)
  802  00001850  0022082a	slt	r1,r1,r2
  803  00001854  1420000c	bnez	r1,L28_LF2
  804  00001858  54000000	nop; delay slot nop
  805  0000185c  08000088	j	L26_LF2
  806  00001860  54000000	nop; delay slot nop
  807  00001864          	L28_LF2:
  808  00001864  8fc10004	lw	r1,4(r30)
  809  00001868  90220000	lbu	r2,(r1)
  810  0000186c  64410000	snei	r1,r2,#0
  811  00001870  14200018	bnez	r1,L29_LF2
  812  00001874  54000000	nop; delay slot nop
  813  00001878  20010000	addi	r1,r0,#0
  814  0000187c  080000d8	j	L24_LF2
  815  00001880  54000000	nop; delay slot nop
  816  00001884  08000028	j	L30_LF2
  817  00001888  54000000	nop; delay slot nop
  818  0000188c          	L29_LF2:
  819  0000188c  8fc10000	lw	r1,(r30)
  820  00001890  8fc20004	lw	r2,4(r30)
  821  00001894  90210000	lbu	r1,(r1)
  822  00001898  90420000	lbu	r2,(r2)
  823  0000189c  00220829	sne	r1,r1,r2
  824  000018a0  1020000c	beqz	r1,L30_LF2
  825  000018a4  54000000	nop; delay slot nop
  826  000018a8  0800003c	j	L26_LF2
  827  000018ac  54000000	nop; delay slot nop
  828  000018b0          	L31_LF2:
  829  000018b0          	L30_LF2:
  830  000018b0  8fc20000	lw	r2,(r30)
  831  000018b4  20410001	addi	r1,r2,#1
  832  000018b8  00011020	add	r2,r0,r1
  833  000018bc  afc20000	sw	(r30),r2
  834  000018c0  8fc20004	lw	r2,4(r30)
  835  000018c4  20410001	addi	r1,r2,#1
  836  000018c8  00011020	add	r2,r0,r1
  837  000018cc  afc20004	sw	4(r30),r2
  838  000018d0          	L27_LF2:
  839  000018d0  8fc2fff4	lw	r2,-12(r30)
  840  000018d4  20410001	addi	r1,r2,#1
  841  000018d8  00011020	add	r2,r0,r1
  842  000018dc  afc2fff4	sw	-12(r30),r2
  843  000018e0  0bffff64	j	L25_LF2
  844  000018e4  54000000	nop; delay slot nop
  845  000018e8          	L26_LF2:
  846  000018e8  8fc1fff4	lw	r1,-12(r30)
  847  000018ec  8fc20008	lw	r2,8(r30)
  848  000018f0  00220828	seq	r1,r1,r2
  849  000018f4  10200018	beqz	r1,L32_LF2
  850  000018f8  54000000	nop; delay slot nop
  851  000018fc  20010000	addi	r1,r0,#0
  852  00001900  08000054	j	L24_LF2
  853  00001904  54000000	nop; delay slot nop
  854  00001908  0800004c	j	L33_LF2
  855  0000190c  54000000	nop; delay slot nop
  856  00001910          	L32_LF2:
  857  00001910  8fc20000	lw	r2,(r30)
  858  00001914  90410000	lbu	r1,(r2)
  859  00001918  8fc20004	lw	r2,4(r30)
  860  0000191c  90430000	lbu	r3,(r2)
  861  00001920  00230822	sub	r1,r1,r3
  862  00001924  74220000	sgei	r2,r1,#0
  863  00001928  10400020	beqz	r2,L34_LF2
  864  0000192c  54000000	nop; delay slot nop
  865  00001930  8fc10000	lw	r1,(r30)
  866  00001934  8fc20004	lw	r2,4(r30)
  867  00001938  90210000	lbu	r1,(r1)
  868  0000193c  90420000	lbu	r2,(r2)
  869  00001940  00220829	sne	r1,r1,r2
  870  00001944  08000008	j	L35_LF2
  871  00001948  54000000	nop; delay slot nop
  872  0000194c          	L34_LF2:
  873  0000194c  2001ffff	addi	r1,r0,#-1
  874  00001950          	L35_LF2:
  875  00001950  08000004	j	L24_LF2
  876  00001954  54000000	nop; delay slot nop
  877  00001958          	L33_LF2:
  878  00001958          	L24_LF2:
  879  00001958  8fa20000	lw	r2,0(r29)
  880  0000195c  8fa30004	lw	r3,4(r29)
  881  00001960  8fdffff8	lw	r31,-8(r30)
  882  00001964  001ee820	add	r29,r0,r30
  883  00001968  8fdefffc	lw	r30,-4(r30)
  884  0000196c  4be00000	jr	r31
  885  00001970  54000000	nop
  886  00001974          	.endproc _dstrncmp
  887  00001974          	.align 2
  888  00001974          	.proc _dstrlen
  889  00001974          	.global _dstrlen
  890  00001974          	_dstrlen:
  891                      ;  Function 'dstrlen'; 8 bytes of locals, 1 regs to save.
  892  00001974  afbefffc	sw	-4(r29),r30; push fp
  893  00001978  001df020	add	r30,r0,r29; fp = sp
  894  0000197c  afbffff8	sw	-8(r29),r31; push ret addr
  895  00001980  2fbd0018	subui	r29,r29,#24; alloc local storage
  896  00001984  afa20000	sw	0(r29),r2
  897  00001988  20010000	addi	r1,r0,#0
  898  0000198c  afc1fff4	sw	-12(r30),r1
  899  00001990          	L37_LF2:
  900  00001990  8fc10000	lw	r1,(r30)
  901  00001994  20220001	addi	r2,r1,#1
  902  00001998  afc20000	sw	(r30),r2
  903  0000199c  90210000	lbu	r1,(r1)
  904  000019a0  64220000	snei	r2,r1,#0
  905  000019a4  1440000c	bnez	r2,L39_LF2
  906  000019a8  54000000	nop; delay slot nop
  907  000019ac  0800001c	j	L38_LF2
  908  000019b0  54000000	nop; delay slot nop
  909  000019b4          	L39_LF2:
  910  000019b4  8fc2fff4	lw	r2,-12(r30)
  911  000019b8  20410001	addi	r1,r2,#1
  912  000019bc  00011020	add	r2,r0,r1
  913  000019c0  afc2fff4	sw	-12(r30),r2
  914  000019c4  0bffffc8	j	L37_LF2
  915  000019c8  54000000	nop; delay slot nop
  916  000019cc          	L38_LF2:
  917  000019cc  8fc1fff4	lw	r1,-12(r30)
  918  000019d0  08000004	j	L36_LF2
  919  000019d4  54000000	nop; delay slot nop
  920  000019d8          	L36_LF2:
  921  000019d8  8fa20000	lw	r2,0(r29)
  922  000019dc  8fdffff8	lw	r31,-8(r30)
  923  000019e0  001ee820	add	r29,r0,r30
  924  000019e4  8fdefffc	lw	r30,-4(r30)
  925  000019e8  4be00000	jr	r31
  926  000019ec  54000000	nop
  927  000019f0          	.endproc _dstrlen
  928  000019f0          	.align 2
  929  000019f0          	.proc _dstrstr
  930  000019f0          	.global _dstrstr
  931  000019f0          	_dstrstr:
  932                      ;  Function 'dstrstr'; 8 bytes of locals, 1 regs to save.
  933  000019f0  afbefffc	sw	-4(r29),r30; push fp
  934  000019f4  001df020	add	r30,r0,r29; fp = sp
  935  000019f8  afbffff8	sw	-8(r29),r31; push ret addr
  936  000019fc  2fbd0018	subui	r29,r29,#24; alloc local storage
  937  00001a00  afa20000	sw	0(r29),r2
  938  00001a04  23bdfff8	addi	r29,r29,#-8
  939  00001a08  001d0820	add	r1,r0,r29
  940  00001a0c  8fc20004	lw	r2,4(r30)
  941  00001a10  ac220000	sw	(r1),r2
  942  00001a14  0fffff5c	jal	_dstrlen
  943  00001a18  54000000	nop; delay slot nop
  944  00001a1c  23bd0008	addi	r29,r29,#8
  945  00001a20  afc1fff4	sw	-12(r30),r1
  946  00001a24          	L41_LF2:
  947  00001a24  8fc10000	lw	r1,(r30)
  948  00001a28  90220000	lbu	r2,(r1)
  949  00001a2c  64410000	snei	r1,r2,#0
  950  00001a30  1420000c	bnez	r1,L43_LF2
  951  00001a34  54000000	nop; delay slot nop
  952  00001a38  08000060	j	L42_LF2
  953  00001a3c  54000000	nop; delay slot nop
  954  00001a40          	L43_LF2:
  955  00001a40  23bdfff0	addi	r29,r29,#-16
  956  00001a44  001d0820	add	r1,r0,r29
  957  00001a48  8fc20000	lw	r2,(r30)
  958  00001a4c  ac220000	sw	(r1),r2
  959  00001a50  8fc20004	lw	r2,4(r30)
  960  00001a54  ac220004	sw	4(r1),r2
  961  00001a58  8fc2fff4	lw	r2,-12(r30)
  962  00001a5c  ac220008	sw	8(r1),r2
  963  00001a60  0ffffdc0	jal	_dstrncmp
  964  00001a64  54000000	nop; delay slot nop
  965  00001a68  23bd0010	addi	r29,r29,#16
  966  00001a6c  64220000	snei	r2,r1,#0
  967  00001a70  14400010	bnez	r2,L44_LF2
  968  00001a74  54000000	nop; delay slot nop
  969  00001a78  8fc10000	lw	r1,(r30)
  970  00001a7c  08000028	j	L40_LF2
  971  00001a80  54000000	nop; delay slot nop
  972  00001a84          	L44_LF2:
  973  00001a84  8fc20000	lw	r2,(r30)
  974  00001a88  20410001	addi	r1,r2,#1
  975  00001a8c  00011020	add	r2,r0,r1
  976  00001a90  afc20000	sw	(r30),r2
  977  00001a94  0bffff8c	j	L41_LF2
  978  00001a98  54000000	nop; delay slot nop
  979  00001a9c          	L42_LF2:
  980  00001a9c  20010000	addi	r1,r0,#0
  981  00001aa0  08000004	j	L40_LF2
  982  00001aa4  54000000	nop; delay slot nop
  983  00001aa8          	L40_LF2:
  984  00001aa8  8fa20000	lw	r2,0(r29)
  985  00001aac  8fdffff8	lw	r31,-8(r30)
  986  00001ab0  001ee820	add	r29,r0,r30
  987  00001ab4  8fdefffc	lw	r30,-4(r30)
  988  00001ab8  4be00000	jr	r31
  989  00001abc  54000000	nop
  990  00001ac0          	.endproc _dstrstr
  991  00001ac0          	.align 2
  992  00001ac0          	.proc _dmindex
  993  00001ac0          	.global _dmindex
  994  00001ac0          	_dmindex:
  995                      ;  Function 'dmindex'; 8 bytes of locals, 1 regs to save.
  996  00001ac0  afbefffc	sw	-4(r29),r30; push fp
  997  00001ac4  001df020	add	r30,r0,r29; fp = sp
  998  00001ac8  afbffff8	sw	-8(r29),r31; push ret addr
  999  00001acc  2fbd0018	subui	r29,r29,#24; alloc local storage
 1000  00001ad0  afa20000	sw	0(r29),r2
 1001  00001ad4  54000000	nop
 1002  00001ad8          	L46_LF2:
 1003  00001ad8  8fc10000	lw	r1,(r30)
 1004  00001adc  90220000	lbu	r2,(r1)
 1005  00001ae0  64410000	snei	r1,r2,#0
 1006  00001ae4  1420000c	bnez	r1,L48_LF2
 1007  00001ae8  54000000	nop; delay slot nop
 1008  00001aec  08000070	j	L47_LF2
 1009  00001af0  54000000	nop; delay slot nop
 1010  00001af4          	L48_LF2:
 1011  00001af4  8fc10004	lw	r1,4(r30)
 1012  00001af8  afc1fff4	sw	-12(r30),r1
 1013  00001afc          	L49_LF2:
 1014  00001afc  8fc1fff4	lw	r1,-12(r30)
 1015  00001b00  90220000	lbu	r2,(r1)
 1016  00001b04  64410000	snei	r1,r2,#0
 1017  00001b08  1420000c	bnez	r1,L52_LF2
 1018  00001b0c  54000000	nop; delay slot nop
 1019  00001b10  08000044	j	L50_LF2
 1020  00001b14  54000000	nop; delay slot nop
 1021  00001b18          	L52_LF2:
 1022  00001b18  8fc10000	lw	r1,(r30)
 1023  00001b1c  8fc2fff4	lw	r2,-12(r30)
 1024  00001b20  90210000	lbu	r1,(r1)
 1025  00001b24  90420000	lbu	r2,(r2)
 1026  00001b28  00220828	seq	r1,r1,r2
 1027  00001b2c  10200010	beqz	r1,L51_LF2
 1028  00001b30  54000000	nop; delay slot nop
 1029  00001b34  8fc10000	lw	r1,(r30)
 1030  00001b38  08000030	j	L45_LF2
 1031  00001b3c  54000000	nop; delay slot nop
 1032  00001b40          	L53_LF2:
 1033  00001b40          	L51_LF2:
 1034  00001b40  8fc2fff4	lw	r2,-12(r30)
 1035  00001b44  20410001	addi	r1,r2,#1
 1036  00001b48  00011020	add	r2,r0,r1
 1037  00001b4c  afc2fff4	sw	-12(r30),r2
 1038  00001b50  0bffffa8	j	L49_LF2
 1039  00001b54  54000000	nop; delay slot nop
 1040  00001b58          	L50_LF2:
 1041  00001b58  0bffff7c	j	L46_LF2
 1042  00001b5c  54000000	nop; delay slot nop
 1043  00001b60          	L47_LF2:
 1044  00001b60  20010000	addi	r1,r0,#0
 1045  00001b64  08000004	j	L45_LF2
 1046  00001b68  54000000	nop; delay slot nop
 1047  00001b6c          	L45_LF2:
 1048  00001b6c  8fa20000	lw	r2,0(r29)
 1049  00001b70  8fdffff8	lw	r31,-8(r30)
 1050  00001b74  001ee820	add	r29,r0,r30
 1051  00001b78  8fdefffc	lw	r30,-4(r30)
 1052  00001b7c  4be00000	jr	r31
 1053  00001b80  54000000	nop
 1054  00001b84          	.endproc _dmindex
 1055  00001b84          	.align 2
 1056  00001b84          	.proc _dindex
 1057  00001b84          	.global _dindex
 1058  00001b84          	_dindex:
 1059                      ;  Function 'dindex'; 0 bytes of locals, 1 regs to save.
 1060  00001b84  afbefffc	sw	-4(r29),r30; push fp
 1061  00001b88  001df020	add	r30,r0,r29; fp = sp
 1062  00001b8c  afbffff8	sw	-8(r29),r31; push ret addr
 1063  00001b90  2fbd0010	subui	r29,r29,#16; alloc local storage
 1064  00001b94  afa20000	sw	0(r29),r2
 1065  00001b98  54000000	nop
 1066  00001b9c          	L55_LF2:
 1067  00001b9c  8fc10000	lw	r1,(r30)
 1068  00001ba0  90220000	lbu	r2,(r1)
 1069  00001ba4  64410000	snei	r1,r2,#0
 1070  00001ba8  1420000c	bnez	r1,L57_LF2
 1071  00001bac  54000000	nop; delay slot nop
 1072  00001bb0  08000040	j	L56_LF2
 1073  00001bb4  54000000	nop; delay slot nop
 1074  00001bb8          	L57_LF2:
 1075  00001bb8  8fc10000	lw	r1,(r30)
 1076  00001bbc  90220000	lbu	r2,(r1)
 1077  00001bc0  8fc10004	lw	r1,4(r30)
 1078  00001bc4  00411028	seq	r2,r2,r1
 1079  00001bc8  10400010	beqz	r2,L58_LF2
 1080  00001bcc  54000000	nop; delay slot nop
 1081  00001bd0  8fc10000	lw	r1,(r30)
 1082  00001bd4  08000028	j	L54_LF2
 1083  00001bd8  54000000	nop; delay slot nop
 1084  00001bdc          	L58_LF2:
 1085  00001bdc  8fc20000	lw	r2,(r30)
 1086  00001be0  20410001	addi	r1,r2,#1
 1087  00001be4  00011020	add	r2,r0,r1
 1088  00001be8  afc20000	sw	(r30),r2
 1089  00001bec  0bffffac	j	L55_LF2
 1090  00001bf0  54000000	nop; delay slot nop
 1091  00001bf4          	L56_LF2:
 1092  00001bf4  20010000	addi	r1,r0,#0
 1093  00001bf8  08000004	j	L54_LF2
 1094  00001bfc  54000000	nop; delay slot nop
 1095  00001c00          	L54_LF2:
 1096  00001c00  8fa20000	lw	r2,0(r29)
 1097  00001c04  8fdffff8	lw	r31,-8(r30)
 1098  00001c08  001ee820	add	r29,r0,r30
 1099  00001c0c  8fdefffc	lw	r30,-4(r30)
 1100  00001c10  4be00000	jr	r31
 1101  00001c14  54000000	nop
 1102  00001c18          	.endproc _dindex
 1103  00001c18          	.align 2
 1104  00001c18          	.proc _ditoa
 1105  00001c18          	.global _ditoa
 1106  00001c18          	_ditoa:
 1107                      ;  Function 'ditoa'; 8 bytes of locals, 2 regs to save.
 1108  00001c18  afbefffc	sw	-4(r29),r30; push fp
 1109  00001c1c  001df020	add	r30,r0,r29; fp = sp
 1110  00001c20  afbffff8	sw	-8(r29),r31; push ret addr
 1111  00001c24  2fbd0018	subui	r29,r29,#24; alloc local storage
 1112  00001c28  afa20000	sw	0(r29),r2
 1113  00001c2c  afa30004	sw	4(r29),r3
 1114  00001c30  8fc10000	lw	r1,(r30)
 1115  00001c34  68220000	slti	r2,r1,#0
 1116  00001c38  1040002c	beqz	r2,L60_LF2
 1117  00001c3c  54000000	nop; delay slot nop
 1118  00001c40  8fc10004	lw	r1,4(r30)
 1119  00001c44  20220001	addi	r2,r1,#1
 1120  00001c48  afc20004	sw	4(r30),r2
 1121  00001c4c  2002002d	addi	r2,r0,(#0x2d)&0xff
 1122  00001c50  a0220000	sb	(r1),r2
 1123  00001c54  8fc10000	lw	r1,(r30)
 1124  00001c58  00011022	sub	r2,r0,r1
 1125  00001c5c  afc20000	sw	(r30),r2
 1126  00001c60  08000118	j	L61_LF2
 1127  00001c64  54000000	nop; delay slot nop
 1128  00001c68          	L60_LF2:
 1129  00001c68  8fc10000	lw	r1,(r30)
 1130  00001c6c  64220000	snei	r2,r1,#0
 1131  00001c70  14400020	bnez	r2,L62_LF2
 1132  00001c74  54000000	nop; delay slot nop
 1133  00001c78  8fc10004	lw	r1,4(r30)
 1134  00001c7c  20220001	addi	r2,r1,#1
 1135  00001c80  afc20004	sw	4(r30),r2
 1136  00001c84  20020030	addi	r2,r0,(#0x30)&0xff
 1137  00001c88  a0220000	sb	(r1),r2
 1138  00001c8c  080000ec	j	L61_LF2
 1139  00001c90  54000000	nop; delay slot nop
 1140  00001c94          	L62_LF2:
 1141  00001c94  20010001	addi	r1,r0,#1
 1142  00001c98  afc1fff4	sw	-12(r30),r1
 1143  00001c9c          	L64_LF2:
 1144  00001c9c  8fc1fff4	lw	r1,-12(r30)
 1145  00001ca0  8fc20000	lw	r2,(r30)
 1146  00001ca4  0022082c	sle	r1,r1,r2
 1147  00001ca8  1420000c	bnez	r1,L66_LF2
 1148  00001cac  54000000	nop; delay slot nop
 1149  00001cb0  08000024	j	L65_LF2
 1150  00001cb4  54000000	nop; delay slot nop
 1151  00001cb8          	L67_LF2:
 1152  00001cb8          	L66_LF2:
 1153  00001cb8  8fc1fff4	lw	r1,-12(r30)
 1154  00001cbc  00011820	add	r3,r0,r1
 1155  00001cc0  50620002	slli	r2,r3,#0x2
 1156  00001cc4  00411020	add	r2,r2,r1
 1157  00001cc8  50410001	slli	r1,r2,#0x1
 1158  00001ccc  afc1fff4	sw	-12(r30),r1
 1159  00001cd0  0bffffc8	j	L64_LF2
 1160  00001cd4  54000000	nop; delay slot nop
 1161  00001cd8          	L65_LF2:
 1162  00001cd8  54000000	nop
 1163  00001cdc          	L68_LF2:
 1164  00001cdc  8fc1fff4	lw	r1,-12(r30)
 1165  00001ce0  2002000a	addi	r2,r0,#10
 1166  00001ce4  00200035	movi2fp	f0,r1
 1167  00001ce8  00400835	movi2fp	f1,r2
 1168  00001cec  0401000f	div	f0,f0,f1
 1169  00001cf0  00000834	movfp2i	r1,f0
 1170  00001cf4  afc1fff4	sw	-12(r30),r1
 1171  00001cf8  8fc10004	lw	r1,4(r30)
 1172  00001cfc  20220001	addi	r2,r1,#1
 1173  00001d00  afc20004	sw	4(r30),r2
 1174  00001d04  8fc20000	lw	r2,(r30)
 1175  00001d08  8fc3fff4	lw	r3,-12(r30)
 1176  00001d0c  00400035	movi2fp	f0,r2
 1177  00001d10  00600835	movi2fp	f1,r3
 1178  00001d14  0401000f	div	f0,f0,f1
 1179  00001d18  00001034	movfp2i	r2,f0
 1180  00001d1c  00021820	add	r3,r0,r2
 1181  00001d20  20620030	addi	r2,r3,#48
 1182  00001d24  a0220000	sb	(r1),r2
 1183  00001d28  8fc10000	lw	r1,(r30)
 1184  00001d2c  8fc3fff4	lw	r3,-12(r30)
 1185  00001d30  00200035	movi2fp	f0,r1
 1186  00001d34  00600835	movi2fp	f1,r3
 1187  00001d38  0401000f	div	f0,f0,f1
 1188  00001d3c  00001034	movfp2i	r2,f0
 1189  00001d40  8fc3fff4	lw	r3,-12(r30)
 1190  00001d44  00400035	movi2fp	f0,r2
 1191  00001d48  00600835	movi2fp	f1,r3
 1192  00001d4c  0401000e	mult	f0,f0,f1
 1193  00001d50  00001034	movfp2i	r2,f0
 1194  00001d54  00220822	sub	r1,r1,r2
 1195  00001d58  afc10000	sw	(r30),r1
 1196  00001d5c          	L70_LF2:
 1197  00001d5c  8fc1fff4	lw	r1,-12(r30)
 1198  00001d60  6c220001	sgti	r2,r1,#1
 1199  00001d64  1440000c	bnez	r2,L71_LF2
 1200  00001d68  54000000	nop; delay slot nop
 1201  00001d6c  0800000c	j	L61_LF2
 1202  00001d70  54000000	nop; delay slot nop
 1203  00001d74          	L71_LF2:
 1204  00001d74  0bffff64	j	L68_LF2
 1205  00001d78  54000000	nop; delay slot nop
 1206  00001d7c          	L69_LF2:
 1207  00001d7c          	L63_LF2:
 1208  00001d7c          	L61_LF2:
 1209  00001d7c  8fc10004	lw	r1,4(r30)
 1210  00001d80  20020000	addi	r2,r0,(#0x0)&0xff
 1211  00001d84  a0220000	sb	(r1),r2
 1212  00001d88          	L59_LF2:
 1213  00001d88  8fa20000	lw	r2,0(r29)
 1214  00001d8c  8fa30004	lw	r3,4(r29)
 1215  00001d90  8fdffff8	lw	r31,-8(r30)
 1216  00001d94  001ee820	add	r29,r0,r30
 1217  00001d98  8fdefffc	lw	r30,-4(r30)
 1218  00001d9c  4be00000	jr	r31
 1219  00001da0  54000000	nop
 1220  00001da4          	.endproc _ditoa
 1221  00001da4          	.align 2
 1222  00001da4          	.proc _dstrtol
 1223  00001da4          	.global _dstrtol
 1224  00001da4          	_dstrtol:
 1225                      ;  Function 'dstrtol'; 16 bytes of locals, 1 regs to save.
 1226  00001da4  afbefffc	sw	-4(r29),r30; push fp
 1227  00001da8  001df020	add	r30,r0,r29; fp = sp
 1228  00001dac  afbffff8	sw	-8(r29),r31; push ret addr
 1229  00001db0  2fbd0020	subui	r29,r29,#32; alloc local storage
 1230  00001db4  afa20000	sw	0(r29),r2
 1231  00001db8  20010000	addi	r1,r0,#0
 1232  00001dbc  afc1fff4	sw	-12(r30),r1
 1233  00001dc0          	L73_LF2:
 1234  00001dc0  8fc10000	lw	r1,(r30)
 1235  00001dc4  90220000	lbu	r2,(r1)
 1236  00001dc8  60410020	seqi	r1,r2,#32
 1237  00001dcc  14200034	bnez	r1,L75_LF2
 1238  00001dd0  54000000	nop; delay slot nop
 1239  00001dd4  8fc10000	lw	r1,(r30)
 1240  00001dd8  90220000	lbu	r2,(r1)
 1241  00001ddc  60410009	seqi	r1,r2,#9
 1242  00001de0  14200020	bnez	r1,L75_LF2
 1243  00001de4  54000000	nop; delay slot nop
 1244  00001de8  8fc10000	lw	r1,(r30)
 1245  00001dec  90220000	lbu	r2,(r1)
 1246  00001df0  6041000a	seqi	r1,r2,#10
 1247  00001df4  1420000c	bnez	r1,L75_LF2
 1248  00001df8  54000000	nop; delay slot nop
 1249  00001dfc  0800001c	j	L74_LF2
 1250  00001e00  54000000	nop; delay slot nop
 1251  00001e04          	L75_LF2:
 1252  00001e04  8fc20000	lw	r2,(r30)
 1253  00001e08  20410001	addi	r1,r2,#1
 1254  00001e0c  00011020	add	r2,r0,r1
 1255  00001e10  afc20000	sw	(r30),r2
 1256  00001e14  0bffffa8	j	L73_LF2
 1257  00001e18  54000000	nop; delay slot nop
 1258  00001e1c          	L74_LF2:
 1259  00001e1c  8fc10004	lw	r1,4(r30)
 1260  00001e20  64220000	snei	r2,r1,#0
 1261  00001e24  10400010	beqz	r2,L76_LF2
 1262  00001e28  54000000	nop; delay slot nop
 1263  00001e2c  8fc10004	lw	r1,4(r30)
 1264  00001e30  8fc20000	lw	r2,(r30)
 1265  00001e34  ac220000	sw	(r1),r2
 1266  00001e38          	L76_LF2:
 1267  00001e38  8fc10000	lw	r1,(r30)
 1268  00001e3c  90220000	lbu	r2,(r1)
 1269  00001e40  64410000	snei	r1,r2,#0
 1270  00001e44  14200010	bnez	r1,L77_LF2
 1271  00001e48  54000000	nop; delay slot nop
 1272  00001e4c  8fc1fff4	lw	r1,-12(r30)
 1273  00001e50  08000294	j	L72_LF2
 1274  00001e54  54000000	nop; delay slot nop
 1275  00001e58          	L77_LF2:
 1276  00001e58  8fc10000	lw	r1,(r30)
 1277  00001e5c  90220000	lbu	r2,(r1)
 1278  00001e60  6041002d	seqi	r1,r2,#45
 1279  00001e64  10200024	beqz	r1,L78_LF2
 1280  00001e68  54000000	nop; delay slot nop
 1281  00001e6c  2001ffff	addi	r1,r0,#-1
 1282  00001e70  afc1ffec	sw	-20(r30),r1
 1283  00001e74  8fc20000	lw	r2,(r30)
 1284  00001e78  20410001	addi	r1,r2,#1
 1285  00001e7c  00011020	add	r2,r0,r1
 1286  00001e80  afc20000	sw	(r30),r2
 1287  00001e84  0800000c	j	L79_LF2
 1288  00001e88  54000000	nop; delay slot nop
 1289  00001e8c          	L78_LF2:
 1290  00001e8c  20010001	addi	r1,r0,#1
 1291  00001e90  afc1ffec	sw	-20(r30),r1
 1292  00001e94          	L79_LF2:
 1293  00001e94  8fc10008	lw	r1,8(r30)
 1294  00001e98  64220000	snei	r2,r1,#0
 1295  00001e9c  14400090	bnez	r2,L80_LF2
 1296  00001ea0  54000000	nop; delay slot nop
 1297  00001ea4  8fc10000	lw	r1,(r30)
 1298  00001ea8  90220000	lbu	r2,(r1)
 1299  00001eac  60410030	seqi	r1,r2,#48
 1300  00001eb0  10200074	beqz	r1,L81_LF2
 1301  00001eb4  54000000	nop; delay slot nop
 1302  00001eb8  8fc20000	lw	r2,(r30)
 1303  00001ebc  20410001	addi	r1,r2,#1
 1304  00001ec0  00011020	add	r2,r0,r1
 1305  00001ec4  afc20000	sw	(r30),r2
 1306  00001ec8  8fc10000	lw	r1,(r30)
 1307  00001ecc  90220000	lbu	r2,(r1)
 1308  00001ed0  60410078	seqi	r1,r2,#120
 1309  00001ed4  14200020	bnez	r1,L83_LF2
 1310  00001ed8  54000000	nop; delay slot nop
 1311  00001edc  8fc10000	lw	r1,(r30)
 1312  00001ee0  90220000	lbu	r2,(r1)
 1313  00001ee4  60410058	seqi	r1,r2,#88
 1314  00001ee8  1420000c	bnez	r1,L83_LF2
 1315  00001eec  54000000	nop; delay slot nop
 1316  00001ef0  08000024	j	L82_LF2
 1317  00001ef4  54000000	nop; delay slot nop
 1318  00001ef8          	L83_LF2:
 1319  00001ef8  20010010	addi	r1,r0,#16
 1320  00001efc  afc10008	sw	8(r30),r1
 1321  00001f00  8fc20000	lw	r2,(r30)
 1322  00001f04  20410001	addi	r1,r2,#1
 1323  00001f08  00011020	add	r2,r0,r1
 1324  00001f0c  afc20000	sw	(r30),r2
 1325  00001f10  0800000c	j	L84_LF2
 1326  00001f14  54000000	nop; delay slot nop
 1327  00001f18          	L82_LF2:
 1328  00001f18  20010008	addi	r1,r0,#8
 1329  00001f1c  afc10008	sw	8(r30),r1
 1330  00001f20          	L84_LF2:
 1331  00001f20  0800000c	j	L80_LF2
 1332  00001f24  54000000	nop; delay slot nop
 1333  00001f28          	L81_LF2:
 1334  00001f28  2001000a	addi	r1,r0,#10
 1335  00001f2c  afc10008	sw	8(r30),r1
 1336  00001f30          	L85_LF2:
 1337  00001f30          	L80_LF2:
 1338  00001f30  8fc10008	lw	r1,8(r30)
 1339  00001f34  70220000	slei	r2,r1,#0
 1340  00001f38  1440001c	bnez	r2,L87_LF2
 1341  00001f3c  54000000	nop; delay slot nop
 1342  00001f40  8fc10008	lw	r1,8(r30)
 1343  00001f44  6c220010	sgti	r2,r1,#16
 1344  00001f48  1440000c	bnez	r2,L87_LF2
 1345  00001f4c  54000000	nop; delay slot nop
 1346  00001f50  08000010	j	L86_LF2
 1347  00001f54  54000000	nop; delay slot nop
 1348  00001f58          	L87_LF2:
 1349  00001f58  8fc1fff4	lw	r1,-12(r30)
 1350  00001f5c  08000188	j	L72_LF2
 1351  00001f60  54000000	nop; delay slot nop
 1352  00001f64          	L86_LF2:
 1353  00001f64  54000000	nop
 1354  00001f68          	L88_LF2:
 1355  00001f68  8fc10000	lw	r1,(r30)
 1356  00001f6c  90220000	lbu	r2,(r1)
 1357  00001f70  6c41002f	sgtui	r1,r2,#47
 1358  00001f74  10200030	beqz	r1,L91_LF2
 1359  00001f78  54000000	nop; delay slot nop
 1360  00001f7c  8fc10000	lw	r1,(r30)
 1361  00001f80  90220000	lbu	r2,(r1)
 1362  00001f84  70410039	sleui	r1,r2,#57
 1363  00001f88  1020001c	beqz	r1,L91_LF2
 1364  00001f8c  54000000	nop; delay slot nop
 1365  00001f90  8fc10000	lw	r1,(r30)
 1366  00001f94  90220000	lbu	r2,(r1)
 1367  00001f98  2041ffd0	addi	r1,r2,#-48
 1368  00001f9c  afc1fff0	sw	-16(r30),r1
 1369  00001fa0  0800008c	j	L92_LF2
 1370  00001fa4  54000000	nop; delay slot nop
 1371  00001fa8          	L91_LF2:
 1372  00001fa8  8fc10000	lw	r1,(r30)
 1373  00001fac  90220000	lbu	r2,(r1)
 1374  00001fb0  6c410060	sgtui	r1,r2,#96
 1375  00001fb4  10200030	beqz	r1,L93_LF2
 1376  00001fb8  54000000	nop; delay slot nop
 1377  00001fbc  8fc10000	lw	r1,(r30)
 1378  00001fc0  90220000	lbu	r2,(r1)
 1379  00001fc4  7041007a	sleui	r1,r2,#122
 1380  00001fc8  1020001c	beqz	r1,L93_LF2
 1381  00001fcc  54000000	nop; delay slot nop
 1382  00001fd0  8fc10000	lw	r1,(r30)
 1383  00001fd4  90220000	lbu	r2,(r1)
 1384  00001fd8  2041ffa9	addi	r1,r2,#-87
 1385  00001fdc  afc1fff0	sw	-16(r30),r1
 1386  00001fe0  0800004c	j	L92_LF2
 1387  00001fe4  54000000	nop; delay slot nop
 1388  00001fe8          	L93_LF2:
 1389  00001fe8  8fc10000	lw	r1,(r30)
 1390  00001fec  90220000	lbu	r2,(r1)
 1391  00001ff0  6c410040	sgtui	r1,r2,#64
 1392  00001ff4  10200030	beqz	r1,L95_LF2
 1393  00001ff8  54000000	nop; delay slot nop
 1394  00001ffc  8fc10000	lw	r1,(r30)
 1395  00002000  90220000	lbu	r2,(r1)
 1396  00002004  7041005a	sleui	r1,r2,#90
 1397  00002008  1020001c	beqz	r1,L95_LF2
 1398  0000200c  54000000	nop; delay slot nop
 1399  00002010  8fc10000	lw	r1,(r30)
 1400  00002014  90220000	lbu	r2,(r1)
 1401  00002018  2041ffc9	addi	r1,r2,#-55
 1402  0000201c  afc1fff0	sw	-16(r30),r1
 1403  00002020  0800000c	j	L92_LF2
 1404  00002024  54000000	nop; delay slot nop
 1405  00002028          	L95_LF2:
 1406  00002028  200103e8	addi	r1,r0,#1000
 1407  0000202c  afc1fff0	sw	-16(r30),r1
 1408  00002030          	L96_LF2:
 1409  00002030          	L94_LF2:
 1410  00002030          	L92_LF2:
 1411  00002030  8fc1fff0	lw	r1,-16(r30)
 1412  00002034  8fc20008	lw	r2,8(r30)
 1413  00002038  0022082a	slt	r1,r1,r2
 1414  0000203c  10200040	beqz	r1,L90_LF2
 1415  00002040  54000000	nop; delay slot nop
 1416  00002044  8fc1fff4	lw	r1,-12(r30)
 1417  00002048  8fc20008	lw	r2,8(r30)
 1418  0000204c  00200035	movi2fp	f0,r1
 1419  00002050  00400835	movi2fp	f1,r2
 1420  00002054  0401000e	mult	f0,f0,f1
 1421  00002058  00000834	movfp2i	r1,f0
 1422  0000205c  afc1fff4	sw	-12(r30),r1
 1423  00002060  8fc1fff4	lw	r1,-12(r30)
 1424  00002064  8fc2fff0	lw	r2,-16(r30)
 1425  00002068  00220820	add	r1,r1,r2
 1426  0000206c  afc1fff4	sw	-12(r30),r1
 1427  00002070  8fc20000	lw	r2,(r30)
 1428  00002074  20410001	addi	r1,r2,#1
 1429  00002078  00011020	add	r2,r0,r1
 1430  0000207c  afc20000	sw	(r30),r2
 1431  00002080          	L97_LF2:
 1432  00002080          	L90_LF2:
 1433  00002080  8fc1fff0	lw	r1,-16(r30)
 1434  00002084  8fc20008	lw	r2,8(r30)
 1435  00002088  0022082a	slt	r1,r1,r2
 1436  0000208c  1420000c	bnez	r1,L98_LF2
 1437  00002090  54000000	nop; delay slot nop
 1438  00002094  0800000c	j	L89_LF2
 1439  00002098  54000000	nop; delay slot nop
 1440  0000209c          	L98_LF2:
 1441  0000209c  0bfffec8	j	L88_LF2
 1442  000020a0  54000000	nop; delay slot nop
 1443  000020a4          	L89_LF2:
 1444  000020a4  8fc10004	lw	r1,4(r30)
 1445  000020a8  64220000	snei	r2,r1,#0
 1446  000020ac  10400010	beqz	r2,L99_LF2
 1447  000020b0  54000000	nop; delay slot nop
 1448  000020b4  8fc10004	lw	r1,4(r30)
 1449  000020b8  8fc20000	lw	r2,(r30)
 1450  000020bc  ac220000	sw	(r1),r2
 1451  000020c0          	L99_LF2:
 1452  000020c0  8fc1fff4	lw	r1,-12(r30)
 1453  000020c4  8fc2ffec	lw	r2,-20(r30)
 1454  000020c8  00200035	movi2fp	f0,r1
 1455  000020cc  00400835	movi2fp	f1,r2
 1456  000020d0  0401000e	mult	f0,f0,f1
 1457  000020d4  00000834	movfp2i	r1,f0
 1458  000020d8  afc1fff4	sw	-12(r30),r1
 1459  000020dc  8fc1fff4	lw	r1,-12(r30)
 1460  000020e0  08000004	j	L72_LF2
 1461  000020e4  54000000	nop; delay slot nop
 1462  000020e8          	L72_LF2:
 1463  000020e8  8fa20000	lw	r2,0(r29)
 1464  000020ec  8fdffff8	lw	r31,-8(r30)
 1465  000020f0  001ee820	add	r29,r0,r30
 1466  000020f4  8fdefffc	lw	r30,-4(r30)
 1467  000020f8  4be00000	jr	r31
 1468  000020fc  54000000	nop
 1469  00002100          	.endproc _dstrtol
 1470  00002100          	.align 2
 1471  00002100          	.proc _bcopy
 1472  00002100          	.global _bcopy
 1473  00002100          	_bcopy:
 1474                      ;  Function 'bcopy'; 0 bytes of locals, 2 regs to save.
 1475  00002100  afbefffc	sw	-4(r29),r30; push fp
 1476  00002104  001df020	add	r30,r0,r29; fp = sp
 1477  00002108  afbffff8	sw	-8(r29),r31; push ret addr
 1478  0000210c  2fbd0010	subui	r29,r29,#16; alloc local storage
 1479  00002110  afa20000	sw	0(r29),r2
 1480  00002114  afa30004	sw	4(r29),r3
 1481  00002118  54000000	nop
 1482  0000211c          	L101_LF2:
 1483  0000211c  8fc10008	lw	r1,8(r30)
 1484  00002120  2022ffff	addi	r2,r1,#-1
 1485  00002124  afc20008	sw	8(r30),r2
 1486  00002128  6c210000	sgti	r1,r1,#0
 1487  0000212c  1420000c	bnez	r1,L103_LF2
 1488  00002130  54000000	nop; delay slot nop
 1489  00002134  0800002c	j	L102_LF2
 1490  00002138  54000000	nop; delay slot nop
 1491  0000213c          	L103_LF2:
 1492  0000213c  8fc10004	lw	r1,4(r30)
 1493  00002140  20220001	addi	r2,r1,#1
 1494  00002144  afc20004	sw	4(r30),r2
 1495  00002148  8fc20000	lw	r2,(r30)
 1496  0000214c  20430001	addi	r3,r2,#1
 1497  00002150  afc30000	sw	(r30),r3
 1498  00002154  80420000	lb	r2,(r2)
 1499  00002158  a0220000	sb	(r1),r2
 1500  0000215c  0bffffbc	j	L101_LF2
 1501  00002160  54000000	nop; delay slot nop
 1502  00002164          	L102_LF2:
 1503  00002164          	L100_LF2:
 1504  00002164  8fa20000	lw	r2,0(r29)
 1505  00002168  8fa30004	lw	r3,4(r29)
 1506  0000216c  8fdffff8	lw	r31,-8(r30)
 1507  00002170  001ee820	add	r29,r0,r30
 1508  00002174  8fdefffc	lw	r30,-4(r30)
 1509  00002178  4be00000	jr	r31
 1510  0000217c  54000000	nop
 1511  00002180          	.endproc _bcopy
 1512  00002180          	.align 2
 1513  00002180          	.proc _bzero
 1514  00002180          	.global _bzero
 1515  00002180          	_bzero:
 1516                      ;  Function 'bzero'; 0 bytes of locals, 1 regs to save.
 1517  00002180  afbefffc	sw	-4(r29),r30; push fp
 1518  00002184  001df020	add	r30,r0,r29; fp = sp
 1519  00002188  afbffff8	sw	-8(r29),r31; push ret addr
 1520  0000218c  2fbd0010	subui	r29,r29,#16; alloc local storage
 1521  00002190  afa20000	sw	0(r29),r2
 1522  00002194  54000000	nop
 1523  00002198          	L105_LF2:
 1524  00002198  8fc10004	lw	r1,4(r30)
 1525  0000219c  2022ffff	addi	r2,r1,#-1
 1526  000021a0  afc20004	sw	4(r30),r2
 1527  000021a4  6c210000	sgti	r1,r1,#0
 1528  000021a8  1420000c	bnez	r1,L107_LF2
 1529  000021ac  54000000	nop; delay slot nop
 1530  000021b0  08000020	j	L106_LF2
 1531  000021b4  54000000	nop; delay slot nop
 1532  000021b8          	L107_LF2:
 1533  000021b8  8fc10000	lw	r1,(r30)
 1534  000021bc  20220001	addi	r2,r1,#1
 1535  000021c0  afc20000	sw	(r30),r2
 1536  000021c4  20020000	addi	r2,r0,(#0x0)&0xff
 1537  000021c8  a0220000	sb	(r1),r2
 1538  000021cc  0bffffc8	j	L105_LF2
 1539  000021d0  54000000	nop; delay slot nop
 1540  000021d4          	L106_LF2:
 1541  000021d4          	L104_LF2:
 1542  000021d4  8fa20000	lw	r2,0(r29)
 1543  000021d8  8fdffff8	lw	r31,-8(r30)
 1544  000021dc  001ee820	add	r29,r0,r30
 1545  000021e0  8fdefffc	lw	r30,-4(r30)
 1546  000021e4  4be00000	jr	r31
 1547  000021e8  54000000	nop
 1548  000021ec          	.endproc _bzero
 1549  000021ec          	.align 2
 1550  000021ec          	.proc _min
 1551  000021ec          	.global _min
 1552  000021ec          	_min:
 1553                      ;  Function 'min'; 0 bytes of locals, 2 regs to save.
 1554  000021ec  afbefffc	sw	-4(r29),r30; push fp
 1555  000021f0  001df020	add	r30,r0,r29; fp = sp
 1556  000021f4  afbffff8	sw	-8(r29),r31; push ret addr
 1557  000021f8  2fbd0010	subui	r29,r29,#16; alloc local storage
 1558  000021fc  afa20000	sw	0(r29),r2
 1559  00002200  afa30004	sw	4(r29),r3
 1560  00002204  8fc10000	lw	r1,(r30)
 1561  00002208  8fc20004	lw	r2,4(r30)
 1562  0000220c  0022182c	sle	r3,r1,r2
 1563  00002210  14600008	bnez	r3,L109_LF2
 1564  00002214  54000000	nop; delay slot nop
 1565  00002218  8fc10004	lw	r1,4(r30)
 1566  0000221c          	L109_LF2:
 1567  0000221c  08000004	j	L108_LF2
 1568  00002220  54000000	nop; delay slot nop
 1569  00002224          	L108_LF2:
 1570  00002224  8fa20000	lw	r2,0(r29)
 1571  00002228  8fa30004	lw	r3,4(r29)
 1572  0000222c  8fdffff8	lw	r31,-8(r30)
 1573  00002230  001ee820	add	r29,r0,r30
 1574  00002234  8fdefffc	lw	r30,-4(r30)
 1575  00002238  4be00000	jr	r31
 1576  0000223c  54000000	nop
 1577  00002240          	.endproc _min
 1578                      ;;; Ethan L. Miller, 1999.  Released to the public domain
 1579                      ;;;
 1580                      ;;; Most of the traps are called in files from libtraps.
 1583  00002240          	.align 2
 1584  00002240          	.proc _exit
 1585  00002240          	.global _exit
 1586  00002240          	_exit:
 1587  00002240  44000300	trap	#0x300
 1588  00002244  4be00000	jr	r31
 1589  00002248  54000000	nop
 1590  0000224c          	.endproc _exit
 1592                      ; for the benefit of gcc.
 1593  0000224c          	.proc ___main
 1594  0000224c          	.global ___main
 1595  0000224c          	___main:
 1596  0000224c  4be00000	jr	r31
 1597  00002250  54000000	nop
 1598  00002254          	.endproc ___main
 1599  00002254          	.text
 1600  00002254          	.global _etext
 1601  00002254          	_etext:
 1602  00002254          	.align 3
 1603  00002258          	.data
 1604  00003172          	.global _edata
 1605  00003172          	_edata:
