==13614== Memcheck, a memory error detector
==13614== Copyright (C) 2002-2012, and GNU GPL'd, by Julian Seward et al.
==13614== Using Valgrind-3.8.1 and LibVEX; rerun with -h for copyright info
==13614== Command: ./pa02
==13614== Parent PID: 9233
==13614== 
--13614-- 
--13614-- Valgrind options:
--13614--    --tool=memcheck
--13614--    --leak-check=full
--13614--    --verbose
--13614--    --log-file=memcheck.log
--13614-- Contents of /proc/version:
--13614--   Linux version 2.6.32-431.3.1.el6.x86_64 (mockbuild@x86-003.build.bos.redhat.com) (gcc version 4.4.7 20120313 (Red Hat 4.4.7-4) (GCC) ) #1 SMP Fri Dec 13 06:58:20 EST 2013
--13614-- Arch and hwcaps: AMD64, amd64-sse3-cx16
--13614-- Page sizes: currently 4096, max supported 4096
--13614-- Valgrind library directory: /usr/lib64/valgrind
--13614-- Reading syms from /home/shay/b/zhang951/ECE264Assignments/Spring2014/PA02/pa02
--13614-- Reading syms from /usr/lib64/valgrind/memcheck-amd64-linux
--13614--    object doesn't have a dynamic symbol table
--13614-- Reading syms from /lib64/ld-2.12.so
--13614-- Scheduler: using generic scheduler lock implementation.
--13614-- Reading suppressions file: /usr/lib64/valgrind/default.supp
==13614== embedded gdbserver: reading from /tmp/vgdb-pipe-from-vgdb-to-13614-by-zhang951-on-ecelinux25.ecn.purdue.edu
==13614== embedded gdbserver: writing to   /tmp/vgdb-pipe-to-vgdb-from-13614-by-zhang951-on-ecelinux25.ecn.purdue.edu
==13614== embedded gdbserver: shared mem   /tmp/vgdb-pipe-shared-mem-vgdb-13614-by-zhang951-on-ecelinux25.ecn.purdue.edu
==13614== 
==13614== TO CONTROL THIS PROCESS USING vgdb (which you probably
==13614== don't want to do, unless you know exactly what you're doing,
==13614== or are doing some strange experiment):
==13614==   /usr/lib64/valgrind/../../bin/vgdb --pid=13614 ...command...
==13614== 
==13614== TO DEBUG THIS PROCESS USING GDB: start GDB like this
==13614==   /path/to/gdb ./pa02
==13614== and then give GDB the following command
==13614==   target remote | /usr/lib64/valgrind/../../bin/vgdb --pid=13614
==13614== --pid is optional if only one valgrind process is running
==13614== 
--13614-- REDIR: 0x3e74017530 (strlen) redirected to 0x38049551 (vgPlain_amd64_linux_REDIR_FOR_strlen)
--13614-- Reading syms from /usr/lib64/valgrind/vgpreload_core-amd64-linux.so
--13614-- Reading syms from /usr/lib64/valgrind/vgpreload_memcheck-amd64-linux.so
--13614-- REDIR: 0x3e740173a0 (index) redirected to 0x4a07bf0 (index)
--13614-- REDIR: 0x3e74017420 (strcmp) redirected to 0x4a08530 (strcmp)
--13614-- Reading syms from /lib64/libc-2.12.so
--13614-- REDIR: 0x3e74484fb0 (strcasecmp) redirected to 0x480155c (_vgnU_ifunc_wrapper)
--13614-- REDIR: 0x3e74487270 (strncasecmp) redirected to 0x480155c (_vgnU_ifunc_wrapper)
--13614-- REDIR: 0x3e74482f20 (__GI_strrchr) redirected to 0x4a07a70 (__GI_strrchr)
--13614-- REDIR: 0x3e74481440 (__GI_strlen) redirected to 0x4a07f70 (__GI_strlen)
--13614-- REDIR: 0x3e7448add0 (strchrnul) redirected to 0x4a09f10 (strchrnul)
--13614-- REDIR: 0x3e7447b800 (free) redirected to 0x4a06369 (free)
==13614== 
==13614== HEAP SUMMARY:
==13614==     in use at exit: 0 bytes in 0 blocks
==13614==   total heap usage: 0 allocs, 0 frees, 0 bytes allocated
==13614== 
==13614== All heap blocks were freed -- no leaks are possible
==13614== 
==13614== ERROR SUMMARY: 0 errors from 0 contexts (suppressed: 6 from 6)
--13614-- 
--13614-- used_suppression:      4 U1004-ARM-_dl_relocate_object
--13614-- used_suppression:      2 glibc-2.5.x-on-SUSE-10.2-(PPC)-2a
==13614== 
==13614== ERROR SUMMARY: 0 errors from 0 contexts (suppressed: 6 from 6)
