 line   address	contents
    1                      ; Linked by DLX-LD.
    2                      ; MemSize 24576
    3                      ; Data size: 208
    4                      ; Text size: 4432
    5                      ; Stack size: 8192
    6  00000000          	.text 0x1000
    7  00001000          	.data 0x3000
    8                      ; Compiled by GCC
    9  00003000          	.text
   10  00001000          	.align 2
   11  00001000          	.proc _isspace
   12  00001000          	.global _isspace
   13  00001000          	_isspace:
   14                      ;  Function 'isspace'; 0 bytes of locals, 1 regs to save.
   15  00001000  afbefffc	sw	-4(r29),r30; push fp
   16  00001004  001df020	add	r30,r0,r29; fp = sp
   17  00001008  afbffff8	sw	-8(r29),r31; push ret addr
   18  0000100c  2fbd0010	subui	r29,r29,#16; alloc local storage
   19  00001010  afa20000	sw	0(r29),r2
   20  00001014  83c20003	lb	r2,3(r30)
   21  00001018  201f0000	addi	r31,r0,#0
   22  0000101c  304100ff	andi	r1,r2,#0x00ff
   23  00001020  60210020	seqi	r1,r1,#32
   24  00001024  14200018	bnez	r1,L6_LF0
   25  00001028  54000000	nop; not filled.
   26  0000102c  2041fff7	addi	r1,r2,#-9
   27  00001030  302100ff	andi	r1,r1,#0x00ff
   28  00001034  70210001	sleui	r1,r1,#1
   29  00001038  10200008	beqz	r1,L5_LF0
   30  0000103c  54000000	nop; not filled.
   31  00001040          	L6_LF0:
   32  00001040  201f0001	addi	r31,r0,#1
   33  00001044          	L5_LF0:
   34  00001044  001f0820	add	r1,r0,r31
   35  00001048  8fa20000	lw	r2,0(r29)
   36  0000104c  8fdffff8	lw	r31,-8(r30)
   37  00001050  001ee820	add	r29,r0,r30
   38  00001054  8fdefffc	lw	r30,-4(r30)
   39  00001058  4be00000	jr	r31
   40  0000105c  54000000	nop
   41  00001060          	.endproc _isspace
   42  00001060          	.align 2
   43  00001060          	.proc _isxdigit
   44  00001060          	.global _isxdigit
   45  00001060          	_isxdigit:
   46                      ;  Function 'isxdigit'; 0 bytes of locals, 1 regs to save.
   47  00001060  afbefffc	sw	-4(r29),r30; push fp
   48  00001064  001df020	add	r30,r0,r29; fp = sp
   49  00001068  afbffff8	sw	-8(r29),r31; push ret addr
   50  0000106c  2fbd0010	subui	r29,r29,#16; alloc local storage
   51  00001070  afa20000	sw	0(r29),r2
   52  00001074  83df0003	lb	r31,3(r30)
   53  00001078  20020000	addi	r2,r0,#0
   54  0000107c  23e1ffd0	addi	r1,r31,#-48
   55  00001080  302100ff	andi	r1,r1,#0x00ff
   56  00001084  70210009	sleui	r1,r1,#9
   57  00001088  14200028	bnez	r1,L12_LF0
   58  0000108c  54000000	nop; not filled.
   59  00001090  23e1ff9f	addi	r1,r31,#-97
   60  00001094  302100ff	andi	r1,r1,#0x00ff
   61  00001098  70210005	sleui	r1,r1,#5
   62  0000109c  14200014	bnez	r1,L12_LF0
   63  000010a0  54000000	nop; not filled.
   64  000010a4  33e100ff	andi	r1,r31,#0x00ff
   65  000010a8  64210041	snei	r1,r1,#65
   66  000010ac  14200008	bnez	r1,L11_LF0
   67  000010b0  54000000	nop; not filled.
   68  000010b4          	L12_LF0:
   69  000010b4  20020001	addi	r2,r0,#1
   70  000010b8          	L11_LF0:
   71  000010b8  00020820	add	r1,r0,r2
   72  000010bc  8fa20000	lw	r2,0(r29)
   73  000010c0  8fdffff8	lw	r31,-8(r30)
   74  000010c4  001ee820	add	r29,r0,r30
   75  000010c8  8fdefffc	lw	r30,-4(r30)
   76  000010cc  4be00000	jr	r31
   77  000010d0  54000000	nop
   78  000010d4          	.endproc _isxdigit
   79  000010d4          	.data
   80  00003000          	.align 2
   81  00003000          	LC0_LF0:
   82  00003000  55736167	.ascii "Usage: %s <handle_to_procs_completed_semaphore>\n\000"
   82  00003004  653a2025	
   82  00003008  73203c68	
   82  0000300c  616e646c	
   82  00003010  655f746f	
   82  00003014  5f70726f	
   82  00003018  63735f63	
   82  0000301c  6f6d706c	
   82  00003020  65746564	
   82  00003024  5f73656d	
   82  00003028  6170686f	
   82  0000302c  72653e0a	
   82  00003030  00      	
   83  00003031          	.align 2
   84  00003034          	LC1_LF0:
   85  00003034  73746163	.ascii "stack_grow (%d): This program will cause stack to grow larger than 1 p"
   85  00003038  6b5f6772	
   85  0000303c  6f772028	
   85  00003040  2564293a	
   85  00003044  20546869	
   85  00003048  73207072	
   85  0000304c  6f677261	
   85  00003050  6d207769	
   85  00003054  6c6c2063	
   85  00003058  61757365	
   85  0000305c  20737461	
   85  00003060  636b2074	
   85  00003064  6f206772	
   85  00003068  6f77206c	
   85  0000306c  61726765	
   85  00003070  72207468	
   85  00003074  616e2031	
   85  00003078  2070    	
   86  0000307a  61676521	.ascii "age!\n\000"
   86  0000307e  0a00    	
   87  00003080          	.align 2
   88  00003080          	LC2_LF0:
   89  00003080  73746163	.ascii "stack_grow (%d): Bad semaphore s_procs_completed (%d)!\n\000"
   89  00003084  6b5f6772	
   89  00003088  6f772028	
   89  0000308c  2564293a	
   89  00003090  20426164	
   89  00003094  2073656d	
   89  00003098  6170686f	
   89  0000309c  72652073	
   89  000030a0  5f70726f	
   89  000030a4  63735f63	
   89  000030a8  6f6d706c	
   89  000030ac  65746564	
   89  000030b0  20282564	
   89  000030b4  29210a00	
   90  000030b8          	.align 2
   91  000030b8          	LC3_LF0:
   92  000030b8  73746163	.ascii "stack_grow (%d): Done!\n\000"
   92  000030bc  6b5f6772	
   92  000030c0  6f772028	
   92  000030c4  2564293a	
   92  000030c8  20446f6e	
   92  000030cc  65210a00	
   93  000030d0          	.text
   94  000010d4          	.align 2
   95  000010d4          	.proc _main
   96  000010d4          	.global _main
   97  000010d4          	_main:
   98                      ;  Function 'main'; 0 bytes of locals, 0 regs to save.
   99  000010d4  afbefffc	sw	-4(r29),r30; push fp
  100  000010d8  001df020	add	r30,r0,r29; fp = sp
  101  000010dc  afbffff8	sw	-8(r29),r31; push ret addr
  102  000010e0  2fbd0008	subui	r29,r29,#8; alloc local storage
  103  000010e4  8fc20000	lw	r2,(r30)
  104  000010e8  8fc30004	lw	r3,4(r30)
  105  000010ec  0c001058	jal	___main
  106  000010f0  54000000	nop; not filled.
  107  000010f4  64410002	snei	r1,r2,#2
  108  000010f8  10200028	beqz	r1,L17_LF0
  109  000010fc  54000000	nop; not filled.
  110  00001100  23bdfff8	addi	r29,r29,#-8
  111  00001104  3c040000	lhi	r4,((LC0_LF0)>>16)&0xffff
  112  00001108  24843000	addui	r4,r4,(LC0_LF0)&0xffff
  113  0000110c  afa40000	sw	(r29),r4
  114  00001110  0c000174	jal	_Printf
  115  00001114  54000000	nop; not filled.
  116  00001118  0c000274	jal	_Exit
  117  0000111c  54000000	nop; not filled.
  118  00001120  23bd0008	addi	r29,r29,#8
  119  00001124          	L17_LF0:
  120  00001124  23bdfff0	addi	r29,r29,#-16
  121  00001128  8c630004	lw	r3,4(r3)
  122  0000112c  afa30000	sw	(r29),r3
  123  00001130  20040000	addi	r4,r0,#0
  124  00001134  afa40004	sw	4(r29),r4
  125  00001138  2004000a	addi	r4,r0,#10
  126  0000113c  afa40008	sw	8(r29),r4
  127  00001140  0c000b08	jal	_dstrtol
  128  00001144  54000000	nop; not filled.
  129  00001148  00011020	add	r2,r0,r1
  130  0000114c  0c000144	jal	_getpid
  131  00001150  54000000	nop; not filled.
  132  00001154  3c040000	lhi	r4,((LC1_LF0)>>16)&0xffff
  133  00001158  24843034	addui	r4,r4,(LC1_LF0)&0xffff
  134  0000115c  afa40000	sw	(r29),r4
  135  00001160  afa10004	sw	4(r29),r1
  136  00001164  0c000120	jal	_Printf
  137  00001168  54000000	nop; not filled.
  138  0000116c  20044e20	addi	r4,r0,#20000
  139  00001170  afa40000	sw	(r29),r4
  140  00001174  0c000084	jal	_foo
  141  00001178  54000000	nop; not filled.
  142  0000117c  afa20000	sw	(r29),r2
  143  00001180  0c000158	jal	_sem_signal
  144  00001184  54000000	nop; not filled.
  145  00001188  23bd0010	addi	r29,r29,#16
  146  0000118c  64210001	snei	r1,r1,#1
  147  00001190  10200038	beqz	r1,L18_LF0
  148  00001194  54000000	nop; not filled.
  149  00001198  0c0000f8	jal	_getpid
  150  0000119c  54000000	nop; not filled.
  151  000011a0  23bdfff0	addi	r29,r29,#-16
  152  000011a4  3c040000	lhi	r4,((LC2_LF0)>>16)&0xffff
  153  000011a8  24843080	addui	r4,r4,(LC2_LF0)&0xffff
  154  000011ac  afa40000	sw	(r29),r4
  155  000011b0  afa10004	sw	4(r29),r1
  156  000011b4  afa20008	sw	8(r29),r2
  157  000011b8  0c0000cc	jal	_Printf
  158  000011bc  54000000	nop; not filled.
  159  000011c0  0c0001cc	jal	_Exit
  160  000011c4  54000000	nop; not filled.
  161  000011c8  23bd0010	addi	r29,r29,#16
  162  000011cc          	L18_LF0:
  163  000011cc  0c0000c4	jal	_getpid
  164  000011d0  54000000	nop; not filled.
  165  000011d4  23bdfff8	addi	r29,r29,#-8
  166  000011d8  3c040000	lhi	r4,((LC3_LF0)>>16)&0xffff
  167  000011dc  248430b8	addui	r4,r4,(LC3_LF0)&0xffff
  168  000011e0  afa40000	sw	(r29),r4
  169  000011e4  afa10004	sw	4(r29),r1
  170  000011e8  0c00009c	jal	_Printf
  171  000011ec  54000000	nop; not filled.
  172  000011f0  23bd0008	addi	r29,r29,#8
  173  000011f4  0c000f44	jal	_exit
  174  000011f8  54000000	nop
  175  000011fc          	.endproc _main
  176  000011fc          	.align 2
  177  000011fc          	.proc _foo
  178  000011fc          	.global _foo
  179  000011fc          	_foo:
  180                      ;  Function 'foo'; 0 bytes of locals, 0 regs to save.
  181  000011fc  afbefffc	sw	-4(r29),r30; push fp
  182  00001200  001df020	add	r30,r0,r29; fp = sp
  183  00001204  afbffff8	sw	-8(r29),r31; push ret addr
  184  00001208  2fbd0008	subui	r29,r29,#8; alloc local storage
  185  0000120c  8fdf0000	lw	r31,(r30)
  186  00001210          	L24_LF0:
  187  00001210  63e10001	seqi	r1,r31,#1
  188  00001214  14200010	bnez	r1,L23_LF0
  189  00001218  54000000	nop; not filled.
  190  0000121c  23ffffff	addi	r31,r31,#-1
  191  00001220  0bffffec	j	L24_LF0
  192  00001224  54000000	nop; not filled.
  193  00001228          	L23_LF0:
  194  00001228  20010001	addi	r1,r0,#1
  195  0000122c  8fdffff8	lw	r31,-8(r30)
  196  00001230  001ee820	add	r29,r0,r30
  197  00001234  8fdefffc	lw	r30,-4(r30)
  198  00001238  4be00000	jr	r31
  199  0000123c  54000000	nop
  200  00001240          	.endproc _foo
  201                      ;;;
  202                      ;;; Stub functions for DLX traps.
  203                      ;;;
  204                      ;;; Ethan L. Miller, 1999.  Released to the public domain.
  205                      ;;;
  206                      ;;; The traps such as Open and Close
  207                      ;;; (note the capital letters) are for use by user programs.  The traps
  208                      ;;; with names such as open and close (lower case) are for use by the OS.
  209                      ;;;
  212  00001240          	.align 2
  214                      ;;; The following are the traps to be used by user-level programs
  215                      ;;;
  217  00001240          	.align 2
  218  00001240          	.proc _Open
  219  00001240          	.global _Open
  220  00001240          	_Open:
  221                      ;;; Note that trap #0x213 actually causes a trap vector in the OS of
  222                      ;;; 0x1213.  The same is true for other user traps.  Thus, a user trap
  223                      ;;; with trap #0x240 will result in a trap vector of 0x1240 in the OS.
  224  00001240  44000213	trap	#0x213
  225  00001244  4be00000	jr	r31
  226  00001248  54000000	nop
  227  0000124c          	.endproc _Open
  229  0000124c          	.proc _Close
  230  0000124c          	.global _Close
  231  0000124c          	_Close:
  232  0000124c  44000214	trap	#0x214
  233  00001250  4be00000	jr	r31
  234  00001254  54000000	nop
  235  00001258          	.endproc _Close
  237  00001258          	.proc _Read
  238  00001258          	.global _Read
  239  00001258          	_Read:
  240  00001258  44000210	trap	#0x210
  241  0000125c  4be00000	jr	r31
  242  00001260  54000000	nop
  243  00001264          	.endproc _Read
  245  00001264          	.proc _Write
  246  00001264          	.global _Write
  247  00001264          	_Write:
  248  00001264  44000211	trap	#0x211
  249  00001268  4be00000	jr	r31
  250  0000126c  54000000	nop
  251  00001270          	.endproc _Write
  253  00001270          	.proc _Lseek
  254  00001270          	.global _Lseek
  255  00001270          	_Lseek:
  256  00001270  44000212	trap	#0x212
  257  00001274  4be00000	jr	r31
  258  00001278  54000000	nop
  259  0000127c          	.endproc _Lseek
  261  0000127c          	.proc _Putchar
  262  0000127c          	.global _Putchar
  263  0000127c          	_Putchar:
  264  0000127c  44000280	trap	#0x280
  265  00001280  4be00000	jr	r31
  266  00001284  54000000	nop
  267  00001288          	.endproc _Putchar
  269  00001288          	.proc _Printf
  270  00001288          	.global _Printf
  271  00001288          	_Printf:
  272  00001288  44000201	trap	#0x201
  273  0000128c  4be00000	jr	r31
  274  00001290  54000000	nop
  275  00001294          	.endproc _Printf
  277  00001294          	.proc _getpid
  278  00001294          	.global _getpid
  279  00001294          	_getpid:
  280  00001294  44000431	trap	#0x431
  281  00001298  4be00000	jr	r31
  282  0000129c  54000000	nop
  283  000012a0          	.endproc _getpid
  285  000012a0          	.proc _process_create
  286  000012a0          	.global _process_create
  287  000012a0          	_process_create:
  288  000012a0  44000432	trap	#0x432
  289  000012a4  4be00000	jr	r31
  290  000012a8  54000000	nop
  291  000012ac          	.endproc _process_create
  293  000012ac          	.proc _shmget
  294  000012ac          	.global _shmget
  295  000012ac          	_shmget:
  296  000012ac  44000440	trap	#0x440
  297  000012b0  4be00000	jr	r31
  298  000012b4  54000000	nop
  299  000012b8          	.endproc _shmget
  301  000012b8          	.proc _shmat
  302  000012b8          	.global _shmat
  303  000012b8          	_shmat:
  304  000012b8  44000441	trap	#0x441
  305  000012bc  4be00000	jr	r31
  306  000012c0  54000000	nop
  307  000012c4          	.endproc _shmat
  309  000012c4          	.proc _sem_create
  310  000012c4          	.global _sem_create
  311  000012c4          	_sem_create:
  312  000012c4  44000450	trap	#0x450
  313  000012c8  4be00000	jr	r31
  314  000012cc  54000000	nop
  315  000012d0          	.endproc _sem_create
  317  000012d0          	.proc _sem_wait
  318  000012d0          	.global _sem_wait
  319  000012d0          	_sem_wait:
  320  000012d0  44000451	trap	#0x451
  321  000012d4  4be00000	jr	r31
  322  000012d8  54000000	nop
  323  000012dc          	.endproc _sem_wait
  325  000012dc          	.proc _sem_signal
  326  000012dc          	.global _sem_signal
  327  000012dc          	_sem_signal:
  328  000012dc  44000452	trap	#0x452
  329  000012e0  4be00000	jr	r31
  330  000012e4  54000000	nop
  331  000012e8          	.endproc _sem_signal
  333  000012e8          	.proc _lock_create
  334  000012e8          	.global _lock_create
  335  000012e8          	_lock_create:
  336  000012e8  44000453	trap	#0x453
  337  000012ec  4be00000	jr	r31
  338  000012f0  54000000	nop
  339  000012f4          	.endproc _lock_create
  341  000012f4          	.proc _lock_acquire
  342  000012f4          	.global _lock_acquire
  343  000012f4          	_lock_acquire:
  344  000012f4  44000454	trap	#0x454
  345  000012f8  4be00000	jr	r31
  346  000012fc  54000000	nop
  347  00001300          	.endproc _lock_acquire
  349  00001300          	.proc _lock_release
  350  00001300          	.global _lock_release
  351  00001300          	_lock_release:
  352  00001300  44000455	trap	#0x455
  353  00001304  4be00000	jr	r31
  354  00001308  54000000	nop
  355  0000130c          	.endproc _lock_release
  357  0000130c          	.proc _cond_create
  358  0000130c          	.global _cond_create
  359  0000130c          	_cond_create:
  360  0000130c  44000456	trap	#0x456
  361  00001310  4be00000	jr	r31
  362  00001314  54000000	nop
  363  00001318          	.endproc _cond_create
  365  00001318          	.proc _cond_wait
  366  00001318          	.global _cond_wait
  367  00001318          	_cond_wait:
  368  00001318  44000457	trap	#0x457
  369  0000131c  4be00000	jr	r31
  370  00001320  54000000	nop
  371  00001324          	.endproc _cond_wait
  373  00001324          	.proc _cond_signal
  374  00001324          	.global _cond_signal
  375  00001324          	_cond_signal:
  376  00001324  44000458	trap	#0x458
  377  00001328  4be00000	jr	r31
  378  0000132c  54000000	nop
  379  00001330          	.endproc _cond_signal
  381  00001330          	.proc _cond_broadcast
  382  00001330          	.global _cond_broadcast
  383  00001330          	_cond_broadcast:
  384  00001330  44000459	trap	#0x459
  385  00001334  4be00000	jr	r31
  386  00001338  54000000	nop
  387  0000133c          	.endproc _cond_broadcast
  389  0000133c          	.proc _mbox_create
  390  0000133c          	.global _mbox_create
  391  0000133c          	_mbox_create:
  392  0000133c  44000460	trap	#0x460
  393  00001340  4be00000	jr	r31
  394  00001344  54000000	nop
  395  00001348          	.endproc _mbox_create
  397  00001348          	.proc _mbox_open
  398  00001348          	.global _mbox_open
  399  00001348          	_mbox_open:
  400  00001348  44000461	trap	#0x461
  401  0000134c  4be00000	jr	r31
  402  00001350  54000000	nop
  403  00001354          	.endproc _mbox_open
  405  00001354          	.proc _mbox_close
  406  00001354          	.global _mbox_close
  407  00001354          	_mbox_close:
  408  00001354  44000462	trap	#0x462
  409  00001358  4be00000	jr	r31
  410  0000135c  54000000	nop
  411  00001360          	.endproc _mbox_close
  413  00001360          	.proc _mbox_send
  414  00001360          	.global _mbox_send
  415  00001360          	_mbox_send:
  416  00001360  44000463	trap	#0x463
  417  00001364  4be00000	jr	r31
  418  00001368  54000000	nop
  419  0000136c          	.endproc _mbox_send
  421  0000136c          	.proc _mbox_recv
  422  0000136c          	.global _mbox_recv
  423  0000136c          	_mbox_recv:
  424  0000136c  44000464	trap	#0x464
  425  00001370  4be00000	jr	r31
  426  00001374  54000000	nop
  427  00001378          	.endproc _mbox_recv
  429  00001378          	.proc _sleep
  430  00001378          	.global _sleep
  431  00001378          	_sleep:
  432  00001378  44000465	trap	#0x465
  433  0000137c  4be00000	jr	r31
  434  00001380  54000000	nop
  435  00001384          	.endproc _sleep
  437  00001384          	.proc _yield
  438  00001384          	.global _yield
  439  00001384          	_yield:
  440  00001384  44000466	trap	#0x466
  441  00001388  4be00000	jr	r31
  442  0000138c  54000000	nop
  443  00001390          	.endproc _yield
  446  00001390          	.proc _Exit
  447  00001390          	.global _Exit
  448  00001390          	_Exit:
  449  00001390  44000500	trap	#0x500
  450  00001394  4be00000	jr	r31
  451  00001398  54000000	nop
  452  0000139c          	.endproc _Exit
  455  0000139c          	.proc _malloc
  456  0000139c          	.global _malloc
  457  0000139c          	_malloc:
  458  0000139c  44000467	trap	#0x467
  459  000013a0  4be00000	jr	r31
  460  000013a4          	.endproc _malloc
  463  000013a4          	.proc _mfree
  464  000013a4          	.global _mfree
  465  000013a4          	_mfree:
  466  000013a4  44000468	trap	#0x468
  467  000013a8  4be00000	jr	r31
  468  000013ac          	.endproc _mfree
  469                      ; Compiled by GCC
  471  000013ac          	.align 2
  472  000013ac          	.proc _isspace
  473  000013ac          	.global _isspace
  474  000013ac          	_isspace:
  475                      ;  Function 'isspace'; 0 bytes of locals, 3 regs to save.
  476  000013ac  afbefffc	sw	-4(r29),r30; push fp
  477  000013b0  001df020	add	r30,r0,r29; fp = sp
  478  000013b4  afbffff8	sw	-8(r29),r31; push ret addr
  479  000013b8  2fbd0018	subui	r29,r29,#24; alloc local storage
  480  000013bc  afa20000	sw	0(r29),r2
  481  000013c0  afa30004	sw	4(r29),r3
  482  000013c4  afa40008	sw	8(r29),r4
  483  000013c8  83c20003	lb	r2,3(r30)
  484  000013cc  20010000	addi	r1,r0,#0
  485  000013d0  304300ff	andi	r3,r2,#0x00ff
  486  000013d4  60640020	seqi	r4,r3,#32
  487  000013d8  1480002c	bnez	r4,L3_LF2
  488  000013dc  54000000	nop; delay slot nop
  489  000013e0  304300ff	andi	r3,r2,#0x00ff
  490  000013e4  60640009	seqi	r4,r3,#9
  491  000013e8  1480001c	bnez	r4,L3_LF2
  492  000013ec  54000000	nop; delay slot nop
  493  000013f0  304300ff	andi	r3,r2,#0x00ff
  494  000013f4  6064000a	seqi	r4,r3,#10
  495  000013f8  1480000c	bnez	r4,L3_LF2
  496  000013fc  54000000	nop; delay slot nop
  497  00001400  08000008	j	L2_LF2
  498  00001404  54000000	nop; delay slot nop
  499  00001408          	L3_LF2:
  500  00001408  20010001	addi	r1,r0,#1
  501  0000140c          	L2_LF2:
  502  0000140c  08000004	j	L1_LF2
  503  00001410  54000000	nop; delay slot nop
  504  00001414          	L1_LF2:
  505  00001414  8fa20000	lw	r2,0(r29)
  506  00001418  8fa30004	lw	r3,4(r29)
  507  0000141c  8fa40008	lw	r4,8(r29)
  508  00001420  8fdffff8	lw	r31,-8(r30)
  509  00001424  001ee820	add	r29,r0,r30
  510  00001428  8fdefffc	lw	r30,-4(r30)
  511  0000142c  4be00000	jr	r31
  512  00001430  54000000	nop
  513  00001434          	.endproc _isspace
  514  00001434          	.align 2
  515  00001434          	.proc _isxdigit
  516  00001434          	.global _isxdigit
  517  00001434          	_isxdigit:
  518                      ;  Function 'isxdigit'; 0 bytes of locals, 3 regs to save.
  519  00001434  afbefffc	sw	-4(r29),r30; push fp
  520  00001438  001df020	add	r30,r0,r29; fp = sp
  521  0000143c  afbffff8	sw	-8(r29),r31; push ret addr
  522  00001440  2fbd0018	subui	r29,r29,#24; alloc local storage
  523  00001444  afa20000	sw	0(r29),r2
  524  00001448  afa30004	sw	4(r29),r3
  525  0000144c  afa40008	sw	8(r29),r4
  526  00001450  83c20003	lb	r2,3(r30)
  527  00001454  20010000	addi	r1,r0,#0
  528  00001458  304300ff	andi	r3,r2,#0x00ff
  529  0000145c  6c64002f	sgtui	r4,r3,#47
  530  00001460  1080001c	beqz	r4,L7_LF2
  531  00001464  54000000	nop; delay slot nop
  532  00001468  304300ff	andi	r3,r2,#0x00ff
  533  0000146c  70640039	sleui	r4,r3,#57
  534  00001470  1480005c	bnez	r4,L6_LF2
  535  00001474  54000000	nop; delay slot nop
  536  00001478  08000004	j	L7_LF2
  537  0000147c  54000000	nop; delay slot nop
  538  00001480          	L7_LF2:
  539  00001480  304300ff	andi	r3,r2,#0x00ff
  540  00001484  6c640060	sgtui	r4,r3,#96
  541  00001488  1080001c	beqz	r4,L8_LF2
  542  0000148c  54000000	nop; delay slot nop
  543  00001490  304300ff	andi	r3,r2,#0x00ff
  544  00001494  70640066	sleui	r4,r3,#102
  545  00001498  14800034	bnez	r4,L6_LF2
  546  0000149c  54000000	nop; delay slot nop
  547  000014a0  08000004	j	L8_LF2
  548  000014a4  54000000	nop; delay slot nop
  549  000014a8          	L8_LF2:
  550  000014a8  304300ff	andi	r3,r2,#0x00ff
  551  000014ac  6c640040	sgtui	r4,r3,#64
  552  000014b0  10800020	beqz	r4,L5_LF2
  553  000014b4  54000000	nop; delay slot nop
  554  000014b8  304300ff	andi	r3,r2,#0x00ff
  555  000014bc  70640041	sleui	r4,r3,#65
  556  000014c0  1480000c	bnez	r4,L6_LF2
  557  000014c4  54000000	nop; delay slot nop
  558  000014c8  08000008	j	L5_LF2
  559  000014cc  54000000	nop; delay slot nop
  560  000014d0          	L6_LF2:
  561  000014d0  20010001	addi	r1,r0,#1
  562  000014d4          	L5_LF2:
  563  000014d4  08000004	j	L4_LF2
  564  000014d8  54000000	nop; delay slot nop
  565  000014dc          	L4_LF2:
  566  000014dc  8fa20000	lw	r2,0(r29)
  567  000014e0  8fa30004	lw	r3,4(r29)
  568  000014e4  8fa40008	lw	r4,8(r29)
  569  000014e8  8fdffff8	lw	r31,-8(r30)
  570  000014ec  001ee820	add	r29,r0,r30
  571  000014f0  8fdefffc	lw	r30,-4(r30)
  572  000014f4  4be00000	jr	r31
  573  000014f8  54000000	nop
  574  000014fc          	.endproc _isxdigit
  575  000014fc          	.align 2
  576  000014fc          	.proc _dstrcpy
  577  000014fc          	.global _dstrcpy
  578  000014fc          	_dstrcpy:
  579                      ;  Function 'dstrcpy'; 8 bytes of locals, 2 regs to save.
  580  000014fc  afbefffc	sw	-4(r29),r30; push fp
  581  00001500  001df020	add	r30,r0,r29; fp = sp
  582  00001504  afbffff8	sw	-8(r29),r31; push ret addr
  583  00001508  2fbd0018	subui	r29,r29,#24; alloc local storage
  584  0000150c  afa20000	sw	0(r29),r2
  585  00001510  afa30004	sw	4(r29),r3
  586  00001514  8fc10000	lw	r1,(r30)
  587  00001518  afc1fff4	sw	-12(r30),r1
  588  0000151c          	L10_LF2:
  589  0000151c  8fc10000	lw	r1,(r30)
  590  00001520  20220001	addi	r2,r1,#1
  591  00001524  afc20000	sw	(r30),r2
  592  00001528  8fc20004	lw	r2,4(r30)
  593  0000152c  20430001	addi	r3,r2,#1
  594  00001530  afc30004	sw	4(r30),r3
  595  00001534  80420000	lb	r2,(r2)
  596  00001538  a0220000	sb	(r1),r2
  597  0000153c  a3c2fff3	sb	-13(r30),r2
  598  00001540          	L12_LF2:
  599  00001540  93c1fff3	lbu	r1,-13(r30)
  600  00001544  64220000	snei	r2,r1,#0
  601  00001548  1440000c	bnez	r2,L13_LF2
  602  0000154c  54000000	nop; delay slot nop
  603  00001550  0800000c	j	L11_LF2
  604  00001554  54000000	nop; delay slot nop
  605  00001558          	L13_LF2:
  606  00001558  0bffffc0	j	L10_LF2
  607  0000155c  54000000	nop; delay slot nop
  608  00001560          	L11_LF2:
  609  00001560  8fc1fff4	lw	r1,-12(r30)
  610  00001564  08000004	j	L9_LF2
  611  00001568  54000000	nop; delay slot nop
  612  0000156c          	L9_LF2:
  613  0000156c  8fa20000	lw	r2,0(r29)
  614  00001570  8fa30004	lw	r3,4(r29)
  615  00001574  8fdffff8	lw	r31,-8(r30)
  616  00001578  001ee820	add	r29,r0,r30
  617  0000157c  8fdefffc	lw	r30,-4(r30)
  618  00001580  4be00000	jr	r31
  619  00001584  54000000	nop
  620  00001588          	.endproc _dstrcpy
  621  00001588          	.align 2
  622  00001588          	.proc _dstrncpy
  623  00001588          	.global _dstrncpy
  624  00001588          	_dstrncpy:
  625                      ;  Function 'dstrncpy'; 8 bytes of locals, 2 regs to save.
  626  00001588  afbefffc	sw	-4(r29),r30; push fp
  627  0000158c  001df020	add	r30,r0,r29; fp = sp
  628  00001590  afbffff8	sw	-8(r29),r31; push ret addr
  629  00001594  2fbd0018	subui	r29,r29,#24; alloc local storage
  630  00001598  afa20000	sw	0(r29),r2
  631  0000159c  afa30004	sw	4(r29),r3
  632  000015a0  8fc10000	lw	r1,(r30)
  633  000015a4  afc1fff4	sw	-12(r30),r1
  634  000015a8          	L15_LF2:
  635  000015a8  8fc10008	lw	r1,8(r30)
  636  000015ac  2022ffff	addi	r2,r1,#-1
  637  000015b0  afc20008	sw	8(r30),r2
  638  000015b4  70210000	slei	r1,r1,#0
  639  000015b8  1020000c	beqz	r1,L18_LF2
  640  000015bc  54000000	nop; delay slot nop
  641  000015c0  08000048	j	L16_LF2
  642  000015c4  54000000	nop; delay slot nop
  643  000015c8          	L18_LF2:
  644  000015c8  8fc10000	lw	r1,(r30)
  645  000015cc  20220001	addi	r2,r1,#1
  646  000015d0  afc20000	sw	(r30),r2
  647  000015d4  8fc20004	lw	r2,4(r30)
  648  000015d8  20430001	addi	r3,r2,#1
  649  000015dc  afc30004	sw	4(r30),r3
  650  000015e0  80420000	lb	r2,(r2)
  651  000015e4  a0220000	sb	(r1),r2
  652  000015e8  a3c2fff3	sb	-13(r30),r2
  653  000015ec          	L17_LF2:
  654  000015ec  93c1fff3	lbu	r1,-13(r30)
  655  000015f0  64220000	snei	r2,r1,#0
  656  000015f4  1440000c	bnez	r2,L19_LF2
  657  000015f8  54000000	nop; delay slot nop
  658  000015fc  0800000c	j	L16_LF2
  659  00001600  54000000	nop; delay slot nop
  660  00001604          	L19_LF2:
  661  00001604  0bffffa0	j	L15_LF2
  662  00001608  54000000	nop; delay slot nop
  663  0000160c          	L16_LF2:
  664  0000160c  8fc1fff4	lw	r1,-12(r30)
  665  00001610  08000004	j	L14_LF2
  666  00001614  54000000	nop; delay slot nop
  667  00001618          	L14_LF2:
  668  00001618  8fa20000	lw	r2,0(r29)
  669  0000161c  8fa30004	lw	r3,4(r29)
  670  00001620  8fdffff8	lw	r31,-8(r30)
  671  00001624  001ee820	add	r29,r0,r30
  672  00001628  8fdefffc	lw	r30,-4(r30)
  673  0000162c  4be00000	jr	r31
  674  00001630  54000000	nop
  675  00001634          	.endproc _dstrncpy
  676  00001634          	.align 2
  677  00001634          	.proc _dstrcat
  678  00001634          	.global _dstrcat
  679  00001634          	_dstrcat:
  680                      ;  Function 'dstrcat'; 8 bytes of locals, 1 regs to save.
  681  00001634  afbefffc	sw	-4(r29),r30; push fp
  682  00001638  001df020	add	r30,r0,r29; fp = sp
  683  0000163c  afbffff8	sw	-8(r29),r31; push ret addr
  684  00001640  2fbd0018	subui	r29,r29,#24; alloc local storage
  685  00001644  afa20000	sw	0(r29),r2
  686  00001648  8fc10000	lw	r1,(r30)
  687  0000164c  afc1fff4	sw	-12(r30),r1
  688  00001650          	L21_LF2:
  689  00001650  8fc10000	lw	r1,(r30)
  690  00001654  90220000	lbu	r2,(r1)
  691  00001658  64410000	snei	r1,r2,#0
  692  0000165c  1420000c	bnez	r1,L23_LF2
  693  00001660  54000000	nop; delay slot nop
  694  00001664  0800001c	j	L22_LF2
  695  00001668  54000000	nop; delay slot nop
  696  0000166c          	L23_LF2:
  697  0000166c  8fc20000	lw	r2,(r30)
  698  00001670  20410001	addi	r1,r2,#1
  699  00001674  00011020	add	r2,r0,r1
  700  00001678  afc20000	sw	(r30),r2
  701  0000167c  0bffffd0	j	L21_LF2
  702  00001680  54000000	nop; delay slot nop
  703  00001684          	L22_LF2:
  704  00001684  23bdfff8	addi	r29,r29,#-8
  705  00001688  001d0820	add	r1,r0,r29
  706  0000168c  8fc20000	lw	r2,(r30)
  707  00001690  ac220000	sw	(r1),r2
  708  00001694  8fc20004	lw	r2,4(r30)
  709  00001698  ac220004	sw	4(r1),r2
  710  0000169c  0ffffe5c	jal	_dstrcpy
  711  000016a0  54000000	nop; delay slot nop
  712  000016a4  23bd0008	addi	r29,r29,#8
  713  000016a8  8fc1fff4	lw	r1,-12(r30)
  714  000016ac  08000004	j	L20_LF2
  715  000016b0  54000000	nop; delay slot nop
  716  000016b4          	L20_LF2:
  717  000016b4  8fa20000	lw	r2,0(r29)
  718  000016b8  8fdffff8	lw	r31,-8(r30)
  719  000016bc  001ee820	add	r29,r0,r30
  720  000016c0  8fdefffc	lw	r30,-4(r30)
  721  000016c4  4be00000	jr	r31
  722  000016c8  54000000	nop
  723  000016cc          	.endproc _dstrcat
  724  000016cc          	.align 2
  725  000016cc          	.proc _dstrncmp
  726  000016cc          	.global _dstrncmp
  727  000016cc          	_dstrncmp:
  728                      ;  Function 'dstrncmp'; 8 bytes of locals, 2 regs to save.
  729  000016cc  afbefffc	sw	-4(r29),r30; push fp
  730  000016d0  001df020	add	r30,r0,r29; fp = sp
  731  000016d4  afbffff8	sw	-8(r29),r31; push ret addr
  732  000016d8  2fbd0018	subui	r29,r29,#24; alloc local storage
  733  000016dc  afa20000	sw	0(r29),r2
  734  000016e0  afa30004	sw	4(r29),r3
  735  000016e4  54000000	nop
  736  000016e8  20010000	addi	r1,r0,#0
  737  000016ec  afc1fff4	sw	-12(r30),r1
  738  000016f0          	L25_LF2:
  739  000016f0  8fc1fff4	lw	r1,-12(r30)
  740  000016f4  8fc20008	lw	r2,8(r30)
  741  000016f8  0022082a	slt	r1,r1,r2
  742  000016fc  1420000c	bnez	r1,L28_LF2
  743  00001700  54000000	nop; delay slot nop
  744  00001704  08000088	j	L26_LF2
  745  00001708  54000000	nop; delay slot nop
  746  0000170c          	L28_LF2:
  747  0000170c  8fc10004	lw	r1,4(r30)
  748  00001710  90220000	lbu	r2,(r1)
  749  00001714  64410000	snei	r1,r2,#0
  750  00001718  14200018	bnez	r1,L29_LF2
  751  0000171c  54000000	nop; delay slot nop
  752  00001720  20010000	addi	r1,r0,#0
  753  00001724  080000d8	j	L24_LF2
  754  00001728  54000000	nop; delay slot nop
  755  0000172c  08000028	j	L30_LF2
  756  00001730  54000000	nop; delay slot nop
  757  00001734          	L29_LF2:
  758  00001734  8fc10000	lw	r1,(r30)
  759  00001738  8fc20004	lw	r2,4(r30)
  760  0000173c  90210000	lbu	r1,(r1)
  761  00001740  90420000	lbu	r2,(r2)
  762  00001744  00220829	sne	r1,r1,r2
  763  00001748  1020000c	beqz	r1,L30_LF2
  764  0000174c  54000000	nop; delay slot nop
  765  00001750  0800003c	j	L26_LF2
  766  00001754  54000000	nop; delay slot nop
  767  00001758          	L31_LF2:
  768  00001758          	L30_LF2:
  769  00001758  8fc20000	lw	r2,(r30)
  770  0000175c  20410001	addi	r1,r2,#1
  771  00001760  00011020	add	r2,r0,r1
  772  00001764  afc20000	sw	(r30),r2
  773  00001768  8fc20004	lw	r2,4(r30)
  774  0000176c  20410001	addi	r1,r2,#1
  775  00001770  00011020	add	r2,r0,r1
  776  00001774  afc20004	sw	4(r30),r2
  777  00001778          	L27_LF2:
  778  00001778  8fc2fff4	lw	r2,-12(r30)
  779  0000177c  20410001	addi	r1,r2,#1
  780  00001780  00011020	add	r2,r0,r1
  781  00001784  afc2fff4	sw	-12(r30),r2
  782  00001788  0bffff64	j	L25_LF2
  783  0000178c  54000000	nop; delay slot nop
  784  00001790          	L26_LF2:
  785  00001790  8fc1fff4	lw	r1,-12(r30)
  786  00001794  8fc20008	lw	r2,8(r30)
  787  00001798  00220828	seq	r1,r1,r2
  788  0000179c  10200018	beqz	r1,L32_LF2
  789  000017a0  54000000	nop; delay slot nop
  790  000017a4  20010000	addi	r1,r0,#0
  791  000017a8  08000054	j	L24_LF2
  792  000017ac  54000000	nop; delay slot nop
  793  000017b0  0800004c	j	L33_LF2
  794  000017b4  54000000	nop; delay slot nop
  795  000017b8          	L32_LF2:
  796  000017b8  8fc20000	lw	r2,(r30)
  797  000017bc  90410000	lbu	r1,(r2)
  798  000017c0  8fc20004	lw	r2,4(r30)
  799  000017c4  90430000	lbu	r3,(r2)
  800  000017c8  00230822	sub	r1,r1,r3
  801  000017cc  74220000	sgei	r2,r1,#0
  802  000017d0  10400020	beqz	r2,L34_LF2
  803  000017d4  54000000	nop; delay slot nop
  804  000017d8  8fc10000	lw	r1,(r30)
  805  000017dc  8fc20004	lw	r2,4(r30)
  806  000017e0  90210000	lbu	r1,(r1)
  807  000017e4  90420000	lbu	r2,(r2)
  808  000017e8  00220829	sne	r1,r1,r2
  809  000017ec  08000008	j	L35_LF2
  810  000017f0  54000000	nop; delay slot nop
  811  000017f4          	L34_LF2:
  812  000017f4  2001ffff	addi	r1,r0,#-1
  813  000017f8          	L35_LF2:
  814  000017f8  08000004	j	L24_LF2
  815  000017fc  54000000	nop; delay slot nop
  816  00001800          	L33_LF2:
  817  00001800          	L24_LF2:
  818  00001800  8fa20000	lw	r2,0(r29)
  819  00001804  8fa30004	lw	r3,4(r29)
  820  00001808  8fdffff8	lw	r31,-8(r30)
  821  0000180c  001ee820	add	r29,r0,r30
  822  00001810  8fdefffc	lw	r30,-4(r30)
  823  00001814  4be00000	jr	r31
  824  00001818  54000000	nop
  825  0000181c          	.endproc _dstrncmp
  826  0000181c          	.align 2
  827  0000181c          	.proc _dstrlen
  828  0000181c          	.global _dstrlen
  829  0000181c          	_dstrlen:
  830                      ;  Function 'dstrlen'; 8 bytes of locals, 1 regs to save.
  831  0000181c  afbefffc	sw	-4(r29),r30; push fp
  832  00001820  001df020	add	r30,r0,r29; fp = sp
  833  00001824  afbffff8	sw	-8(r29),r31; push ret addr
  834  00001828  2fbd0018	subui	r29,r29,#24; alloc local storage
  835  0000182c  afa20000	sw	0(r29),r2
  836  00001830  20010000	addi	r1,r0,#0
  837  00001834  afc1fff4	sw	-12(r30),r1
  838  00001838          	L37_LF2:
  839  00001838  8fc10000	lw	r1,(r30)
  840  0000183c  20220001	addi	r2,r1,#1
  841  00001840  afc20000	sw	(r30),r2
  842  00001844  90210000	lbu	r1,(r1)
  843  00001848  64220000	snei	r2,r1,#0
  844  0000184c  1440000c	bnez	r2,L39_LF2
  845  00001850  54000000	nop; delay slot nop
  846  00001854  0800001c	j	L38_LF2
  847  00001858  54000000	nop; delay slot nop
  848  0000185c          	L39_LF2:
  849  0000185c  8fc2fff4	lw	r2,-12(r30)
  850  00001860  20410001	addi	r1,r2,#1
  851  00001864  00011020	add	r2,r0,r1
  852  00001868  afc2fff4	sw	-12(r30),r2
  853  0000186c  0bffffc8	j	L37_LF2
  854  00001870  54000000	nop; delay slot nop
  855  00001874          	L38_LF2:
  856  00001874  8fc1fff4	lw	r1,-12(r30)
  857  00001878  08000004	j	L36_LF2
  858  0000187c  54000000	nop; delay slot nop
  859  00001880          	L36_LF2:
  860  00001880  8fa20000	lw	r2,0(r29)
  861  00001884  8fdffff8	lw	r31,-8(r30)
  862  00001888  001ee820	add	r29,r0,r30
  863  0000188c  8fdefffc	lw	r30,-4(r30)
  864  00001890  4be00000	jr	r31
  865  00001894  54000000	nop
  866  00001898          	.endproc _dstrlen
  867  00001898          	.align 2
  868  00001898          	.proc _dstrstr
  869  00001898          	.global _dstrstr
  870  00001898          	_dstrstr:
  871                      ;  Function 'dstrstr'; 8 bytes of locals, 1 regs to save.
  872  00001898  afbefffc	sw	-4(r29),r30; push fp
  873  0000189c  001df020	add	r30,r0,r29; fp = sp
  874  000018a0  afbffff8	sw	-8(r29),r31; push ret addr
  875  000018a4  2fbd0018	subui	r29,r29,#24; alloc local storage
  876  000018a8  afa20000	sw	0(r29),r2
  877  000018ac  23bdfff8	addi	r29,r29,#-8
  878  000018b0  001d0820	add	r1,r0,r29
  879  000018b4  8fc20004	lw	r2,4(r30)
  880  000018b8  ac220000	sw	(r1),r2
  881  000018bc  0fffff5c	jal	_dstrlen
  882  000018c0  54000000	nop; delay slot nop
  883  000018c4  23bd0008	addi	r29,r29,#8
  884  000018c8  afc1fff4	sw	-12(r30),r1
  885  000018cc          	L41_LF2:
  886  000018cc  8fc10000	lw	r1,(r30)
  887  000018d0  90220000	lbu	r2,(r1)
  888  000018d4  64410000	snei	r1,r2,#0
  889  000018d8  1420000c	bnez	r1,L43_LF2
  890  000018dc  54000000	nop; delay slot nop
  891  000018e0  08000060	j	L42_LF2
  892  000018e4  54000000	nop; delay slot nop
  893  000018e8          	L43_LF2:
  894  000018e8  23bdfff0	addi	r29,r29,#-16
  895  000018ec  001d0820	add	r1,r0,r29
  896  000018f0  8fc20000	lw	r2,(r30)
  897  000018f4  ac220000	sw	(r1),r2
  898  000018f8  8fc20004	lw	r2,4(r30)
  899  000018fc  ac220004	sw	4(r1),r2
  900  00001900  8fc2fff4	lw	r2,-12(r30)
  901  00001904  ac220008	sw	8(r1),r2
  902  00001908  0ffffdc0	jal	_dstrncmp
  903  0000190c  54000000	nop; delay slot nop
  904  00001910  23bd0010	addi	r29,r29,#16
  905  00001914  64220000	snei	r2,r1,#0
  906  00001918  14400010	bnez	r2,L44_LF2
  907  0000191c  54000000	nop; delay slot nop
  908  00001920  8fc10000	lw	r1,(r30)
  909  00001924  08000028	j	L40_LF2
  910  00001928  54000000	nop; delay slot nop
  911  0000192c          	L44_LF2:
  912  0000192c  8fc20000	lw	r2,(r30)
  913  00001930  20410001	addi	r1,r2,#1
  914  00001934  00011020	add	r2,r0,r1
  915  00001938  afc20000	sw	(r30),r2
  916  0000193c  0bffff8c	j	L41_LF2
  917  00001940  54000000	nop; delay slot nop
  918  00001944          	L42_LF2:
  919  00001944  20010000	addi	r1,r0,#0
  920  00001948  08000004	j	L40_LF2
  921  0000194c  54000000	nop; delay slot nop
  922  00001950          	L40_LF2:
  923  00001950  8fa20000	lw	r2,0(r29)
  924  00001954  8fdffff8	lw	r31,-8(r30)
  925  00001958  001ee820	add	r29,r0,r30
  926  0000195c  8fdefffc	lw	r30,-4(r30)
  927  00001960  4be00000	jr	r31
  928  00001964  54000000	nop
  929  00001968          	.endproc _dstrstr
  930  00001968          	.align 2
  931  00001968          	.proc _dmindex
  932  00001968          	.global _dmindex
  933  00001968          	_dmindex:
  934                      ;  Function 'dmindex'; 8 bytes of locals, 1 regs to save.
  935  00001968  afbefffc	sw	-4(r29),r30; push fp
  936  0000196c  001df020	add	r30,r0,r29; fp = sp
  937  00001970  afbffff8	sw	-8(r29),r31; push ret addr
  938  00001974  2fbd0018	subui	r29,r29,#24; alloc local storage
  939  00001978  afa20000	sw	0(r29),r2
  940  0000197c  54000000	nop
  941  00001980          	L46_LF2:
  942  00001980  8fc10000	lw	r1,(r30)
  943  00001984  90220000	lbu	r2,(r1)
  944  00001988  64410000	snei	r1,r2,#0
  945  0000198c  1420000c	bnez	r1,L48_LF2
  946  00001990  54000000	nop; delay slot nop
  947  00001994  08000070	j	L47_LF2
  948  00001998  54000000	nop; delay slot nop
  949  0000199c          	L48_LF2:
  950  0000199c  8fc10004	lw	r1,4(r30)
  951  000019a0  afc1fff4	sw	-12(r30),r1
  952  000019a4          	L49_LF2:
  953  000019a4  8fc1fff4	lw	r1,-12(r30)
  954  000019a8  90220000	lbu	r2,(r1)
  955  000019ac  64410000	snei	r1,r2,#0
  956  000019b0  1420000c	bnez	r1,L52_LF2
  957  000019b4  54000000	nop; delay slot nop
  958  000019b8  08000044	j	L50_LF2
  959  000019bc  54000000	nop; delay slot nop
  960  000019c0          	L52_LF2:
  961  000019c0  8fc10000	lw	r1,(r30)
  962  000019c4  8fc2fff4	lw	r2,-12(r30)
  963  000019c8  90210000	lbu	r1,(r1)
  964  000019cc  90420000	lbu	r2,(r2)
  965  000019d0  00220828	seq	r1,r1,r2
  966  000019d4  10200010	beqz	r1,L51_LF2
  967  000019d8  54000000	nop; delay slot nop
  968  000019dc  8fc10000	lw	r1,(r30)
  969  000019e0  08000030	j	L45_LF2
  970  000019e4  54000000	nop; delay slot nop
  971  000019e8          	L53_LF2:
  972  000019e8          	L51_LF2:
  973  000019e8  8fc2fff4	lw	r2,-12(r30)
  974  000019ec  20410001	addi	r1,r2,#1
  975  000019f0  00011020	add	r2,r0,r1
  976  000019f4  afc2fff4	sw	-12(r30),r2
  977  000019f8  0bffffa8	j	L49_LF2
  978  000019fc  54000000	nop; delay slot nop
  979  00001a00          	L50_LF2:
  980  00001a00  0bffff7c	j	L46_LF2
  981  00001a04  54000000	nop; delay slot nop
  982  00001a08          	L47_LF2:
  983  00001a08  20010000	addi	r1,r0,#0
  984  00001a0c  08000004	j	L45_LF2
  985  00001a10  54000000	nop; delay slot nop
  986  00001a14          	L45_LF2:
  987  00001a14  8fa20000	lw	r2,0(r29)
  988  00001a18  8fdffff8	lw	r31,-8(r30)
  989  00001a1c  001ee820	add	r29,r0,r30
  990  00001a20  8fdefffc	lw	r30,-4(r30)
  991  00001a24  4be00000	jr	r31
  992  00001a28  54000000	nop
  993  00001a2c          	.endproc _dmindex
  994  00001a2c          	.align 2
  995  00001a2c          	.proc _dindex
  996  00001a2c          	.global _dindex
  997  00001a2c          	_dindex:
  998                      ;  Function 'dindex'; 0 bytes of locals, 1 regs to save.
  999  00001a2c  afbefffc	sw	-4(r29),r30; push fp
 1000  00001a30  001df020	add	r30,r0,r29; fp = sp
 1001  00001a34  afbffff8	sw	-8(r29),r31; push ret addr
 1002  00001a38  2fbd0010	subui	r29,r29,#16; alloc local storage
 1003  00001a3c  afa20000	sw	0(r29),r2
 1004  00001a40  54000000	nop
 1005  00001a44          	L55_LF2:
 1006  00001a44  8fc10000	lw	r1,(r30)
 1007  00001a48  90220000	lbu	r2,(r1)
 1008  00001a4c  64410000	snei	r1,r2,#0
 1009  00001a50  1420000c	bnez	r1,L57_LF2
 1010  00001a54  54000000	nop; delay slot nop
 1011  00001a58  08000040	j	L56_LF2
 1012  00001a5c  54000000	nop; delay slot nop
 1013  00001a60          	L57_LF2:
 1014  00001a60  8fc10000	lw	r1,(r30)
 1015  00001a64  90220000	lbu	r2,(r1)
 1016  00001a68  8fc10004	lw	r1,4(r30)
 1017  00001a6c  00411028	seq	r2,r2,r1
 1018  00001a70  10400010	beqz	r2,L58_LF2
 1019  00001a74  54000000	nop; delay slot nop
 1020  00001a78  8fc10000	lw	r1,(r30)
 1021  00001a7c  08000028	j	L54_LF2
 1022  00001a80  54000000	nop; delay slot nop
 1023  00001a84          	L58_LF2:
 1024  00001a84  8fc20000	lw	r2,(r30)
 1025  00001a88  20410001	addi	r1,r2,#1
 1026  00001a8c  00011020	add	r2,r0,r1
 1027  00001a90  afc20000	sw	(r30),r2
 1028  00001a94  0bffffac	j	L55_LF2
 1029  00001a98  54000000	nop; delay slot nop
 1030  00001a9c          	L56_LF2:
 1031  00001a9c  20010000	addi	r1,r0,#0
 1032  00001aa0  08000004	j	L54_LF2
 1033  00001aa4  54000000	nop; delay slot nop
 1034  00001aa8          	L54_LF2:
 1035  00001aa8  8fa20000	lw	r2,0(r29)
 1036  00001aac  8fdffff8	lw	r31,-8(r30)
 1037  00001ab0  001ee820	add	r29,r0,r30
 1038  00001ab4  8fdefffc	lw	r30,-4(r30)
 1039  00001ab8  4be00000	jr	r31
 1040  00001abc  54000000	nop
 1041  00001ac0          	.endproc _dindex
 1042  00001ac0          	.align 2
 1043  00001ac0          	.proc _ditoa
 1044  00001ac0          	.global _ditoa
 1045  00001ac0          	_ditoa:
 1046                      ;  Function 'ditoa'; 8 bytes of locals, 2 regs to save.
 1047  00001ac0  afbefffc	sw	-4(r29),r30; push fp
 1048  00001ac4  001df020	add	r30,r0,r29; fp = sp
 1049  00001ac8  afbffff8	sw	-8(r29),r31; push ret addr
 1050  00001acc  2fbd0018	subui	r29,r29,#24; alloc local storage
 1051  00001ad0  afa20000	sw	0(r29),r2
 1052  00001ad4  afa30004	sw	4(r29),r3
 1053  00001ad8  8fc10000	lw	r1,(r30)
 1054  00001adc  68220000	slti	r2,r1,#0
 1055  00001ae0  1040002c	beqz	r2,L60_LF2
 1056  00001ae4  54000000	nop; delay slot nop
 1057  00001ae8  8fc10004	lw	r1,4(r30)
 1058  00001aec  20220001	addi	r2,r1,#1
 1059  00001af0  afc20004	sw	4(r30),r2
 1060  00001af4  2002002d	addi	r2,r0,(#0x2d)&0xff
 1061  00001af8  a0220000	sb	(r1),r2
 1062  00001afc  8fc10000	lw	r1,(r30)
 1063  00001b00  00011022	sub	r2,r0,r1
 1064  00001b04  afc20000	sw	(r30),r2
 1065  00001b08  08000118	j	L61_LF2
 1066  00001b0c  54000000	nop; delay slot nop
 1067  00001b10          	L60_LF2:
 1068  00001b10  8fc10000	lw	r1,(r30)
 1069  00001b14  64220000	snei	r2,r1,#0
 1070  00001b18  14400020	bnez	r2,L62_LF2
 1071  00001b1c  54000000	nop; delay slot nop
 1072  00001b20  8fc10004	lw	r1,4(r30)
 1073  00001b24  20220001	addi	r2,r1,#1
 1074  00001b28  afc20004	sw	4(r30),r2
 1075  00001b2c  20020030	addi	r2,r0,(#0x30)&0xff
 1076  00001b30  a0220000	sb	(r1),r2
 1077  00001b34  080000ec	j	L61_LF2
 1078  00001b38  54000000	nop; delay slot nop
 1079  00001b3c          	L62_LF2:
 1080  00001b3c  20010001	addi	r1,r0,#1
 1081  00001b40  afc1fff4	sw	-12(r30),r1
 1082  00001b44          	L64_LF2:
 1083  00001b44  8fc1fff4	lw	r1,-12(r30)
 1084  00001b48  8fc20000	lw	r2,(r30)
 1085  00001b4c  0022082c	sle	r1,r1,r2
 1086  00001b50  1420000c	bnez	r1,L66_LF2
 1087  00001b54  54000000	nop; delay slot nop
 1088  00001b58  08000024	j	L65_LF2
 1089  00001b5c  54000000	nop; delay slot nop
 1090  00001b60          	L67_LF2:
 1091  00001b60          	L66_LF2:
 1092  00001b60  8fc1fff4	lw	r1,-12(r30)
 1093  00001b64  00011820	add	r3,r0,r1
 1094  00001b68  50620002	slli	r2,r3,#0x2
 1095  00001b6c  00411020	add	r2,r2,r1
 1096  00001b70  50410001	slli	r1,r2,#0x1
 1097  00001b74  afc1fff4	sw	-12(r30),r1
 1098  00001b78  0bffffc8	j	L64_LF2
 1099  00001b7c  54000000	nop; delay slot nop
 1100  00001b80          	L65_LF2:
 1101  00001b80  54000000	nop
 1102  00001b84          	L68_LF2:
 1103  00001b84  8fc1fff4	lw	r1,-12(r30)
 1104  00001b88  2002000a	addi	r2,r0,#10
 1105  00001b8c  00200035	movi2fp	f0,r1
 1106  00001b90  00400835	movi2fp	f1,r2
 1107  00001b94  0401000f	div	f0,f0,f1
 1108  00001b98  00000834	movfp2i	r1,f0
 1109  00001b9c  afc1fff4	sw	-12(r30),r1
 1110  00001ba0  8fc10004	lw	r1,4(r30)
 1111  00001ba4  20220001	addi	r2,r1,#1
 1112  00001ba8  afc20004	sw	4(r30),r2
 1113  00001bac  8fc20000	lw	r2,(r30)
 1114  00001bb0  8fc3fff4	lw	r3,-12(r30)
 1115  00001bb4  00400035	movi2fp	f0,r2
 1116  00001bb8  00600835	movi2fp	f1,r3
 1117  00001bbc  0401000f	div	f0,f0,f1
 1118  00001bc0  00001034	movfp2i	r2,f0
 1119  00001bc4  00021820	add	r3,r0,r2
 1120  00001bc8  20620030	addi	r2,r3,#48
 1121  00001bcc  a0220000	sb	(r1),r2
 1122  00001bd0  8fc10000	lw	r1,(r30)
 1123  00001bd4  8fc3fff4	lw	r3,-12(r30)
 1124  00001bd8  00200035	movi2fp	f0,r1
 1125  00001bdc  00600835	movi2fp	f1,r3
 1126  00001be0  0401000f	div	f0,f0,f1
 1127  00001be4  00001034	movfp2i	r2,f0
 1128  00001be8  8fc3fff4	lw	r3,-12(r30)
 1129  00001bec  00400035	movi2fp	f0,r2
 1130  00001bf0  00600835	movi2fp	f1,r3
 1131  00001bf4  0401000e	mult	f0,f0,f1
 1132  00001bf8  00001034	movfp2i	r2,f0
 1133  00001bfc  00220822	sub	r1,r1,r2
 1134  00001c00  afc10000	sw	(r30),r1
 1135  00001c04          	L70_LF2:
 1136  00001c04  8fc1fff4	lw	r1,-12(r30)
 1137  00001c08  6c220001	sgti	r2,r1,#1
 1138  00001c0c  1440000c	bnez	r2,L71_LF2
 1139  00001c10  54000000	nop; delay slot nop
 1140  00001c14  0800000c	j	L61_LF2
 1141  00001c18  54000000	nop; delay slot nop
 1142  00001c1c          	L71_LF2:
 1143  00001c1c  0bffff64	j	L68_LF2
 1144  00001c20  54000000	nop; delay slot nop
 1145  00001c24          	L69_LF2:
 1146  00001c24          	L63_LF2:
 1147  00001c24          	L61_LF2:
 1148  00001c24  8fc10004	lw	r1,4(r30)
 1149  00001c28  20020000	addi	r2,r0,(#0x0)&0xff
 1150  00001c2c  a0220000	sb	(r1),r2
 1151  00001c30          	L59_LF2:
 1152  00001c30  8fa20000	lw	r2,0(r29)
 1153  00001c34  8fa30004	lw	r3,4(r29)
 1154  00001c38  8fdffff8	lw	r31,-8(r30)
 1155  00001c3c  001ee820	add	r29,r0,r30
 1156  00001c40  8fdefffc	lw	r30,-4(r30)
 1157  00001c44  4be00000	jr	r31
 1158  00001c48  54000000	nop
 1159  00001c4c          	.endproc _ditoa
 1160  00001c4c          	.align 2
 1161  00001c4c          	.proc _dstrtol
 1162  00001c4c          	.global _dstrtol
 1163  00001c4c          	_dstrtol:
 1164                      ;  Function 'dstrtol'; 16 bytes of locals, 1 regs to save.
 1165  00001c4c  afbefffc	sw	-4(r29),r30; push fp
 1166  00001c50  001df020	add	r30,r0,r29; fp = sp
 1167  00001c54  afbffff8	sw	-8(r29),r31; push ret addr
 1168  00001c58  2fbd0020	subui	r29,r29,#32; alloc local storage
 1169  00001c5c  afa20000	sw	0(r29),r2
 1170  00001c60  20010000	addi	r1,r0,#0
 1171  00001c64  afc1fff4	sw	-12(r30),r1
 1172  00001c68          	L73_LF2:
 1173  00001c68  8fc10000	lw	r1,(r30)
 1174  00001c6c  90220000	lbu	r2,(r1)
 1175  00001c70  60410020	seqi	r1,r2,#32
 1176  00001c74  14200034	bnez	r1,L75_LF2
 1177  00001c78  54000000	nop; delay slot nop
 1178  00001c7c  8fc10000	lw	r1,(r30)
 1179  00001c80  90220000	lbu	r2,(r1)
 1180  00001c84  60410009	seqi	r1,r2,#9
 1181  00001c88  14200020	bnez	r1,L75_LF2
 1182  00001c8c  54000000	nop; delay slot nop
 1183  00001c90  8fc10000	lw	r1,(r30)
 1184  00001c94  90220000	lbu	r2,(r1)
 1185  00001c98  6041000a	seqi	r1,r2,#10
 1186  00001c9c  1420000c	bnez	r1,L75_LF2
 1187  00001ca0  54000000	nop; delay slot nop
 1188  00001ca4  0800001c	j	L74_LF2
 1189  00001ca8  54000000	nop; delay slot nop
 1190  00001cac          	L75_LF2:
 1191  00001cac  8fc20000	lw	r2,(r30)
 1192  00001cb0  20410001	addi	r1,r2,#1
 1193  00001cb4  00011020	add	r2,r0,r1
 1194  00001cb8  afc20000	sw	(r30),r2
 1195  00001cbc  0bffffa8	j	L73_LF2
 1196  00001cc0  54000000	nop; delay slot nop
 1197  00001cc4          	L74_LF2:
 1198  00001cc4  8fc10004	lw	r1,4(r30)
 1199  00001cc8  64220000	snei	r2,r1,#0
 1200  00001ccc  10400010	beqz	r2,L76_LF2
 1201  00001cd0  54000000	nop; delay slot nop
 1202  00001cd4  8fc10004	lw	r1,4(r30)
 1203  00001cd8  8fc20000	lw	r2,(r30)
 1204  00001cdc  ac220000	sw	(r1),r2
 1205  00001ce0          	L76_LF2:
 1206  00001ce0  8fc10000	lw	r1,(r30)
 1207  00001ce4  90220000	lbu	r2,(r1)
 1208  00001ce8  64410000	snei	r1,r2,#0
 1209  00001cec  14200010	bnez	r1,L77_LF2
 1210  00001cf0  54000000	nop; delay slot nop
 1211  00001cf4  8fc1fff4	lw	r1,-12(r30)
 1212  00001cf8  08000294	j	L72_LF2
 1213  00001cfc  54000000	nop; delay slot nop
 1214  00001d00          	L77_LF2:
 1215  00001d00  8fc10000	lw	r1,(r30)
 1216  00001d04  90220000	lbu	r2,(r1)
 1217  00001d08  6041002d	seqi	r1,r2,#45
 1218  00001d0c  10200024	beqz	r1,L78_LF2
 1219  00001d10  54000000	nop; delay slot nop
 1220  00001d14  2001ffff	addi	r1,r0,#-1
 1221  00001d18  afc1ffec	sw	-20(r30),r1
 1222  00001d1c  8fc20000	lw	r2,(r30)
 1223  00001d20  20410001	addi	r1,r2,#1
 1224  00001d24  00011020	add	r2,r0,r1
 1225  00001d28  afc20000	sw	(r30),r2
 1226  00001d2c  0800000c	j	L79_LF2
 1227  00001d30  54000000	nop; delay slot nop
 1228  00001d34          	L78_LF2:
 1229  00001d34  20010001	addi	r1,r0,#1
 1230  00001d38  afc1ffec	sw	-20(r30),r1
 1231  00001d3c          	L79_LF2:
 1232  00001d3c  8fc10008	lw	r1,8(r30)
 1233  00001d40  64220000	snei	r2,r1,#0
 1234  00001d44  14400090	bnez	r2,L80_LF2
 1235  00001d48  54000000	nop; delay slot nop
 1236  00001d4c  8fc10000	lw	r1,(r30)
 1237  00001d50  90220000	lbu	r2,(r1)
 1238  00001d54  60410030	seqi	r1,r2,#48
 1239  00001d58  10200074	beqz	r1,L81_LF2
 1240  00001d5c  54000000	nop; delay slot nop
 1241  00001d60  8fc20000	lw	r2,(r30)
 1242  00001d64  20410001	addi	r1,r2,#1
 1243  00001d68  00011020	add	r2,r0,r1
 1244  00001d6c  afc20000	sw	(r30),r2
 1245  00001d70  8fc10000	lw	r1,(r30)
 1246  00001d74  90220000	lbu	r2,(r1)
 1247  00001d78  60410078	seqi	r1,r2,#120
 1248  00001d7c  14200020	bnez	r1,L83_LF2
 1249  00001d80  54000000	nop; delay slot nop
 1250  00001d84  8fc10000	lw	r1,(r30)
 1251  00001d88  90220000	lbu	r2,(r1)
 1252  00001d8c  60410058	seqi	r1,r2,#88
 1253  00001d90  1420000c	bnez	r1,L83_LF2
 1254  00001d94  54000000	nop; delay slot nop
 1255  00001d98  08000024	j	L82_LF2
 1256  00001d9c  54000000	nop; delay slot nop
 1257  00001da0          	L83_LF2:
 1258  00001da0  20010010	addi	r1,r0,#16
 1259  00001da4  afc10008	sw	8(r30),r1
 1260  00001da8  8fc20000	lw	r2,(r30)
 1261  00001dac  20410001	addi	r1,r2,#1
 1262  00001db0  00011020	add	r2,r0,r1
 1263  00001db4  afc20000	sw	(r30),r2
 1264  00001db8  0800000c	j	L84_LF2
 1265  00001dbc  54000000	nop; delay slot nop
 1266  00001dc0          	L82_LF2:
 1267  00001dc0  20010008	addi	r1,r0,#8
 1268  00001dc4  afc10008	sw	8(r30),r1
 1269  00001dc8          	L84_LF2:
 1270  00001dc8  0800000c	j	L80_LF2
 1271  00001dcc  54000000	nop; delay slot nop
 1272  00001dd0          	L81_LF2:
 1273  00001dd0  2001000a	addi	r1,r0,#10
 1274  00001dd4  afc10008	sw	8(r30),r1
 1275  00001dd8          	L85_LF2:
 1276  00001dd8          	L80_LF2:
 1277  00001dd8  8fc10008	lw	r1,8(r30)
 1278  00001ddc  70220000	slei	r2,r1,#0
 1279  00001de0  1440001c	bnez	r2,L87_LF2
 1280  00001de4  54000000	nop; delay slot nop
 1281  00001de8  8fc10008	lw	r1,8(r30)
 1282  00001dec  6c220010	sgti	r2,r1,#16
 1283  00001df0  1440000c	bnez	r2,L87_LF2
 1284  00001df4  54000000	nop; delay slot nop
 1285  00001df8  08000010	j	L86_LF2
 1286  00001dfc  54000000	nop; delay slot nop
 1287  00001e00          	L87_LF2:
 1288  00001e00  8fc1fff4	lw	r1,-12(r30)
 1289  00001e04  08000188	j	L72_LF2
 1290  00001e08  54000000	nop; delay slot nop
 1291  00001e0c          	L86_LF2:
 1292  00001e0c  54000000	nop
 1293  00001e10          	L88_LF2:
 1294  00001e10  8fc10000	lw	r1,(r30)
 1295  00001e14  90220000	lbu	r2,(r1)
 1296  00001e18  6c41002f	sgtui	r1,r2,#47
 1297  00001e1c  10200030	beqz	r1,L91_LF2
 1298  00001e20  54000000	nop; delay slot nop
 1299  00001e24  8fc10000	lw	r1,(r30)
 1300  00001e28  90220000	lbu	r2,(r1)
 1301  00001e2c  70410039	sleui	r1,r2,#57
 1302  00001e30  1020001c	beqz	r1,L91_LF2
 1303  00001e34  54000000	nop; delay slot nop
 1304  00001e38  8fc10000	lw	r1,(r30)
 1305  00001e3c  90220000	lbu	r2,(r1)
 1306  00001e40  2041ffd0	addi	r1,r2,#-48
 1307  00001e44  afc1fff0	sw	-16(r30),r1
 1308  00001e48  0800008c	j	L92_LF2
 1309  00001e4c  54000000	nop; delay slot nop
 1310  00001e50          	L91_LF2:
 1311  00001e50  8fc10000	lw	r1,(r30)
 1312  00001e54  90220000	lbu	r2,(r1)
 1313  00001e58  6c410060	sgtui	r1,r2,#96
 1314  00001e5c  10200030	beqz	r1,L93_LF2
 1315  00001e60  54000000	nop; delay slot nop
 1316  00001e64  8fc10000	lw	r1,(r30)
 1317  00001e68  90220000	lbu	r2,(r1)
 1318  00001e6c  7041007a	sleui	r1,r2,#122
 1319  00001e70  1020001c	beqz	r1,L93_LF2
 1320  00001e74  54000000	nop; delay slot nop
 1321  00001e78  8fc10000	lw	r1,(r30)
 1322  00001e7c  90220000	lbu	r2,(r1)
 1323  00001e80  2041ffa9	addi	r1,r2,#-87
 1324  00001e84  afc1fff0	sw	-16(r30),r1
 1325  00001e88  0800004c	j	L92_LF2
 1326  00001e8c  54000000	nop; delay slot nop
 1327  00001e90          	L93_LF2:
 1328  00001e90  8fc10000	lw	r1,(r30)
 1329  00001e94  90220000	lbu	r2,(r1)
 1330  00001e98  6c410040	sgtui	r1,r2,#64
 1331  00001e9c  10200030	beqz	r1,L95_LF2
 1332  00001ea0  54000000	nop; delay slot nop
 1333  00001ea4  8fc10000	lw	r1,(r30)
 1334  00001ea8  90220000	lbu	r2,(r1)
 1335  00001eac  7041005a	sleui	r1,r2,#90
 1336  00001eb0  1020001c	beqz	r1,L95_LF2
 1337  00001eb4  54000000	nop; delay slot nop
 1338  00001eb8  8fc10000	lw	r1,(r30)
 1339  00001ebc  90220000	lbu	r2,(r1)
 1340  00001ec0  2041ffc9	addi	r1,r2,#-55
 1341  00001ec4  afc1fff0	sw	-16(r30),r1
 1342  00001ec8  0800000c	j	L92_LF2
 1343  00001ecc  54000000	nop; delay slot nop
 1344  00001ed0          	L95_LF2:
 1345  00001ed0  200103e8	addi	r1,r0,#1000
 1346  00001ed4  afc1fff0	sw	-16(r30),r1
 1347  00001ed8          	L96_LF2:
 1348  00001ed8          	L94_LF2:
 1349  00001ed8          	L92_LF2:
 1350  00001ed8  8fc1fff0	lw	r1,-16(r30)
 1351  00001edc  8fc20008	lw	r2,8(r30)
 1352  00001ee0  0022082a	slt	r1,r1,r2
 1353  00001ee4  10200040	beqz	r1,L90_LF2
 1354  00001ee8  54000000	nop; delay slot nop
 1355  00001eec  8fc1fff4	lw	r1,-12(r30)
 1356  00001ef0  8fc20008	lw	r2,8(r30)
 1357  00001ef4  00200035	movi2fp	f0,r1
 1358  00001ef8  00400835	movi2fp	f1,r2
 1359  00001efc  0401000e	mult	f0,f0,f1
 1360  00001f00  00000834	movfp2i	r1,f0
 1361  00001f04  afc1fff4	sw	-12(r30),r1
 1362  00001f08  8fc1fff4	lw	r1,-12(r30)
 1363  00001f0c  8fc2fff0	lw	r2,-16(r30)
 1364  00001f10  00220820	add	r1,r1,r2
 1365  00001f14  afc1fff4	sw	-12(r30),r1
 1366  00001f18  8fc20000	lw	r2,(r30)
 1367  00001f1c  20410001	addi	r1,r2,#1
 1368  00001f20  00011020	add	r2,r0,r1
 1369  00001f24  afc20000	sw	(r30),r2
 1370  00001f28          	L97_LF2:
 1371  00001f28          	L90_LF2:
 1372  00001f28  8fc1fff0	lw	r1,-16(r30)
 1373  00001f2c  8fc20008	lw	r2,8(r30)
 1374  00001f30  0022082a	slt	r1,r1,r2
 1375  00001f34  1420000c	bnez	r1,L98_LF2
 1376  00001f38  54000000	nop; delay slot nop
 1377  00001f3c  0800000c	j	L89_LF2
 1378  00001f40  54000000	nop; delay slot nop
 1379  00001f44          	L98_LF2:
 1380  00001f44  0bfffec8	j	L88_LF2
 1381  00001f48  54000000	nop; delay slot nop
 1382  00001f4c          	L89_LF2:
 1383  00001f4c  8fc10004	lw	r1,4(r30)
 1384  00001f50  64220000	snei	r2,r1,#0
 1385  00001f54  10400010	beqz	r2,L99_LF2
 1386  00001f58  54000000	nop; delay slot nop
 1387  00001f5c  8fc10004	lw	r1,4(r30)
 1388  00001f60  8fc20000	lw	r2,(r30)
 1389  00001f64  ac220000	sw	(r1),r2
 1390  00001f68          	L99_LF2:
 1391  00001f68  8fc1fff4	lw	r1,-12(r30)
 1392  00001f6c  8fc2ffec	lw	r2,-20(r30)
 1393  00001f70  00200035	movi2fp	f0,r1
 1394  00001f74  00400835	movi2fp	f1,r2
 1395  00001f78  0401000e	mult	f0,f0,f1
 1396  00001f7c  00000834	movfp2i	r1,f0
 1397  00001f80  afc1fff4	sw	-12(r30),r1
 1398  00001f84  8fc1fff4	lw	r1,-12(r30)
 1399  00001f88  08000004	j	L72_LF2
 1400  00001f8c  54000000	nop; delay slot nop
 1401  00001f90          	L72_LF2:
 1402  00001f90  8fa20000	lw	r2,0(r29)
 1403  00001f94  8fdffff8	lw	r31,-8(r30)
 1404  00001f98  001ee820	add	r29,r0,r30
 1405  00001f9c  8fdefffc	lw	r30,-4(r30)
 1406  00001fa0  4be00000	jr	r31
 1407  00001fa4  54000000	nop
 1408  00001fa8          	.endproc _dstrtol
 1409  00001fa8          	.align 2
 1410  00001fa8          	.proc _bcopy
 1411  00001fa8          	.global _bcopy
 1412  00001fa8          	_bcopy:
 1413                      ;  Function 'bcopy'; 0 bytes of locals, 2 regs to save.
 1414  00001fa8  afbefffc	sw	-4(r29),r30; push fp
 1415  00001fac  001df020	add	r30,r0,r29; fp = sp
 1416  00001fb0  afbffff8	sw	-8(r29),r31; push ret addr
 1417  00001fb4  2fbd0010	subui	r29,r29,#16; alloc local storage
 1418  00001fb8  afa20000	sw	0(r29),r2
 1419  00001fbc  afa30004	sw	4(r29),r3
 1420  00001fc0  54000000	nop
 1421  00001fc4          	L101_LF2:
 1422  00001fc4  8fc10008	lw	r1,8(r30)
 1423  00001fc8  2022ffff	addi	r2,r1,#-1
 1424  00001fcc  afc20008	sw	8(r30),r2
 1425  00001fd0  6c210000	sgti	r1,r1,#0
 1426  00001fd4  1420000c	bnez	r1,L103_LF2
 1427  00001fd8  54000000	nop; delay slot nop
 1428  00001fdc  0800002c	j	L102_LF2
 1429  00001fe0  54000000	nop; delay slot nop
 1430  00001fe4          	L103_LF2:
 1431  00001fe4  8fc10004	lw	r1,4(r30)
 1432  00001fe8  20220001	addi	r2,r1,#1
 1433  00001fec  afc20004	sw	4(r30),r2
 1434  00001ff0  8fc20000	lw	r2,(r30)
 1435  00001ff4  20430001	addi	r3,r2,#1
 1436  00001ff8  afc30000	sw	(r30),r3
 1437  00001ffc  80420000	lb	r2,(r2)
 1438  00002000  a0220000	sb	(r1),r2
 1439  00002004  0bffffbc	j	L101_LF2
 1440  00002008  54000000	nop; delay slot nop
 1441  0000200c          	L102_LF2:
 1442  0000200c          	L100_LF2:
 1443  0000200c  8fa20000	lw	r2,0(r29)
 1444  00002010  8fa30004	lw	r3,4(r29)
 1445  00002014  8fdffff8	lw	r31,-8(r30)
 1446  00002018  001ee820	add	r29,r0,r30
 1447  0000201c  8fdefffc	lw	r30,-4(r30)
 1448  00002020  4be00000	jr	r31
 1449  00002024  54000000	nop
 1450  00002028          	.endproc _bcopy
 1451  00002028          	.align 2
 1452  00002028          	.proc _bzero
 1453  00002028          	.global _bzero
 1454  00002028          	_bzero:
 1455                      ;  Function 'bzero'; 0 bytes of locals, 1 regs to save.
 1456  00002028  afbefffc	sw	-4(r29),r30; push fp
 1457  0000202c  001df020	add	r30,r0,r29; fp = sp
 1458  00002030  afbffff8	sw	-8(r29),r31; push ret addr
 1459  00002034  2fbd0010	subui	r29,r29,#16; alloc local storage
 1460  00002038  afa20000	sw	0(r29),r2
 1461  0000203c  54000000	nop
 1462  00002040          	L105_LF2:
 1463  00002040  8fc10004	lw	r1,4(r30)
 1464  00002044  2022ffff	addi	r2,r1,#-1
 1465  00002048  afc20004	sw	4(r30),r2
 1466  0000204c  6c210000	sgti	r1,r1,#0
 1467  00002050  1420000c	bnez	r1,L107_LF2
 1468  00002054  54000000	nop; delay slot nop
 1469  00002058  08000020	j	L106_LF2
 1470  0000205c  54000000	nop; delay slot nop
 1471  00002060          	L107_LF2:
 1472  00002060  8fc10000	lw	r1,(r30)
 1473  00002064  20220001	addi	r2,r1,#1
 1474  00002068  afc20000	sw	(r30),r2
 1475  0000206c  20020000	addi	r2,r0,(#0x0)&0xff
 1476  00002070  a0220000	sb	(r1),r2
 1477  00002074  0bffffc8	j	L105_LF2
 1478  00002078  54000000	nop; delay slot nop
 1479  0000207c          	L106_LF2:
 1480  0000207c          	L104_LF2:
 1481  0000207c  8fa20000	lw	r2,0(r29)
 1482  00002080  8fdffff8	lw	r31,-8(r30)
 1483  00002084  001ee820	add	r29,r0,r30
 1484  00002088  8fdefffc	lw	r30,-4(r30)
 1485  0000208c  4be00000	jr	r31
 1486  00002090  54000000	nop
 1487  00002094          	.endproc _bzero
 1488  00002094          	.align 2
 1489  00002094          	.proc _min
 1490  00002094          	.global _min
 1491  00002094          	_min:
 1492                      ;  Function 'min'; 0 bytes of locals, 2 regs to save.
 1493  00002094  afbefffc	sw	-4(r29),r30; push fp
 1494  00002098  001df020	add	r30,r0,r29; fp = sp
 1495  0000209c  afbffff8	sw	-8(r29),r31; push ret addr
 1496  000020a0  2fbd0010	subui	r29,r29,#16; alloc local storage
 1497  000020a4  afa20000	sw	0(r29),r2
 1498  000020a8  afa30004	sw	4(r29),r3
 1499  000020ac  8fc10000	lw	r1,(r30)
 1500  000020b0  8fc20004	lw	r2,4(r30)
 1501  000020b4  0022182c	sle	r3,r1,r2
 1502  000020b8  14600008	bnez	r3,L109_LF2
 1503  000020bc  54000000	nop; delay slot nop
 1504  000020c0  8fc10004	lw	r1,4(r30)
 1505  000020c4          	L109_LF2:
 1506  000020c4  08000004	j	L108_LF2
 1507  000020c8  54000000	nop; delay slot nop
 1508  000020cc          	L108_LF2:
 1509  000020cc  8fa20000	lw	r2,0(r29)
 1510  000020d0  8fa30004	lw	r3,4(r29)
 1511  000020d4  8fdffff8	lw	r31,-8(r30)
 1512  000020d8  001ee820	add	r29,r0,r30
 1513  000020dc  8fdefffc	lw	r30,-4(r30)
 1514  000020e0  4be00000	jr	r31
 1515  000020e4  54000000	nop
 1516  000020e8          	.endproc _min
 1517  000020e8          	.align 2
 1518  000020e8          	.proc _max
 1519  000020e8          	.global _max
 1520  000020e8          	_max:
 1521                      ;  Function 'max'; 0 bytes of locals, 2 regs to save.
 1522  000020e8  afbefffc	sw	-4(r29),r30; push fp
 1523  000020ec  001df020	add	r30,r0,r29; fp = sp
 1524  000020f0  afbffff8	sw	-8(r29),r31; push ret addr
 1525  000020f4  2fbd0010	subui	r29,r29,#16; alloc local storage
 1526  000020f8  afa20000	sw	0(r29),r2
 1527  000020fc  afa30004	sw	4(r29),r3
 1528  00002100  8fc10000	lw	r1,(r30)
 1529  00002104  8fc20004	lw	r2,4(r30)
 1530  00002108  0022182d	sge	r3,r1,r2
 1531  0000210c  14600008	bnez	r3,L111_LF2
 1532  00002110  54000000	nop; delay slot nop
 1533  00002114  8fc10004	lw	r1,4(r30)
 1534  00002118          	L111_LF2:
 1535  00002118  08000004	j	L110_LF2
 1536  0000211c  54000000	nop; delay slot nop
 1537  00002120          	L110_LF2:
 1538  00002120  8fa20000	lw	r2,0(r29)
 1539  00002124  8fa30004	lw	r3,4(r29)
 1540  00002128  8fdffff8	lw	r31,-8(r30)
 1541  0000212c  001ee820	add	r29,r0,r30
 1542  00002130  8fdefffc	lw	r30,-4(r30)
 1543  00002134  4be00000	jr	r31
 1544  00002138  54000000	nop
 1545  0000213c          	.endproc _max
 1546                      ;;; Ethan L. Miller, 1999.  Released to the public domain
 1547                      ;;;
 1548                      ;;; Most of the traps are called in files from libtraps.
 1551  0000213c          	.align 2
 1552  0000213c          	.proc _exit
 1553  0000213c          	.global _exit
 1554  0000213c          	_exit:
 1555  0000213c  44000300	trap	#0x300
 1556  00002140  4be00000	jr	r31
 1557  00002144  54000000	nop
 1558  00002148          	.endproc _exit
 1560                      ; for the benefit of gcc.
 1561  00002148          	.proc ___main
 1562  00002148          	.global ___main
 1563  00002148          	___main:
 1564  00002148  4be00000	jr	r31
 1565  0000214c  54000000	nop
 1566  00002150          	.endproc ___main
 1567  00002150          	.text
 1568  00002150          	.global _etext
 1569  00002150          	_etext:
 1570  00002150          	.align 3
 1571  00002150          	.data
 1572  000030d0          	.global _edata
 1573  000030d0          	_edata:
